Resource: file:/Users/brunoguedes/RafaelPOC/sample-data/forum_hasModerator_person_0_0.csv
Position: 129
Source: 343597383835|8796093022252\u000a
com.datastax.dsbulk.engine.internal.schema.InvalidMappingException: Required field forum_id (mapped to column forum_id) was missing from record. Please remove it from the mapping or set schema.allowMissingFields to true.
	at com.datastax.dsbulk.engine.internal.schema.InvalidMappingException.missingField(InvalidMappingException.java:38)
	at com.datastax.dsbulk.engine.internal.schema.DefaultRecordMapper.ensureAllFieldsPresent(DefaultRecordMapper.java:185)
	at com.datastax.dsbulk.engine.internal.schema.DefaultRecordMapper.map(DefaultRecordMapper.java:106)
	at java.lang.Thread.run(Thread.java:748) [22 skipped]

Resource: file:/Users/brunoguedes/RafaelPOC/sample-data/forum_hasModerator_person_0_0.csv
Position: 1
Source: 274877906944|8796093022220\u000a
com.datastax.dsbulk.engine.internal.schema.InvalidMappingException: Required field forum_id (mapped to column forum_id) was missing from record. Please remove it from the mapping or set schema.allowMissingFields to true.
	at com.datastax.dsbulk.engine.internal.schema.InvalidMappingException.missingField(InvalidMappingException.java:38)
	at com.datastax.dsbulk.engine.internal.schema.DefaultRecordMapper.ensureAllFieldsPresent(DefaultRecordMapper.java:185)
	at com.datastax.dsbulk.engine.internal.schema.DefaultRecordMapper.map(DefaultRecordMapper.java:106)
	at java.lang.Thread.run(Thread.java:748) [22 skipped]

Resource: file:/Users/brunoguedes/RafaelPOC/sample-data/forum_hasModerator_person_0_0.csv
Position: 2
Source: 343597383681|8796093022220\u000a
com.datastax.dsbulk.engine.internal.schema.InvalidMappingException: Required field forum_id (mapped to column forum_id) was missing from record. Please remove it from the mapping or set schema.allowMissingFields to true.
	at com.datastax.dsbulk.engine.internal.schema.InvalidMappingException.missingField(InvalidMappingException.java:38)
	at com.datastax.dsbulk.engine.internal.schema.DefaultRecordMapper.ensureAllFieldsPresent(DefaultRecordMapper.java:185)
	at com.datastax.dsbulk.engine.internal.schema.DefaultRecordMapper.map(DefaultRecordMapper.java:106)
	at java.lang.Thread.run(Thread.java:748) [22 skipped]

Resource: file:/Users/brunoguedes/RafaelPOC/sample-data/forum_hasModerator_person_0_0.csv
Position: 130
Source: 274877907100|8796093022238\u000a
com.datastax.dsbulk.engine.internal.schema.InvalidMappingException: Required field forum_id (mapped to column forum_id) was missing from record. Please remove it from the mapping or set schema.allowMissingFields to true.
	at com.datastax.dsbulk.engine.internal.schema.InvalidMappingException.missingField(InvalidMappingException.java:38)
	at com.datastax.dsbulk.engine.internal.schema.DefaultRecordMapper.ensureAllFieldsPresent(DefaultRecordMapper.java:185)
	at com.datastax.dsbulk.engine.internal.schema.DefaultRecordMapper.map(DefaultRecordMapper.java:106)
	at java.lang.Thread.run(Thread.java:748) [22 skipped]

Resource: file:/Users/brunoguedes/RafaelPOC/sample-data/forum_hasModerator_person_0_0.csv
Position: 3
Source: 343597383682|8796093022220\u000a
com.datastax.dsbulk.engine.internal.schema.InvalidMappingException: Required field forum_id (mapped to column forum_id) was missing from record. Please remove it from the mapping or set schema.allowMissingFields to true.
	at com.datastax.dsbulk.engine.internal.schema.InvalidMappingException.missingField(InvalidMappingException.java:38)
	at com.datastax.dsbulk.engine.internal.schema.DefaultRecordMapper.ensureAllFieldsPresent(DefaultRecordMapper.java:185)
	at com.datastax.dsbulk.engine.internal.schema.DefaultRecordMapper.map(DefaultRecordMapper.java:106)
	at java.lang.Thread.run(Thread.java:748) [22 skipped]

Resource: file:/Users/brunoguedes/RafaelPOC/sample-data/forum_hasModerator_person_0_0.csv
Position: 131
Source: 68719476895|2199023255580\u000a
com.datastax.dsbulk.engine.internal.schema.InvalidMappingException: Required field forum_id (mapped to column forum_id) was missing from record. Please remove it from the mapping or set schema.allowMissingFields to true.
	at com.datastax.dsbulk.engine.internal.schema.InvalidMappingException.missingField(InvalidMappingException.java:38)
	at com.datastax.dsbulk.engine.internal.schema.DefaultRecordMapper.ensureAllFieldsPresent(DefaultRecordMapper.java:185)
	at com.datastax.dsbulk.engine.internal.schema.DefaultRecordMapper.map(DefaultRecordMapper.java:106)
	at java.lang.Thread.run(Thread.java:748) [22 skipped]

Resource: file:/Users/brunoguedes/RafaelPOC/sample-data/forum_hasModerator_person_0_0.csv
Position: 4
Source: 343597383683|8796093022220\u000a
com.datastax.dsbulk.engine.internal.schema.InvalidMappingException: Required field forum_id (mapped to column forum_id) was missing from record. Please remove it from the mapping or set schema.allowMissingFields to true.
	at com.datastax.dsbulk.engine.internal.schema.InvalidMappingException.missingField(InvalidMappingException.java:38)
	at com.datastax.dsbulk.engine.internal.schema.DefaultRecordMapper.ensureAllFieldsPresent(DefaultRecordMapper.java:185)
	at com.datastax.dsbulk.engine.internal.schema.DefaultRecordMapper.map(DefaultRecordMapper.java:106)
	at java.lang.Thread.run(Thread.java:748) [22 skipped]

Resource: file:/Users/brunoguedes/RafaelPOC/sample-data/forum_hasModerator_person_0_0.csv
Position: 132
Source: 274877907104|8796093022246\u000a
com.datastax.dsbulk.engine.internal.schema.InvalidMappingException: Required field forum_id (mapped to column forum_id) was missing from record. Please remove it from the mapping or set schema.allowMissingFields to true.
	at com.datastax.dsbulk.engine.internal.schema.InvalidMappingException.missingField(InvalidMappingException.java:38)
	at com.datastax.dsbulk.engine.internal.schema.DefaultRecordMapper.ensureAllFieldsPresent(DefaultRecordMapper.java:185)
	at com.datastax.dsbulk.engine.internal.schema.DefaultRecordMapper.map(DefaultRecordMapper.java:106)
	at java.lang.Thread.run(Thread.java:748) [22 skipped]

Resource: file:/Users/brunoguedes/RafaelPOC/sample-data/forum_hasModerator_person_0_0.csv
Position: 5
Source: 68719476740|2199023255591\u000a
com.datastax.dsbulk.engine.internal.schema.InvalidMappingException: Required field forum_id (mapped to column forum_id) was missing from record. Please remove it from the mapping or set schema.allowMissingFields to true.
	at com.datastax.dsbulk.engine.internal.schema.InvalidMappingException.missingField(InvalidMappingException.java:38)
	at com.datastax.dsbulk.engine.internal.schema.DefaultRecordMapper.ensureAllFieldsPresent(DefaultRecordMapper.java:185)
	at com.datastax.dsbulk.engine.internal.schema.DefaultRecordMapper.map(DefaultRecordMapper.java:106)
	at java.lang.Thread.run(Thread.java:748) [22 skipped]

Resource: file:/Users/brunoguedes/RafaelPOC/sample-data/forum_hasModerator_person_0_0.csv
Position: 6
Source: 137438953477|4398046511124\u000a
com.datastax.dsbulk.engine.internal.schema.InvalidMappingException: Required field forum_id (mapped to column forum_id) was missing from record. Please remove it from the mapping or set schema.allowMissingFields to true.
	at com.datastax.dsbulk.engine.internal.schema.InvalidMappingException.missingField(InvalidMappingException.java:38)
	at com.datastax.dsbulk.engine.internal.schema.DefaultRecordMapper.ensureAllFieldsPresent(DefaultRecordMapper.java:185)
	at com.datastax.dsbulk.engine.internal.schema.DefaultRecordMapper.map(DefaultRecordMapper.java:106)
	at java.lang.Thread.run(Thread.java:748) [22 skipped]

Resource: file:/Users/brunoguedes/RafaelPOC/sample-data/forum_hasModerator_person_0_0.csv
Position: 7
Source: 137438953478|4398046511105\u000a
com.datastax.dsbulk.engine.internal.schema.InvalidMappingException: Required field forum_id (mapped to column forum_id) was missing from record. Please remove it from the mapping or set schema.allowMissingFields to true.
	at com.datastax.dsbulk.engine.internal.schema.InvalidMappingException.missingField(InvalidMappingException.java:38)
	at com.datastax.dsbulk.engine.internal.schema.DefaultRecordMapper.ensureAllFieldsPresent(DefaultRecordMapper.java:185)
	at com.datastax.dsbulk.engine.internal.schema.DefaultRecordMapper.map(DefaultRecordMapper.java:106)
	at java.lang.Thread.run(Thread.java:748) [22 skipped]

Resource: file:/Users/brunoguedes/RafaelPOC/sample-data/forum_hasModerator_person_0_0.csv
Position: 8
Source: 274877906951|8796093022239\u000a
com.datastax.dsbulk.engine.internal.schema.InvalidMappingException: Required field forum_id (mapped to column forum_id) was missing from record. Please remove it from the mapping or set schema.allowMissingFields to true.
	at com.datastax.dsbulk.engine.internal.schema.InvalidMappingException.missingField(InvalidMappingException.java:38)
	at com.datastax.dsbulk.engine.internal.schema.DefaultRecordMapper.ensureAllFieldsPresent(DefaultRecordMapper.java:185)
	at com.datastax.dsbulk.engine.internal.schema.DefaultRecordMapper.map(DefaultRecordMapper.java:106)
	at java.lang.Thread.run(Thread.java:748) [22 skipped]

Resource: file:/Users/brunoguedes/RafaelPOC/sample-data/forum_hasModerator_person_0_0.csv
Position: 9
Source: 274877906952|8796093022239\u000a
com.datastax.dsbulk.engine.internal.schema.InvalidMappingException: Required field forum_id (mapped to column forum_id) was missing from record. Please remove it from the mapping or set schema.allowMissingFields to true.
	at com.datastax.dsbulk.engine.internal.schema.InvalidMappingException.missingField(InvalidMappingException.java:38)
	at com.datastax.dsbulk.engine.internal.schema.DefaultRecordMapper.ensureAllFieldsPresent(DefaultRecordMapper.java:185)
	at com.datastax.dsbulk.engine.internal.schema.DefaultRecordMapper.map(DefaultRecordMapper.java:106)
	at java.lang.Thread.run(Thread.java:748) [22 skipped]

Resource: file:/Users/brunoguedes/RafaelPOC/sample-data/forum_hasModerator_person_0_0.csv
Position: 10
Source: 274877906954|8796093022239\u000a
com.datastax.dsbulk.engine.internal.schema.InvalidMappingException: Required field forum_id (mapped to column forum_id) was missing from record. Please remove it from the mapping or set schema.allowMissingFields to true.
	at com.datastax.dsbulk.engine.internal.schema.InvalidMappingException.missingField(InvalidMappingException.java:38)
	at com.datastax.dsbulk.engine.internal.schema.DefaultRecordMapper.ensureAllFieldsPresent(DefaultRecordMapper.java:185)
	at com.datastax.dsbulk.engine.internal.schema.DefaultRecordMapper.map(DefaultRecordMapper.java:106)
	at java.lang.Thread.run(Thread.java:748) [22 skipped]

Resource: file:/Users/brunoguedes/RafaelPOC/sample-data/forum_hasModerator_person_0_0.csv
Position: 11
Source: 274877906956|8796093022222\u000a
com.datastax.dsbulk.engine.internal.schema.InvalidMappingException: Required field forum_id (mapped to column forum_id) was missing from record. Please remove it from the mapping or set schema.allowMissingFields to true.
	at com.datastax.dsbulk.engine.internal.schema.InvalidMappingException.missingField(InvalidMappingException.java:38)
	at com.datastax.dsbulk.engine.internal.schema.DefaultRecordMapper.ensureAllFieldsPresent(DefaultRecordMapper.java:185)
	at com.datastax.dsbulk.engine.internal.schema.DefaultRecordMapper.map(DefaultRecordMapper.java:106)
	at java.lang.Thread.run(Thread.java:748) [22 skipped]

Resource: file:/Users/brunoguedes/RafaelPOC/sample-data/forum_hasModerator_person_0_0.csv
Position: 12
Source: 274877906957|8796093022222\u000a
com.datastax.dsbulk.engine.internal.schema.InvalidMappingException: Required field forum_id (mapped to column forum_id) was missing from record. Please remove it from the mapping or set schema.allowMissingFields to true.
	at com.datastax.dsbulk.engine.internal.schema.InvalidMappingException.missingField(InvalidMappingException.java:38)
	at com.datastax.dsbulk.engine.internal.schema.DefaultRecordMapper.ensureAllFieldsPresent(DefaultRecordMapper.java:185)
	at com.datastax.dsbulk.engine.internal.schema.DefaultRecordMapper.map(DefaultRecordMapper.java:106)
	at java.lang.Thread.run(Thread.java:748) [22 skipped]

Resource: file:/Users/brunoguedes/RafaelPOC/sample-data/forum_hasModerator_person_0_0.csv
Position: 13
Source: 343597383696|8796093022222\u000a
com.datastax.dsbulk.engine.internal.schema.InvalidMappingException: Required field forum_id (mapped to column forum_id) was missing from record. Please remove it from the mapping or set schema.allowMissingFields to true.
	at com.datastax.dsbulk.engine.internal.schema.InvalidMappingException.missingField(InvalidMappingException.java:38)
	at com.datastax.dsbulk.engine.internal.schema.DefaultRecordMapper.ensureAllFieldsPresent(DefaultRecordMapper.java:185)
	at com.datastax.dsbulk.engine.internal.schema.DefaultRecordMapper.map(DefaultRecordMapper.java:106)
	at java.lang.Thread.run(Thread.java:748) [22 skipped]

Resource: file:/Users/brunoguedes/RafaelPOC/sample-data/forum_hasModerator_person_0_0.csv
Position: 14
Source: 343597383697|10995116277794\u000a
com.datastax.dsbulk.engine.internal.schema.InvalidMappingException: Required field forum_id (mapped to column forum_id) was missing from record. Please remove it from the mapping or set schema.allowMissingFields to true.
	at com.datastax.dsbulk.engine.internal.schema.InvalidMappingException.missingField(InvalidMappingException.java:38)
	at com.datastax.dsbulk.engine.internal.schema.DefaultRecordMapper.ensureAllFieldsPresent(DefaultRecordMapper.java:185)
	at com.datastax.dsbulk.engine.internal.schema.DefaultRecordMapper.map(DefaultRecordMapper.java:106)
	at java.lang.Thread.run(Thread.java:748) [22 skipped]

Resource: file:/Users/brunoguedes/RafaelPOC/sample-data/forum_hasModerator_person_0_0.csv
Position: 15
Source: 19|48\u000a
com.datastax.dsbulk.engine.internal.schema.InvalidMappingException: Required field forum_id (mapped to column forum_id) was missing from record. Please remove it from the mapping or set schema.allowMissingFields to true.
	at com.datastax.dsbulk.engine.internal.schema.InvalidMappingException.missingField(InvalidMappingException.java:38)
	at com.datastax.dsbulk.engine.internal.schema.DefaultRecordMapper.ensureAllFieldsPresent(DefaultRecordMapper.java:185)
	at com.datastax.dsbulk.engine.internal.schema.DefaultRecordMapper.map(DefaultRecordMapper.java:106)
	at java.lang.Thread.run(Thread.java:748) [22 skipped]

Resource: file:/Users/brunoguedes/RafaelPOC/sample-data/forum_hasModerator_person_0_0.csv
Position: 16
Source: 206158430228|48\u000a
com.datastax.dsbulk.engine.internal.schema.InvalidMappingException: Required field forum_id (mapped to column forum_id) was missing from record. Please remove it from the mapping or set schema.allowMissingFields to true.
	at com.datastax.dsbulk.engine.internal.schema.InvalidMappingException.missingField(InvalidMappingException.java:38)
	at com.datastax.dsbulk.engine.internal.schema.DefaultRecordMapper.ensureAllFieldsPresent(DefaultRecordMapper.java:185)
	at com.datastax.dsbulk.engine.internal.schema.DefaultRecordMapper.map(DefaultRecordMapper.java:106)
	at java.lang.Thread.run(Thread.java:748) [22 skipped]

Resource: file:/Users/brunoguedes/RafaelPOC/sample-data/forum_hasModerator_person_0_0.csv
Position: 17
Source: 343597383701|48\u000a
com.datastax.dsbulk.engine.internal.schema.InvalidMappingException: Required field forum_id (mapped to column forum_id) was missing from record. Please remove it from the mapping or set schema.allowMissingFields to true.
	at com.datastax.dsbulk.engine.internal.schema.InvalidMappingException.missingField(InvalidMappingException.java:38)
	at com.datastax.dsbulk.engine.internal.schema.DefaultRecordMapper.ensureAllFieldsPresent(DefaultRecordMapper.java:185)
	at com.datastax.dsbulk.engine.internal.schema.DefaultRecordMapper.map(DefaultRecordMapper.java:106)
	at java.lang.Thread.run(Thread.java:748) [22 skipped]

Resource: file:/Users/brunoguedes/RafaelPOC/sample-data/forum_hasModerator_person_0_0.csv
Position: 18
Source: 206158430230|48\u000a
com.datastax.dsbulk.engine.internal.schema.InvalidMappingException: Required field forum_id (mapped to column forum_id) was missing from record. Please remove it from the mapping or set schema.allowMissingFields to true.
	at com.datastax.dsbulk.engine.internal.schema.InvalidMappingException.missingField(InvalidMappingException.java:38)
	at com.datastax.dsbulk.engine.internal.schema.DefaultRecordMapper.ensureAllFieldsPresent(DefaultRecordMapper.java:185)
	at com.datastax.dsbulk.engine.internal.schema.DefaultRecordMapper.map(DefaultRecordMapper.java:106)
	at java.lang.Thread.run(Thread.java:748) [22 skipped]

Resource: file:/Users/brunoguedes/RafaelPOC/sample-data/forum_hasModerator_person_0_0.csv
Position: 19
Source: 274877906967|48\u000a
com.datastax.dsbulk.engine.internal.schema.InvalidMappingException: Required field forum_id (mapped to column forum_id) was missing from record. Please remove it from the mapping or set schema.allowMissingFields to true.
	at com.datastax.dsbulk.engine.internal.schema.InvalidMappingException.missingField(InvalidMappingException.java:38)
	at com.datastax.dsbulk.engine.internal.schema.DefaultRecordMapper.ensureAllFieldsPresent(DefaultRecordMapper.java:185)
	at com.datastax.dsbulk.engine.internal.schema.DefaultRecordMapper.map(DefaultRecordMapper.java:106)
	at java.lang.Thread.run(Thread.java:748) [22 skipped]

Resource: file:/Users/brunoguedes/RafaelPOC/sample-data/forum_hasModerator_person_0_0.csv
Position: 20
Source: 68719476760|48\u000a
com.datastax.dsbulk.engine.internal.schema.InvalidMappingException: Required field forum_id (mapped to column forum_id) was missing from record. Please remove it from the mapping or set schema.allowMissingFields to true.
	at com.datastax.dsbulk.engine.internal.schema.InvalidMappingException.missingField(InvalidMappingException.java:38)
	at com.datastax.dsbulk.engine.internal.schema.DefaultRecordMapper.ensureAllFieldsPresent(DefaultRecordMapper.java:185)
	at com.datastax.dsbulk.engine.internal.schema.DefaultRecordMapper.map(DefaultRecordMapper.java:106)
	at java.lang.Thread.run(Thread.java:748) [22 skipped]

Resource: file:/Users/brunoguedes/RafaelPOC/sample-data/forum_hasModerator_person_0_0.csv
Position: 21
Source: 137438953497|48\u000a
com.datastax.dsbulk.engine.internal.schema.InvalidMappingException: Required field forum_id (mapped to column forum_id) was missing from record. Please remove it from the mapping or set schema.allowMissingFields to true.
	at com.datastax.dsbulk.engine.internal.schema.InvalidMappingException.missingField(InvalidMappingException.java:38)
	at com.datastax.dsbulk.engine.internal.schema.DefaultRecordMapper.ensureAllFieldsPresent(DefaultRecordMapper.java:185)
	at com.datastax.dsbulk.engine.internal.schema.DefaultRecordMapper.map(DefaultRecordMapper.java:106)
	at java.lang.Thread.run(Thread.java:748) [22 skipped]

Resource: file:/Users/brunoguedes/RafaelPOC/sample-data/forum_hasModerator_person_0_0.csv
Position: 22
Source: 137438953498|48\u000a
com.datastax.dsbulk.engine.internal.schema.InvalidMappingException: Required field forum_id (mapped to column forum_id) was missing from record. Please remove it from the mapping or set schema.allowMissingFields to true.
	at com.datastax.dsbulk.engine.internal.schema.InvalidMappingException.missingField(InvalidMappingException.java:38)
	at com.datastax.dsbulk.engine.internal.schema.DefaultRecordMapper.ensureAllFieldsPresent(DefaultRecordMapper.java:185)
	at com.datastax.dsbulk.engine.internal.schema.DefaultRecordMapper.map(DefaultRecordMapper.java:106)
	at java.lang.Thread.run(Thread.java:748) [22 skipped]

Resource: file:/Users/brunoguedes/RafaelPOC/sample-data/forum_hasModerator_person_0_0.csv
Position: 23
Source: 206158430235|48\u000a
com.datastax.dsbulk.engine.internal.schema.InvalidMappingException: Required field forum_id (mapped to column forum_id) was missing from record. Please remove it from the mapping or set schema.allowMissingFields to true.
	at com.datastax.dsbulk.engine.internal.schema.InvalidMappingException.missingField(InvalidMappingException.java:38)
	at com.datastax.dsbulk.engine.internal.schema.DefaultRecordMapper.ensureAllFieldsPresent(DefaultRecordMapper.java:185)
	at com.datastax.dsbulk.engine.internal.schema.DefaultRecordMapper.map(DefaultRecordMapper.java:106)
	at java.lang.Thread.run(Thread.java:748) [22 skipped]

Resource: file:/Users/brunoguedes/RafaelPOC/sample-data/forum_hasModerator_person_0_0.csv
Position: 24
Source: 274877906972|48\u000a
com.datastax.dsbulk.engine.internal.schema.InvalidMappingException: Required field forum_id (mapped to column forum_id) was missing from record. Please remove it from the mapping or set schema.allowMissingFields to true.
	at com.datastax.dsbulk.engine.internal.schema.InvalidMappingException.missingField(InvalidMappingException.java:38)
	at com.datastax.dsbulk.engine.internal.schema.DefaultRecordMapper.ensureAllFieldsPresent(DefaultRecordMapper.java:185)
	at com.datastax.dsbulk.engine.internal.schema.DefaultRecordMapper.map(DefaultRecordMapper.java:106)
	at java.lang.Thread.run(Thread.java:748) [22 skipped]

Resource: file:/Users/brunoguedes/RafaelPOC/sample-data/forum_hasModerator_person_0_0.csv
Position: 25
Source: 206158430238|6597069766681\u000a
com.datastax.dsbulk.engine.internal.schema.InvalidMappingException: Required field forum_id (mapped to column forum_id) was missing from record. Please remove it from the mapping or set schema.allowMissingFields to true.
	at com.datastax.dsbulk.engine.internal.schema.InvalidMappingException.missingField(InvalidMappingException.java:38)
	at com.datastax.dsbulk.engine.internal.schema.DefaultRecordMapper.ensureAllFieldsPresent(DefaultRecordMapper.java:185)
	at com.datastax.dsbulk.engine.internal.schema.DefaultRecordMapper.map(DefaultRecordMapper.java:106)
	at java.lang.Thread.run(Thread.java:748) [22 skipped]

Resource: file:/Users/brunoguedes/RafaelPOC/sample-data/forum_hasModerator_person_0_0.csv
Position: 26
Source: 31|6\u000a
com.datastax.dsbulk.engine.internal.schema.InvalidMappingException: Required field forum_id (mapped to column forum_id) was missing from record. Please remove it from the mapping or set schema.allowMissingFields to true.
	at com.datastax.dsbulk.engine.internal.schema.InvalidMappingException.missingField(InvalidMappingException.java:38)
	at com.datastax.dsbulk.engine.internal.schema.DefaultRecordMapper.ensureAllFieldsPresent(DefaultRecordMapper.java:185)
	at com.datastax.dsbulk.engine.internal.schema.DefaultRecordMapper.map(DefaultRecordMapper.java:106)
	at java.lang.Thread.run(Thread.java:748) [22 skipped]

Resource: file:/Users/brunoguedes/RafaelPOC/sample-data/forum_hasModerator_person_0_0.csv
Position: 27
Source: 137438953504|6\u000a
com.datastax.dsbulk.engine.internal.schema.InvalidMappingException: Required field forum_id (mapped to column forum_id) was missing from record. Please remove it from the mapping or set schema.allowMissingFields to true.
	at com.datastax.dsbulk.engine.internal.schema.InvalidMappingException.missingField(InvalidMappingException.java:38)
	at com.datastax.dsbulk.engine.internal.schema.DefaultRecordMapper.ensureAllFieldsPresent(DefaultRecordMapper.java:185)
	at com.datastax.dsbulk.engine.internal.schema.DefaultRecordMapper.map(DefaultRecordMapper.java:106)
	at java.lang.Thread.run(Thread.java:748) [22 skipped]

Resource: file:/Users/brunoguedes/RafaelPOC/sample-data/forum_hasModerator_person_0_0.csv
Position: 28
Source: 137438953505|6\u000a
com.datastax.dsbulk.engine.internal.schema.InvalidMappingException: Required field forum_id (mapped to column forum_id) was missing from record. Please remove it from the mapping or set schema.allowMissingFields to true.
	at com.datastax.dsbulk.engine.internal.schema.InvalidMappingException.missingField(InvalidMappingException.java:38)
	at com.datastax.dsbulk.engine.internal.schema.DefaultRecordMapper.ensureAllFieldsPresent(DefaultRecordMapper.java:185)
	at com.datastax.dsbulk.engine.internal.schema.DefaultRecordMapper.map(DefaultRecordMapper.java:106)
	at java.lang.Thread.run(Thread.java:748) [22 skipped]

Resource: file:/Users/brunoguedes/RafaelPOC/sample-data/forum_hasModerator_person_0_0.csv
Position: 29
Source: 274877906978|6\u000a
com.datastax.dsbulk.engine.internal.schema.InvalidMappingException: Required field forum_id (mapped to column forum_id) was missing from record. Please remove it from the mapping or set schema.allowMissingFields to true.
	at com.datastax.dsbulk.engine.internal.schema.InvalidMappingException.missingField(InvalidMappingException.java:38)
	at com.datastax.dsbulk.engine.internal.schema.DefaultRecordMapper.ensureAllFieldsPresent(DefaultRecordMapper.java:185)
	at com.datastax.dsbulk.engine.internal.schema.DefaultRecordMapper.map(DefaultRecordMapper.java:106)
	at java.lang.Thread.run(Thread.java:748) [22 skipped]

Resource: file:/Users/brunoguedes/RafaelPOC/sample-data/forum_hasModerator_person_0_0.csv
Position: 30
Source: 206158430243|6\u000a
com.datastax.dsbulk.engine.internal.schema.InvalidMappingException: Required field forum_id (mapped to column forum_id) was missing from record. Please remove it from the mapping or set schema.allowMissingFields to true.
	at com.datastax.dsbulk.engine.internal.schema.InvalidMappingException.missingField(InvalidMappingException.java:38)
	at com.datastax.dsbulk.engine.internal.schema.DefaultRecordMapper.ensureAllFieldsPresent(DefaultRecordMapper.java:185)
	at com.datastax.dsbulk.engine.internal.schema.DefaultRecordMapper.map(DefaultRecordMapper.java:106)
	at java.lang.Thread.run(Thread.java:748) [22 skipped]

Resource: file:/Users/brunoguedes/RafaelPOC/sample-data/forum_hasModerator_person_0_0.csv
Position: 31
Source: 36|6\u000a
com.datastax.dsbulk.engine.internal.schema.InvalidMappingException: Required field forum_id (mapped to column forum_id) was missing from record. Please remove it from the mapping or set schema.allowMissingFields to true.
	at com.datastax.dsbulk.engine.internal.schema.InvalidMappingException.missingField(InvalidMappingException.java:38)
	at com.datastax.dsbulk.engine.internal.schema.DefaultRecordMapper.ensureAllFieldsPresent(DefaultRecordMapper.java:185)
	at com.datastax.dsbulk.engine.internal.schema.DefaultRecordMapper.map(DefaultRecordMapper.java:106)
	at java.lang.Thread.run(Thread.java:748) [22 skipped]

Resource: file:/Users/brunoguedes/RafaelPOC/sample-data/forum_hasModerator_person_0_0.csv
Position: 32
Source: 68719476773|6\u000a
com.datastax.dsbulk.engine.internal.schema.InvalidMappingException: Required field forum_id (mapped to column forum_id) was missing from record. Please remove it from the mapping or set schema.allowMissingFields to true.
	at com.datastax.dsbulk.engine.internal.schema.InvalidMappingException.missingField(InvalidMappingException.java:38)
	at com.datastax.dsbulk.engine.internal.schema.DefaultRecordMapper.ensureAllFieldsPresent(DefaultRecordMapper.java:185)
	at com.datastax.dsbulk.engine.internal.schema.DefaultRecordMapper.map(DefaultRecordMapper.java:106)
	at java.lang.Thread.run(Thread.java:748) [22 skipped]

Resource: file:/Users/brunoguedes/RafaelPOC/sample-data/forum_hasModerator_person_0_0.csv
Position: 33
Source: 137438953510|6\u000a
com.datastax.dsbulk.engine.internal.schema.InvalidMappingException: Required field forum_id (mapped to column forum_id) was missing from record. Please remove it from the mapping or set schema.allowMissingFields to true.
	at com.datastax.dsbulk.engine.internal.schema.InvalidMappingException.missingField(InvalidMappingException.java:38)
	at com.datastax.dsbulk.engine.internal.schema.DefaultRecordMapper.ensureAllFieldsPresent(DefaultRecordMapper.java:185)
	at com.datastax.dsbulk.engine.internal.schema.DefaultRecordMapper.map(DefaultRecordMapper.java:106)
	at java.lang.Thread.run(Thread.java:748) [22 skipped]

Resource: file:/Users/brunoguedes/RafaelPOC/sample-data/forum_hasModerator_person_0_0.csv
Position: 34
Source: 68719476775|6\u000a
com.datastax.dsbulk.engine.internal.schema.InvalidMappingException: Required field forum_id (mapped to column forum_id) was missing from record. Please remove it from the mapping or set schema.allowMissingFields to true.
	at com.datastax.dsbulk.engine.internal.schema.InvalidMappingException.missingField(InvalidMappingException.java:38)
	at com.datastax.dsbulk.engine.internal.schema.DefaultRecordMapper.ensureAllFieldsPresent(DefaultRecordMapper.java:185)
	at com.datastax.dsbulk.engine.internal.schema.DefaultRecordMapper.map(DefaultRecordMapper.java:106)
	at java.lang.Thread.run(Thread.java:748) [22 skipped]

Resource: file:/Users/brunoguedes/RafaelPOC/sample-data/forum_hasModerator_person_0_0.csv
Position: 35
Source: 206158430248|6\u000a
com.datastax.dsbulk.engine.internal.schema.InvalidMappingException: Required field forum_id (mapped to column forum_id) was missing from record. Please remove it from the mapping or set schema.allowMissingFields to true.
	at com.datastax.dsbulk.engine.internal.schema.InvalidMappingException.missingField(InvalidMappingException.java:38)
	at com.datastax.dsbulk.engine.internal.schema.DefaultRecordMapper.ensureAllFieldsPresent(DefaultRecordMapper.java:185)
	at com.datastax.dsbulk.engine.internal.schema.DefaultRecordMapper.map(DefaultRecordMapper.java:106)
	at java.lang.Thread.run(Thread.java:748) [22 skipped]

Resource: file:/Users/brunoguedes/RafaelPOC/sample-data/forum_hasModerator_person_0_0.csv
Position: 36
Source: 274877906985|6\u000a
com.datastax.dsbulk.engine.internal.schema.InvalidMappingException: Required field forum_id (mapped to column forum_id) was missing from record. Please remove it from the mapping or set schema.allowMissingFields to true.
	at com.datastax.dsbulk.engine.internal.schema.InvalidMappingException.missingField(InvalidMappingException.java:38)
	at com.datastax.dsbulk.engine.internal.schema.DefaultRecordMapper.ensureAllFieldsPresent(DefaultRecordMapper.java:185)
	at com.datastax.dsbulk.engine.internal.schema.DefaultRecordMapper.map(DefaultRecordMapper.java:106)
	at java.lang.Thread.run(Thread.java:748) [22 skipped]

Resource: file:/Users/brunoguedes/RafaelPOC/sample-data/forum_hasModerator_person_0_0.csv
Position: 37
Source: 274877906986|6\u000a
com.datastax.dsbulk.engine.internal.schema.InvalidMappingException: Required field forum_id (mapped to column forum_id) was missing from record. Please remove it from the mapping or set schema.allowMissingFields to true.
	at com.datastax.dsbulk.engine.internal.schema.InvalidMappingException.missingField(InvalidMappingException.java:38)
	at com.datastax.dsbulk.engine.internal.schema.DefaultRecordMapper.ensureAllFieldsPresent(DefaultRecordMapper.java:185)
	at com.datastax.dsbulk.engine.internal.schema.DefaultRecordMapper.map(DefaultRecordMapper.java:106)
	at java.lang.Thread.run(Thread.java:748) [22 skipped]

Resource: file:/Users/brunoguedes/RafaelPOC/sample-data/forum_hasModerator_person_0_0.csv
Position: 38
Source: 68719476779|2199023255589\u000a
com.datastax.dsbulk.engine.internal.schema.InvalidMappingException: Required field forum_id (mapped to column forum_id) was missing from record. Please remove it from the mapping or set schema.allowMissingFields to true.
	at com.datastax.dsbulk.engine.internal.schema.InvalidMappingException.missingField(InvalidMappingException.java:38)
	at com.datastax.dsbulk.engine.internal.schema.DefaultRecordMapper.ensureAllFieldsPresent(DefaultRecordMapper.java:185)
	at com.datastax.dsbulk.engine.internal.schema.DefaultRecordMapper.map(DefaultRecordMapper.java:106)
	at java.lang.Thread.run(Thread.java:748) [22 skipped]

Resource: file:/Users/brunoguedes/RafaelPOC/sample-data/forum_hasModerator_person_0_0.csv
Position: 39
Source: 274877906988|8796093022235\u000a
com.datastax.dsbulk.engine.internal.schema.InvalidMappingException: Required field forum_id (mapped to column forum_id) was missing from record. Please remove it from the mapping or set schema.allowMissingFields to true.
	at com.datastax.dsbulk.engine.internal.schema.InvalidMappingException.missingField(InvalidMappingException.java:38)
	at com.datastax.dsbulk.engine.internal.schema.DefaultRecordMapper.ensureAllFieldsPresent(DefaultRecordMapper.java:185)
	at com.datastax.dsbulk.engine.internal.schema.DefaultRecordMapper.map(DefaultRecordMapper.java:106)
	at java.lang.Thread.run(Thread.java:748) [22 skipped]

Resource: file:/Users/brunoguedes/RafaelPOC/sample-data/forum_hasModerator_person_0_0.csv
Position: 40
Source: 68719476781|2199023255555\u000a
com.datastax.dsbulk.engine.internal.schema.InvalidMappingException: Required field forum_id (mapped to column forum_id) was missing from record. Please remove it from the mapping or set schema.allowMissingFields to true.
	at com.datastax.dsbulk.engine.internal.schema.InvalidMappingException.missingField(InvalidMappingException.java:38)
	at com.datastax.dsbulk.engine.internal.schema.DefaultRecordMapper.ensureAllFieldsPresent(DefaultRecordMapper.java:185)
	at com.datastax.dsbulk.engine.internal.schema.DefaultRecordMapper.map(DefaultRecordMapper.java:106)
	at java.lang.Thread.run(Thread.java:748) [22 skipped]

Resource: file:/Users/brunoguedes/RafaelPOC/sample-data/forum_hasModerator_person_0_0.csv
Position: 41
Source: 137438953518|4398046511109\u000a
com.datastax.dsbulk.engine.internal.schema.InvalidMappingException: Required field forum_id (mapped to column forum_id) was missing from record. Please remove it from the mapping or set schema.allowMissingFields to true.
	at com.datastax.dsbulk.engine.internal.schema.InvalidMappingException.missingField(InvalidMappingException.java:38)
	at com.datastax.dsbulk.engine.internal.schema.DefaultRecordMapper.ensureAllFieldsPresent(DefaultRecordMapper.java:185)
	at com.datastax.dsbulk.engine.internal.schema.DefaultRecordMapper.map(DefaultRecordMapper.java:106)
	at java.lang.Thread.run(Thread.java:748) [22 skipped]

Resource: file:/Users/brunoguedes/RafaelPOC/sample-data/forum_hasModerator_person_0_0.csv
Position: 42
Source: 274877906991|8796093022232\u000a
com.datastax.dsbulk.engine.internal.schema.InvalidMappingException: Required field forum_id (mapped to column forum_id) was missing from record. Please remove it from the mapping or set schema.allowMissingFields to true.
	at com.datastax.dsbulk.engine.internal.schema.InvalidMappingException.missingField(InvalidMappingException.java:38)
	at com.datastax.dsbulk.engine.internal.schema.DefaultRecordMapper.ensureAllFieldsPresent(DefaultRecordMapper.java:185)
	at com.datastax.dsbulk.engine.internal.schema.DefaultRecordMapper.map(DefaultRecordMapper.java:106)
	at java.lang.Thread.run(Thread.java:748) [22 skipped]

Resource: file:/Users/brunoguedes/RafaelPOC/sample-data/forum_hasModerator_person_0_0.csv
Position: 43
Source: 68719476785|2199023255574\u000a
com.datastax.dsbulk.engine.internal.schema.InvalidMappingException: Required field forum_id (mapped to column forum_id) was missing from record. Please remove it from the mapping or set schema.allowMissingFields to true.
	at com.datastax.dsbulk.engine.internal.schema.InvalidMappingException.missingField(InvalidMappingException.java:38)
	at com.datastax.dsbulk.engine.internal.schema.DefaultRecordMapper.ensureAllFieldsPresent(DefaultRecordMapper.java:185)
	at com.datastax.dsbulk.engine.internal.schema.DefaultRecordMapper.map(DefaultRecordMapper.java:106)
	at java.lang.Thread.run(Thread.java:748) [22 skipped]

Resource: file:/Users/brunoguedes/RafaelPOC/sample-data/forum_hasModerator_person_0_0.csv
Position: 44
Source: 137438953522|4398046511113\u000a
com.datastax.dsbulk.engine.internal.schema.InvalidMappingException: Required field forum_id (mapped to column forum_id) was missing from record. Please remove it from the mapping or set schema.allowMissingFields to true.
	at com.datastax.dsbulk.engine.internal.schema.InvalidMappingException.missingField(InvalidMappingException.java:38)
	at com.datastax.dsbulk.engine.internal.schema.DefaultRecordMapper.ensureAllFieldsPresent(DefaultRecordMapper.java:185)
	at com.datastax.dsbulk.engine.internal.schema.DefaultRecordMapper.map(DefaultRecordMapper.java:106)
	at java.lang.Thread.run(Thread.java:748) [22 skipped]

Resource: file:/Users/brunoguedes/RafaelPOC/sample-data/forum_hasModerator_person_0_0.csv
Position: 45
Source: 206158430259|6597069766672\u000a
com.datastax.dsbulk.engine.internal.schema.InvalidMappingException: Required field forum_id (mapped to column forum_id) was missing from record. Please remove it from the mapping or set schema.allowMissingFields to true.
	at com.datastax.dsbulk.engine.internal.schema.InvalidMappingException.missingField(InvalidMappingException.java:38)
	at com.datastax.dsbulk.engine.internal.schema.DefaultRecordMapper.ensureAllFieldsPresent(DefaultRecordMapper.java:185)
	at com.datastax.dsbulk.engine.internal.schema.DefaultRecordMapper.map(DefaultRecordMapper.java:106)
	at java.lang.Thread.run(Thread.java:748) [22 skipped]

Resource: file:/Users/brunoguedes/RafaelPOC/sample-data/forum_hasModerator_person_0_0.csv
Position: 46
Source: 343597383732|10995116277793\u000a
com.datastax.dsbulk.engine.internal.schema.InvalidMappingException: Required field forum_id (mapped to column forum_id) was missing from record. Please remove it from the mapping or set schema.allowMissingFields to true.
	at com.datastax.dsbulk.engine.internal.schema.InvalidMappingException.missingField(InvalidMappingException.java:38)
	at com.datastax.dsbulk.engine.internal.schema.DefaultRecordMapper.ensureAllFieldsPresent(DefaultRecordMapper.java:185)
	at com.datastax.dsbulk.engine.internal.schema.DefaultRecordMapper.map(DefaultRecordMapper.java:106)
	at java.lang.Thread.run(Thread.java:748) [22 skipped]

Resource: file:/Users/brunoguedes/RafaelPOC/sample-data/forum_hasModerator_person_0_0.csv
Position: 47
Source: 206158430262|6597069766692\u000a
com.datastax.dsbulk.engine.internal.schema.InvalidMappingException: Required field forum_id (mapped to column forum_id) was missing from record. Please remove it from the mapping or set schema.allowMissingFields to true.
	at com.datastax.dsbulk.engine.internal.schema.InvalidMappingException.missingField(InvalidMappingException.java:38)
	at com.datastax.dsbulk.engine.internal.schema.DefaultRecordMapper.ensureAllFieldsPresent(DefaultRecordMapper.java:185)
	at com.datastax.dsbulk.engine.internal.schema.DefaultRecordMapper.map(DefaultRecordMapper.java:106)
	at java.lang.Thread.run(Thread.java:748) [22 skipped]

Resource: file:/Users/brunoguedes/RafaelPOC/sample-data/forum_hasModerator_person_0_0.csv
Position: 48
Source: 137438953527|4398046511146\u000a
com.datastax.dsbulk.engine.internal.schema.InvalidMappingException: Required field forum_id (mapped to column forum_id) was missing from record. Please remove it from the mapping or set schema.allowMissingFields to true.
	at com.datastax.dsbulk.engine.internal.schema.InvalidMappingException.missingField(InvalidMappingException.java:38)
	at com.datastax.dsbulk.engine.internal.schema.DefaultRecordMapper.ensureAllFieldsPresent(DefaultRecordMapper.java:185)
	at com.datastax.dsbulk.engine.internal.schema.DefaultRecordMapper.map(DefaultRecordMapper.java:106)
	at java.lang.Thread.run(Thread.java:748) [22 skipped]

Resource: file:/Users/brunoguedes/RafaelPOC/sample-data/forum_hasModerator_person_0_0.csv
Position: 49
Source: 274877907002|4398046511146\u000a
com.datastax.dsbulk.engine.internal.schema.InvalidMappingException: Required field forum_id (mapped to column forum_id) was missing from record. Please remove it from the mapping or set schema.allowMissingFields to true.
	at com.datastax.dsbulk.engine.internal.schema.InvalidMappingException.missingField(InvalidMappingException.java:38)
	at com.datastax.dsbulk.engine.internal.schema.DefaultRecordMapper.ensureAllFieldsPresent(DefaultRecordMapper.java:185)
	at com.datastax.dsbulk.engine.internal.schema.DefaultRecordMapper.map(DefaultRecordMapper.java:106)
	at java.lang.Thread.run(Thread.java:748) [22 skipped]

Resource: file:/Users/brunoguedes/RafaelPOC/sample-data/forum_hasModerator_person_0_0.csv
Position: 50
Source: 274877907003|4398046511146\u000a
com.datastax.dsbulk.engine.internal.schema.InvalidMappingException: Required field forum_id (mapped to column forum_id) was missing from record. Please remove it from the mapping or set schema.allowMissingFields to true.
	at com.datastax.dsbulk.engine.internal.schema.InvalidMappingException.missingField(InvalidMappingException.java:38)
	at com.datastax.dsbulk.engine.internal.schema.DefaultRecordMapper.ensureAllFieldsPresent(DefaultRecordMapper.java:185)
	at com.datastax.dsbulk.engine.internal.schema.DefaultRecordMapper.map(DefaultRecordMapper.java:106)
	at java.lang.Thread.run(Thread.java:748) [22 skipped]

Resource: file:/Users/brunoguedes/RafaelPOC/sample-data/forum_hasModerator_person_0_0.csv
Position: 51
Source: 206158430268|4398046511146\u000a
com.datastax.dsbulk.engine.internal.schema.InvalidMappingException: Required field forum_id (mapped to column forum_id) was missing from record. Please remove it from the mapping or set schema.allowMissingFields to true.
	at com.datastax.dsbulk.engine.internal.schema.InvalidMappingException.missingField(InvalidMappingException.java:38)
	at com.datastax.dsbulk.engine.internal.schema.DefaultRecordMapper.ensureAllFieldsPresent(DefaultRecordMapper.java:185)
	at com.datastax.dsbulk.engine.internal.schema.DefaultRecordMapper.map(DefaultRecordMapper.java:106)
	at java.lang.Thread.run(Thread.java:748) [22 skipped]

Resource: file:/Users/brunoguedes/RafaelPOC/sample-data/forum_hasModerator_person_0_0.csv
Position: 52
Source: 206158430269|4398046511146\u000a
com.datastax.dsbulk.engine.internal.schema.InvalidMappingException: Required field forum_id (mapped to column forum_id) was missing from record. Please remove it from the mapping or set schema.allowMissingFields to true.
	at com.datastax.dsbulk.engine.internal.schema.InvalidMappingException.missingField(InvalidMappingException.java:38)
	at com.datastax.dsbulk.engine.internal.schema.DefaultRecordMapper.ensureAllFieldsPresent(DefaultRecordMapper.java:185)
	at com.datastax.dsbulk.engine.internal.schema.DefaultRecordMapper.map(DefaultRecordMapper.java:106)
	at java.lang.Thread.run(Thread.java:748) [22 skipped]

Resource: file:/Users/brunoguedes/RafaelPOC/sample-data/forum_hasModerator_person_0_0.csv
Position: 53
Source: 206158430270|6597069766701\u000a
com.datastax.dsbulk.engine.internal.schema.InvalidMappingException: Required field forum_id (mapped to column forum_id) was missing from record. Please remove it from the mapping or set schema.allowMissingFields to true.
	at com.datastax.dsbulk.engine.internal.schema.InvalidMappingException.missingField(InvalidMappingException.java:38)
	at com.datastax.dsbulk.engine.internal.schema.DefaultRecordMapper.ensureAllFieldsPresent(DefaultRecordMapper.java:185)
	at com.datastax.dsbulk.engine.internal.schema.DefaultRecordMapper.map(DefaultRecordMapper.java:106)
	at java.lang.Thread.run(Thread.java:748) [22 skipped]

Resource: file:/Users/brunoguedes/RafaelPOC/sample-data/forum_hasModerator_person_0_0.csv
Position: 54
Source: 343597383743|10995116277806\u000a
com.datastax.dsbulk.engine.internal.schema.InvalidMappingException: Required field forum_id (mapped to column forum_id) was missing from record. Please remove it from the mapping or set schema.allowMissingFields to true.
	at com.datastax.dsbulk.engine.internal.schema.InvalidMappingException.missingField(InvalidMappingException.java:38)
	at com.datastax.dsbulk.engine.internal.schema.DefaultRecordMapper.ensureAllFieldsPresent(DefaultRecordMapper.java:185)
	at com.datastax.dsbulk.engine.internal.schema.DefaultRecordMapper.map(DefaultRecordMapper.java:106)
	at java.lang.Thread.run(Thread.java:748) [22 skipped]

Resource: file:/Users/brunoguedes/RafaelPOC/sample-data/forum_hasModerator_person_0_0.csv
Position: 55
Source: 137438953536|4398046511133\u000a
com.datastax.dsbulk.engine.internal.schema.InvalidMappingException: Required field forum_id (mapped to column forum_id) was missing from record. Please remove it from the mapping or set schema.allowMissingFields to true.
	at com.datastax.dsbulk.engine.internal.schema.InvalidMappingException.missingField(InvalidMappingException.java:38)
	at com.datastax.dsbulk.engine.internal.schema.DefaultRecordMapper.ensureAllFieldsPresent(DefaultRecordMapper.java:185)
	at com.datastax.dsbulk.engine.internal.schema.DefaultRecordMapper.map(DefaultRecordMapper.java:106)
	at java.lang.Thread.run(Thread.java:748) [22 skipped]

Resource: file:/Users/brunoguedes/RafaelPOC/sample-data/forum_hasModerator_person_0_0.csv
Position: 56
Source: 206158430273|4398046511133\u000a
com.datastax.dsbulk.engine.internal.schema.InvalidMappingException: Required field forum_id (mapped to column forum_id) was missing from record. Please remove it from the mapping or set schema.allowMissingFields to true.
	at com.datastax.dsbulk.engine.internal.schema.InvalidMappingException.missingField(InvalidMappingException.java:38)
	at com.datastax.dsbulk.engine.internal.schema.DefaultRecordMapper.ensureAllFieldsPresent(DefaultRecordMapper.java:185)
	at com.datastax.dsbulk.engine.internal.schema.DefaultRecordMapper.map(DefaultRecordMapper.java:106)
	at java.lang.Thread.run(Thread.java:748) [22 skipped]

Resource: file:/Users/brunoguedes/RafaelPOC/sample-data/forum_hasModerator_person_0_0.csv
Position: 57
Source: 137438953538|4398046511133\u000a
com.datastax.dsbulk.engine.internal.schema.InvalidMappingException: Required field forum_id (mapped to column forum_id) was missing from record. Please remove it from the mapping or set schema.allowMissingFields to true.
	at com.datastax.dsbulk.engine.internal.schema.InvalidMappingException.missingField(InvalidMappingException.java:38)
	at com.datastax.dsbulk.engine.internal.schema.DefaultRecordMapper.ensureAllFieldsPresent(DefaultRecordMapper.java:185)
	at com.datastax.dsbulk.engine.internal.schema.DefaultRecordMapper.map(DefaultRecordMapper.java:106)
	at java.lang.Thread.run(Thread.java:748) [22 skipped]

Resource: file:/Users/brunoguedes/RafaelPOC/sample-data/forum_hasModerator_person_0_0.csv
Position: 58
Source: 206158430275|4398046511133\u000a
com.datastax.dsbulk.engine.internal.schema.InvalidMappingException: Required field forum_id (mapped to column forum_id) was missing from record. Please remove it from the mapping or set schema.allowMissingFields to true.
	at com.datastax.dsbulk.engine.internal.schema.InvalidMappingException.missingField(InvalidMappingException.java:38)
	at com.datastax.dsbulk.engine.internal.schema.DefaultRecordMapper.ensureAllFieldsPresent(DefaultRecordMapper.java:185)
	at com.datastax.dsbulk.engine.internal.schema.DefaultRecordMapper.map(DefaultRecordMapper.java:106)
	at java.lang.Thread.run(Thread.java:748) [22 skipped]

Resource: file:/Users/brunoguedes/RafaelPOC/sample-data/forum_hasModerator_person_0_0.csv
Position: 59
Source: 274877907012|4398046511133\u000a
com.datastax.dsbulk.engine.internal.schema.InvalidMappingException: Required field forum_id (mapped to column forum_id) was missing from record. Please remove it from the mapping or set schema.allowMissingFields to true.
	at com.datastax.dsbulk.engine.internal.schema.InvalidMappingException.missingField(InvalidMappingException.java:38)
	at com.datastax.dsbulk.engine.internal.schema.DefaultRecordMapper.ensureAllFieldsPresent(DefaultRecordMapper.java:185)
	at com.datastax.dsbulk.engine.internal.schema.DefaultRecordMapper.map(DefaultRecordMapper.java:106)
	at java.lang.Thread.run(Thread.java:748) [22 skipped]

Resource: file:/Users/brunoguedes/RafaelPOC/sample-data/forum_hasModerator_person_0_0.csv
Position: 60
Source: 206158430277|4398046511133\u000a
com.datastax.dsbulk.engine.internal.schema.InvalidMappingException: Required field forum_id (mapped to column forum_id) was missing from record. Please remove it from the mapping or set schema.allowMissingFields to true.
	at com.datastax.dsbulk.engine.internal.schema.InvalidMappingException.missingField(InvalidMappingException.java:38)
	at com.datastax.dsbulk.engine.internal.schema.DefaultRecordMapper.ensureAllFieldsPresent(DefaultRecordMapper.java:185)
	at com.datastax.dsbulk.engine.internal.schema.DefaultRecordMapper.map(DefaultRecordMapper.java:106)
	at java.lang.Thread.run(Thread.java:748) [22 skipped]

Resource: file:/Users/brunoguedes/RafaelPOC/sample-data/forum_hasModerator_person_0_0.csv
Position: 61
Source: 274877907014|4398046511133\u000a
com.datastax.dsbulk.engine.internal.schema.InvalidMappingException: Required field forum_id (mapped to column forum_id) was missing from record. Please remove it from the mapping or set schema.allowMissingFields to true.
	at com.datastax.dsbulk.engine.internal.schema.InvalidMappingException.missingField(InvalidMappingException.java:38)
	at com.datastax.dsbulk.engine.internal.schema.DefaultRecordMapper.ensureAllFieldsPresent(DefaultRecordMapper.java:185)
	at com.datastax.dsbulk.engine.internal.schema.DefaultRecordMapper.map(DefaultRecordMapper.java:106)
	at java.lang.Thread.run(Thread.java:748) [22 skipped]

Resource: file:/Users/brunoguedes/RafaelPOC/sample-data/forum_hasModerator_person_0_0.csv
Position: 62
Source: 274877907015|4398046511133\u000a
com.datastax.dsbulk.engine.internal.schema.InvalidMappingException: Required field forum_id (mapped to column forum_id) was missing from record. Please remove it from the mapping or set schema.allowMissingFields to true.
	at com.datastax.dsbulk.engine.internal.schema.InvalidMappingException.missingField(InvalidMappingException.java:38)
	at com.datastax.dsbulk.engine.internal.schema.DefaultRecordMapper.ensureAllFieldsPresent(DefaultRecordMapper.java:185)
	at com.datastax.dsbulk.engine.internal.schema.DefaultRecordMapper.map(DefaultRecordMapper.java:106)
	at java.lang.Thread.run(Thread.java:748) [22 skipped]

Resource: file:/Users/brunoguedes/RafaelPOC/sample-data/forum_hasModerator_person_0_0.csv
Position: 63
Source: 274877907016|8796093022248\u000a
com.datastax.dsbulk.engine.internal.schema.InvalidMappingException: Required field forum_id (mapped to column forum_id) was missing from record. Please remove it from the mapping or set schema.allowMissingFields to true.
	at com.datastax.dsbulk.engine.internal.schema.InvalidMappingException.missingField(InvalidMappingException.java:38)
	at com.datastax.dsbulk.engine.internal.schema.DefaultRecordMapper.ensureAllFieldsPresent(DefaultRecordMapper.java:185)
	at com.datastax.dsbulk.engine.internal.schema.DefaultRecordMapper.map(DefaultRecordMapper.java:106)
	at java.lang.Thread.run(Thread.java:748) [22 skipped]

Resource: file:/Users/brunoguedes/RafaelPOC/sample-data/forum_hasModerator_person_0_0.csv
Position: 64
Source: 343597383754|8796093022248\u000a
com.datastax.dsbulk.engine.internal.schema.InvalidMappingException: Required field forum_id (mapped to column forum_id) was missing from record. Please remove it from the mapping or set schema.allowMissingFields to true.
	at com.datastax.dsbulk.engine.internal.schema.InvalidMappingException.missingField(InvalidMappingException.java:38)
	at com.datastax.dsbulk.engine.internal.schema.DefaultRecordMapper.ensureAllFieldsPresent(DefaultRecordMapper.java:185)
	at com.datastax.dsbulk.engine.internal.schema.DefaultRecordMapper.map(DefaultRecordMapper.java:106)
	at java.lang.Thread.run(Thread.java:748) [22 skipped]

Resource: file:/Users/brunoguedes/RafaelPOC/sample-data/forum_hasModerator_person_0_0.csv
Position: 65
Source: 343597383755|8796093022248\u000a
com.datastax.dsbulk.engine.internal.schema.InvalidMappingException: Required field forum_id (mapped to column forum_id) was missing from record. Please remove it from the mapping or set schema.allowMissingFields to true.
	at com.datastax.dsbulk.engine.internal.schema.InvalidMappingException.missingField(InvalidMappingException.java:38)
	at com.datastax.dsbulk.engine.internal.schema.DefaultRecordMapper.ensureAllFieldsPresent(DefaultRecordMapper.java:185)
	at com.datastax.dsbulk.engine.internal.schema.DefaultRecordMapper.map(DefaultRecordMapper.java:106)
	at java.lang.Thread.run(Thread.java:748) [22 skipped]

Resource: file:/Users/brunoguedes/RafaelPOC/sample-data/forum_hasModerator_person_0_0.csv
Position: 66
Source: 137438953548|4398046511112\u000a
com.datastax.dsbulk.engine.internal.schema.InvalidMappingException: Required field forum_id (mapped to column forum_id) was missing from record. Please remove it from the mapping or set schema.allowMissingFields to true.
	at com.datastax.dsbulk.engine.internal.schema.InvalidMappingException.missingField(InvalidMappingException.java:38)
	at com.datastax.dsbulk.engine.internal.schema.DefaultRecordMapper.ensureAllFieldsPresent(DefaultRecordMapper.java:185)
	at com.datastax.dsbulk.engine.internal.schema.DefaultRecordMapper.map(DefaultRecordMapper.java:106)
	at java.lang.Thread.run(Thread.java:748) [22 skipped]

Resource: file:/Users/brunoguedes/RafaelPOC/sample-data/forum_hasModerator_person_0_0.csv
Position: 67
Source: 343597383760|10995116277795\u000a
com.datastax.dsbulk.engine.internal.schema.InvalidMappingException: Required field forum_id (mapped to column forum_id) was missing from record. Please remove it from the mapping or set schema.allowMissingFields to true.
	at com.datastax.dsbulk.engine.internal.schema.InvalidMappingException.missingField(InvalidMappingException.java:38)
	at com.datastax.dsbulk.engine.internal.schema.DefaultRecordMapper.ensureAllFieldsPresent(DefaultRecordMapper.java:185)
	at com.datastax.dsbulk.engine.internal.schema.DefaultRecordMapper.map(DefaultRecordMapper.java:106)
	at java.lang.Thread.run(Thread.java:748) [22 skipped]

Resource: file:/Users/brunoguedes/RafaelPOC/sample-data/forum_hasModerator_person_0_0.csv
Position: 68
Source: 68719476817|2199023255565\u000a
com.datastax.dsbulk.engine.internal.schema.InvalidMappingException: Required field forum_id (mapped to column forum_id) was missing from record. Please remove it from the mapping or set schema.allowMissingFields to true.
	at com.datastax.dsbulk.engine.internal.schema.InvalidMappingException.missingField(InvalidMappingException.java:38)
	at com.datastax.dsbulk.engine.internal.schema.DefaultRecordMapper.ensureAllFieldsPresent(DefaultRecordMapper.java:185)
	at com.datastax.dsbulk.engine.internal.schema.DefaultRecordMapper.map(DefaultRecordMapper.java:106)
	at java.lang.Thread.run(Thread.java:748) [22 skipped]

Resource: file:/Users/brunoguedes/RafaelPOC/sample-data/forum_hasModerator_person_0_0.csv
Position: 69
Source: 206158430290|6597069766674\u000a
com.datastax.dsbulk.engine.internal.schema.InvalidMappingException: Required field forum_id (mapped to column forum_id) was missing from record. Please remove it from the mapping or set schema.allowMissingFields to true.
	at com.datastax.dsbulk.engine.internal.schema.InvalidMappingException.missingField(InvalidMappingException.java:38)
	at com.datastax.dsbulk.engine.internal.schema.DefaultRecordMapper.ensureAllFieldsPresent(DefaultRecordMapper.java:185)
	at com.datastax.dsbulk.engine.internal.schema.DefaultRecordMapper.map(DefaultRecordMapper.java:106)
	at java.lang.Thread.run(Thread.java:748) [22 skipped]

Resource: file:/Users/brunoguedes/RafaelPOC/sample-data/forum_hasModerator_person_0_0.csv
Position: 70
Source: 343597383763|6597069766674\u000a
com.datastax.dsbulk.engine.internal.schema.InvalidMappingException: Required field forum_id (mapped to column forum_id) was missing from record. Please remove it from the mapping or set schema.allowMissingFields to true.
	at com.datastax.dsbulk.engine.internal.schema.InvalidMappingException.missingField(InvalidMappingException.java:38)
	at com.datastax.dsbulk.engine.internal.schema.DefaultRecordMapper.ensureAllFieldsPresent(DefaultRecordMapper.java:185)
	at com.datastax.dsbulk.engine.internal.schema.DefaultRecordMapper.map(DefaultRecordMapper.java:106)
	at java.lang.Thread.run(Thread.java:748) [22 skipped]

Resource: file:/Users/brunoguedes/RafaelPOC/sample-data/forum_hasModerator_person_0_0.csv
Position: 71
Source: 274877907029|6597069766674\u000a
com.datastax.dsbulk.engine.internal.schema.InvalidMappingException: Required field forum_id (mapped to column forum_id) was missing from record. Please remove it from the mapping or set schema.allowMissingFields to true.
	at com.datastax.dsbulk.engine.internal.schema.InvalidMappingException.missingField(InvalidMappingException.java:38)
	at com.datastax.dsbulk.engine.internal.schema.DefaultRecordMapper.ensureAllFieldsPresent(DefaultRecordMapper.java:185)
	at com.datastax.dsbulk.engine.internal.schema.DefaultRecordMapper.map(DefaultRecordMapper.java:106)
	at java.lang.Thread.run(Thread.java:748) [22 skipped]

Resource: file:/Users/brunoguedes/RafaelPOC/sample-data/forum_hasModerator_person_0_0.csv
Position: 72
Source: 274877907030|6597069766674\u000a
com.datastax.dsbulk.engine.internal.schema.InvalidMappingException: Required field forum_id (mapped to column forum_id) was missing from record. Please remove it from the mapping or set schema.allowMissingFields to true.
	at com.datastax.dsbulk.engine.internal.schema.InvalidMappingException.missingField(InvalidMappingException.java:38)
	at com.datastax.dsbulk.engine.internal.schema.DefaultRecordMapper.ensureAllFieldsPresent(DefaultRecordMapper.java:185)
	at com.datastax.dsbulk.engine.internal.schema.DefaultRecordMapper.map(DefaultRecordMapper.java:106)
	at java.lang.Thread.run(Thread.java:748) [22 skipped]

Resource: file:/Users/brunoguedes/RafaelPOC/sample-data/forum_hasModerator_person_0_0.csv
Position: 73
Source: 274877907031|6597069766674\u000a
com.datastax.dsbulk.engine.internal.schema.InvalidMappingException: Required field forum_id (mapped to column forum_id) was missing from record. Please remove it from the mapping or set schema.allowMissingFields to true.
	at com.datastax.dsbulk.engine.internal.schema.InvalidMappingException.missingField(InvalidMappingException.java:38)
	at com.datastax.dsbulk.engine.internal.schema.DefaultRecordMapper.ensureAllFieldsPresent(DefaultRecordMapper.java:185)
	at com.datastax.dsbulk.engine.internal.schema.DefaultRecordMapper.map(DefaultRecordMapper.java:106)
	at java.lang.Thread.run(Thread.java:748) [22 skipped]

Resource: file:/Users/brunoguedes/RafaelPOC/sample-data/forum_hasModerator_person_0_0.csv
Position: 74
Source: 137438953560|4398046511123\u000a
com.datastax.dsbulk.engine.internal.schema.InvalidMappingException: Required field forum_id (mapped to column forum_id) was missing from record. Please remove it from the mapping or set schema.allowMissingFields to true.
	at com.datastax.dsbulk.engine.internal.schema.InvalidMappingException.missingField(InvalidMappingException.java:38)
	at com.datastax.dsbulk.engine.internal.schema.DefaultRecordMapper.ensureAllFieldsPresent(DefaultRecordMapper.java:185)
	at com.datastax.dsbulk.engine.internal.schema.DefaultRecordMapper.map(DefaultRecordMapper.java:106)
	at java.lang.Thread.run(Thread.java:748) [22 skipped]

Resource: file:/Users/brunoguedes/RafaelPOC/sample-data/forum_hasModerator_person_0_0.csv
Position: 75
Source: 206158430297|4398046511123\u000a
com.datastax.dsbulk.engine.internal.schema.InvalidMappingException: Required field forum_id (mapped to column forum_id) was missing from record. Please remove it from the mapping or set schema.allowMissingFields to true.
	at com.datastax.dsbulk.engine.internal.schema.InvalidMappingException.missingField(InvalidMappingException.java:38)
	at com.datastax.dsbulk.engine.internal.schema.DefaultRecordMapper.ensureAllFieldsPresent(DefaultRecordMapper.java:185)
	at com.datastax.dsbulk.engine.internal.schema.DefaultRecordMapper.map(DefaultRecordMapper.java:106)
	at java.lang.Thread.run(Thread.java:748) [22 skipped]

Resource: file:/Users/brunoguedes/RafaelPOC/sample-data/forum_hasModerator_person_0_0.csv
Position: 76
Source: 137438953562|4398046511123\u000a
com.datastax.dsbulk.engine.internal.schema.InvalidMappingException: Required field forum_id (mapped to column forum_id) was missing from record. Please remove it from the mapping or set schema.allowMissingFields to true.
	at com.datastax.dsbulk.engine.internal.schema.InvalidMappingException.missingField(InvalidMappingException.java:38)
	at com.datastax.dsbulk.engine.internal.schema.DefaultRecordMapper.ensureAllFieldsPresent(DefaultRecordMapper.java:185)
	at com.datastax.dsbulk.engine.internal.schema.DefaultRecordMapper.map(DefaultRecordMapper.java:106)
	at java.lang.Thread.run(Thread.java:748) [22 skipped]

Resource: file:/Users/brunoguedes/RafaelPOC/sample-data/forum_hasModerator_person_0_0.csv
Position: 77
Source: 206158430299|4398046511123\u000a
com.datastax.dsbulk.engine.internal.schema.InvalidMappingException: Required field forum_id (mapped to column forum_id) was missing from record. Please remove it from the mapping or set schema.allowMissingFields to true.
	at com.datastax.dsbulk.engine.internal.schema.InvalidMappingException.missingField(InvalidMappingException.java:38)
	at com.datastax.dsbulk.engine.internal.schema.DefaultRecordMapper.ensureAllFieldsPresent(DefaultRecordMapper.java:185)
	at com.datastax.dsbulk.engine.internal.schema.DefaultRecordMapper.map(DefaultRecordMapper.java:106)
	at java.lang.Thread.run(Thread.java:748) [22 skipped]

Resource: file:/Users/brunoguedes/RafaelPOC/sample-data/forum_hasModerator_person_0_0.csv
Position: 78
Source: 137438953564|4398046511123\u000a
com.datastax.dsbulk.engine.internal.schema.InvalidMappingException: Required field forum_id (mapped to column forum_id) was missing from record. Please remove it from the mapping or set schema.allowMissingFields to true.
	at com.datastax.dsbulk.engine.internal.schema.InvalidMappingException.missingField(InvalidMappingException.java:38)
	at com.datastax.dsbulk.engine.internal.schema.DefaultRecordMapper.ensureAllFieldsPresent(DefaultRecordMapper.java:185)
	at com.datastax.dsbulk.engine.internal.schema.DefaultRecordMapper.map(DefaultRecordMapper.java:106)
	at java.lang.Thread.run(Thread.java:748) [22 skipped]

Resource: file:/Users/brunoguedes/RafaelPOC/sample-data/forum_hasModerator_person_0_0.csv
Position: 79
Source: 274877907037|4398046511123\u000a
com.datastax.dsbulk.engine.internal.schema.InvalidMappingException: Required field forum_id (mapped to column forum_id) was missing from record. Please remove it from the mapping or set schema.allowMissingFields to true.
	at com.datastax.dsbulk.engine.internal.schema.InvalidMappingException.missingField(InvalidMappingException.java:38)
	at com.datastax.dsbulk.engine.internal.schema.DefaultRecordMapper.ensureAllFieldsPresent(DefaultRecordMapper.java:185)
	at com.datastax.dsbulk.engine.internal.schema.DefaultRecordMapper.map(DefaultRecordMapper.java:106)
	at java.lang.Thread.run(Thread.java:748) [22 skipped]

Resource: file:/Users/brunoguedes/RafaelPOC/sample-data/forum_hasModerator_person_0_0.csv
Position: 80
Source: 206158430302|4398046511123\u000a
com.datastax.dsbulk.engine.internal.schema.InvalidMappingException: Required field forum_id (mapped to column forum_id) was missing from record. Please remove it from the mapping or set schema.allowMissingFields to true.
	at com.datastax.dsbulk.engine.internal.schema.InvalidMappingException.missingField(InvalidMappingException.java:38)
	at com.datastax.dsbulk.engine.internal.schema.DefaultRecordMapper.ensureAllFieldsPresent(DefaultRecordMapper.java:185)
	at com.datastax.dsbulk.engine.internal.schema.DefaultRecordMapper.map(DefaultRecordMapper.java:106)
	at java.lang.Thread.run(Thread.java:748) [22 skipped]

Resource: file:/Users/brunoguedes/RafaelPOC/sample-data/forum_hasModerator_person_0_0.csv
Position: 81
Source: 206158430303|4398046511123\u000a
com.datastax.dsbulk.engine.internal.schema.InvalidMappingException: Required field forum_id (mapped to column forum_id) was missing from record. Please remove it from the mapping or set schema.allowMissingFields to true.
	at com.datastax.dsbulk.engine.internal.schema.InvalidMappingException.missingField(InvalidMappingException.java:38)
	at com.datastax.dsbulk.engine.internal.schema.DefaultRecordMapper.ensureAllFieldsPresent(DefaultRecordMapper.java:185)
	at com.datastax.dsbulk.engine.internal.schema.DefaultRecordMapper.map(DefaultRecordMapper.java:106)
	at java.lang.Thread.run(Thread.java:748) [22 skipped]

Resource: file:/Users/brunoguedes/RafaelPOC/sample-data/forum_hasModerator_person_0_0.csv
Position: 82
Source: 137438953568|4398046511147\u000a
com.datastax.dsbulk.engine.internal.schema.InvalidMappingException: Required field forum_id (mapped to column forum_id) was missing from record. Please remove it from the mapping or set schema.allowMissingFields to true.
	at com.datastax.dsbulk.engine.internal.schema.InvalidMappingException.missingField(InvalidMappingException.java:38)
	at com.datastax.dsbulk.engine.internal.schema.DefaultRecordMapper.ensureAllFieldsPresent(DefaultRecordMapper.java:185)
	at com.datastax.dsbulk.engine.internal.schema.DefaultRecordMapper.map(DefaultRecordMapper.java:106)
	at java.lang.Thread.run(Thread.java:748) [22 skipped]

Resource: file:/Users/brunoguedes/RafaelPOC/sample-data/forum_hasModerator_person_0_0.csv
Position: 83
Source: 343597383777|4398046511147\u000a
com.datastax.dsbulk.engine.internal.schema.InvalidMappingException: Required field forum_id (mapped to column forum_id) was missing from record. Please remove it from the mapping or set schema.allowMissingFields to true.
	at com.datastax.dsbulk.engine.internal.schema.InvalidMappingException.missingField(InvalidMappingException.java:38)
	at com.datastax.dsbulk.engine.internal.schema.DefaultRecordMapper.ensureAllFieldsPresent(DefaultRecordMapper.java:185)
	at com.datastax.dsbulk.engine.internal.schema.DefaultRecordMapper.map(DefaultRecordMapper.java:106)
	at java.lang.Thread.run(Thread.java:748) [22 skipped]

Resource: file:/Users/brunoguedes/RafaelPOC/sample-data/forum_hasModerator_person_0_0.csv
Position: 84
Source: 274877907042|4398046511147\u000a
com.datastax.dsbulk.engine.internal.schema.InvalidMappingException: Required field forum_id (mapped to column forum_id) was missing from record. Please remove it from the mapping or set schema.allowMissingFields to true.
	at com.datastax.dsbulk.engine.internal.schema.InvalidMappingException.missingField(InvalidMappingException.java:38)
	at com.datastax.dsbulk.engine.internal.schema.DefaultRecordMapper.ensureAllFieldsPresent(DefaultRecordMapper.java:185)
	at com.datastax.dsbulk.engine.internal.schema.DefaultRecordMapper.map(DefaultRecordMapper.java:106)
	at java.lang.Thread.run(Thread.java:748) [22 skipped]

Resource: file:/Users/brunoguedes/RafaelPOC/sample-data/forum_hasModerator_person_0_0.csv
Position: 85
Source: 274877907043|4398046511147\u000a
com.datastax.dsbulk.engine.internal.schema.InvalidMappingException: Required field forum_id (mapped to column forum_id) was missing from record. Please remove it from the mapping or set schema.allowMissingFields to true.
	at com.datastax.dsbulk.engine.internal.schema.InvalidMappingException.missingField(InvalidMappingException.java:38)
	at com.datastax.dsbulk.engine.internal.schema.DefaultRecordMapper.ensureAllFieldsPresent(DefaultRecordMapper.java:185)
	at com.datastax.dsbulk.engine.internal.schema.DefaultRecordMapper.map(DefaultRecordMapper.java:106)
	at java.lang.Thread.run(Thread.java:748) [22 skipped]

Resource: file:/Users/brunoguedes/RafaelPOC/sample-data/forum_hasModerator_person_0_0.csv
Position: 86
Source: 206158430308|4398046511147\u000a
com.datastax.dsbulk.engine.internal.schema.InvalidMappingException: Required field forum_id (mapped to column forum_id) was missing from record. Please remove it from the mapping or set schema.allowMissingFields to true.
	at com.datastax.dsbulk.engine.internal.schema.InvalidMappingException.missingField(InvalidMappingException.java:38)
	at com.datastax.dsbulk.engine.internal.schema.DefaultRecordMapper.ensureAllFieldsPresent(DefaultRecordMapper.java:185)
	at com.datastax.dsbulk.engine.internal.schema.DefaultRecordMapper.map(DefaultRecordMapper.java:106)
	at java.lang.Thread.run(Thread.java:748) [22 skipped]

Resource: file:/Users/brunoguedes/RafaelPOC/sample-data/forum_hasModerator_person_0_0.csv
Position: 87
Source: 274877907045|4398046511147\u000a
com.datastax.dsbulk.engine.internal.schema.InvalidMappingException: Required field forum_id (mapped to column forum_id) was missing from record. Please remove it from the mapping or set schema.allowMissingFields to true.
	at com.datastax.dsbulk.engine.internal.schema.InvalidMappingException.missingField(InvalidMappingException.java:38)
	at com.datastax.dsbulk.engine.internal.schema.DefaultRecordMapper.ensureAllFieldsPresent(DefaultRecordMapper.java:185)
	at com.datastax.dsbulk.engine.internal.schema.DefaultRecordMapper.map(DefaultRecordMapper.java:106)
	at java.lang.Thread.run(Thread.java:748) [22 skipped]

Resource: file:/Users/brunoguedes/RafaelPOC/sample-data/forum_hasModerator_person_0_0.csv
Position: 88
Source: 206158430310|4398046511147\u000a
com.datastax.dsbulk.engine.internal.schema.InvalidMappingException: Required field forum_id (mapped to column forum_id) was missing from record. Please remove it from the mapping or set schema.allowMissingFields to true.
	at com.datastax.dsbulk.engine.internal.schema.InvalidMappingException.missingField(InvalidMappingException.java:38)
	at com.datastax.dsbulk.engine.internal.schema.DefaultRecordMapper.ensureAllFieldsPresent(DefaultRecordMapper.java:185)
	at com.datastax.dsbulk.engine.internal.schema.DefaultRecordMapper.map(DefaultRecordMapper.java:106)
	at java.lang.Thread.run(Thread.java:748) [22 skipped]

Resource: file:/Users/brunoguedes/RafaelPOC/sample-data/forum_hasModerator_person_0_0.csv
Position: 89
Source: 206158430311|6597069766667\u000a
com.datastax.dsbulk.engine.internal.schema.InvalidMappingException: Required field forum_id (mapped to column forum_id) was missing from record. Please remove it from the mapping or set schema.allowMissingFields to true.
	at com.datastax.dsbulk.engine.internal.schema.InvalidMappingException.missingField(InvalidMappingException.java:38)
	at com.datastax.dsbulk.engine.internal.schema.DefaultRecordMapper.ensureAllFieldsPresent(DefaultRecordMapper.java:185)
	at com.datastax.dsbulk.engine.internal.schema.DefaultRecordMapper.map(DefaultRecordMapper.java:106)
	at java.lang.Thread.run(Thread.java:748) [22 skipped]

Resource: file:/Users/brunoguedes/RafaelPOC/sample-data/forum_hasModerator_person_0_0.csv
Position: 90
Source: 343597383784|6597069766667\u000a
com.datastax.dsbulk.engine.internal.schema.InvalidMappingException: Required field forum_id (mapped to column forum_id) was missing from record. Please remove it from the mapping or set schema.allowMissingFields to true.
	at com.datastax.dsbulk.engine.internal.schema.InvalidMappingException.missingField(InvalidMappingException.java:38)
	at com.datastax.dsbulk.engine.internal.schema.DefaultRecordMapper.ensureAllFieldsPresent(DefaultRecordMapper.java:185)
	at com.datastax.dsbulk.engine.internal.schema.DefaultRecordMapper.map(DefaultRecordMapper.java:106)
	at java.lang.Thread.run(Thread.java:748) [22 skipped]

Resource: file:/Users/brunoguedes/RafaelPOC/sample-data/forum_hasModerator_person_0_0.csv
Position: 91
Source: 274877907050|6597069766667\u000a
com.datastax.dsbulk.engine.internal.schema.InvalidMappingException: Required field forum_id (mapped to column forum_id) was missing from record. Please remove it from the mapping or set schema.allowMissingFields to true.
	at com.datastax.dsbulk.engine.internal.schema.InvalidMappingException.missingField(InvalidMappingException.java:38)
	at com.datastax.dsbulk.engine.internal.schema.DefaultRecordMapper.ensureAllFieldsPresent(DefaultRecordMapper.java:185)
	at com.datastax.dsbulk.engine.internal.schema.DefaultRecordMapper.map(DefaultRecordMapper.java:106)
	at java.lang.Thread.run(Thread.java:748) [22 skipped]

Resource: file:/Users/brunoguedes/RafaelPOC/sample-data/forum_hasModerator_person_0_0.csv
Position: 92
Source: 137438953580|4398046511136\u000a
com.datastax.dsbulk.engine.internal.schema.InvalidMappingException: Required field forum_id (mapped to column forum_id) was missing from record. Please remove it from the mapping or set schema.allowMissingFields to true.
	at com.datastax.dsbulk.engine.internal.schema.InvalidMappingException.missingField(InvalidMappingException.java:38)
	at com.datastax.dsbulk.engine.internal.schema.DefaultRecordMapper.ensureAllFieldsPresent(DefaultRecordMapper.java:185)
	at com.datastax.dsbulk.engine.internal.schema.DefaultRecordMapper.map(DefaultRecordMapper.java:106)
	at java.lang.Thread.run(Thread.java:748) [22 skipped]

Resource: file:/Users/brunoguedes/RafaelPOC/sample-data/forum_hasModerator_person_0_0.csv
Position: 93
Source: 206158430317|6597069766656\u000a
com.datastax.dsbulk.engine.internal.schema.InvalidMappingException: Required field forum_id (mapped to column forum_id) was missing from record. Please remove it from the mapping or set schema.allowMissingFields to true.
	at com.datastax.dsbulk.engine.internal.schema.InvalidMappingException.missingField(InvalidMappingException.java:38)
	at com.datastax.dsbulk.engine.internal.schema.DefaultRecordMapper.ensureAllFieldsPresent(DefaultRecordMapper.java:185)
	at com.datastax.dsbulk.engine.internal.schema.DefaultRecordMapper.map(DefaultRecordMapper.java:106)
	at java.lang.Thread.run(Thread.java:748) [22 skipped]

Resource: file:/Users/brunoguedes/RafaelPOC/sample-data/forum_hasModerator_person_0_0.csv
Position: 94
Source: 274877907054|8796093022215\u000a
com.datastax.dsbulk.engine.internal.schema.InvalidMappingException: Required field forum_id (mapped to column forum_id) was missing from record. Please remove it from the mapping or set schema.allowMissingFields to true.
	at com.datastax.dsbulk.engine.internal.schema.InvalidMappingException.missingField(InvalidMappingException.java:38)
	at com.datastax.dsbulk.engine.internal.schema.DefaultRecordMapper.ensureAllFieldsPresent(DefaultRecordMapper.java:185)
	at com.datastax.dsbulk.engine.internal.schema.DefaultRecordMapper.map(DefaultRecordMapper.java:106)
	at java.lang.Thread.run(Thread.java:748) [22 skipped]

Resource: file:/Users/brunoguedes/RafaelPOC/sample-data/forum_hasModerator_person_0_0.csv
Position: 95
Source: 111|41\u000a
com.datastax.dsbulk.engine.internal.schema.InvalidMappingException: Required field forum_id (mapped to column forum_id) was missing from record. Please remove it from the mapping or set schema.allowMissingFields to true.
	at com.datastax.dsbulk.engine.internal.schema.InvalidMappingException.missingField(InvalidMappingException.java:38)
	at com.datastax.dsbulk.engine.internal.schema.DefaultRecordMapper.ensureAllFieldsPresent(DefaultRecordMapper.java:185)
	at com.datastax.dsbulk.engine.internal.schema.DefaultRecordMapper.map(DefaultRecordMapper.java:106)
	at java.lang.Thread.run(Thread.java:748) [22 skipped]

Resource: file:/Users/brunoguedes/RafaelPOC/sample-data/forum_hasModerator_person_0_0.csv
Position: 96
Source: 137438953584|4398046511151\u000a
com.datastax.dsbulk.engine.internal.schema.InvalidMappingException: Required field forum_id (mapped to column forum_id) was missing from record. Please remove it from the mapping or set schema.allowMissingFields to true.
	at com.datastax.dsbulk.engine.internal.schema.InvalidMappingException.missingField(InvalidMappingException.java:38)
	at com.datastax.dsbulk.engine.internal.schema.DefaultRecordMapper.ensureAllFieldsPresent(DefaultRecordMapper.java:185)
	at com.datastax.dsbulk.engine.internal.schema.DefaultRecordMapper.map(DefaultRecordMapper.java:106)
	at java.lang.Thread.run(Thread.java:748) [22 skipped]

Resource: file:/Users/brunoguedes/RafaelPOC/sample-data/forum_hasModerator_person_0_0.csv
Position: 97
Source: 206158430323|6597069766660\u000a
com.datastax.dsbulk.engine.internal.schema.InvalidMappingException: Required field forum_id (mapped to column forum_id) was missing from record. Please remove it from the mapping or set schema.allowMissingFields to true.
	at com.datastax.dsbulk.engine.internal.schema.InvalidMappingException.missingField(InvalidMappingException.java:38)
	at com.datastax.dsbulk.engine.internal.schema.DefaultRecordMapper.ensureAllFieldsPresent(DefaultRecordMapper.java:185)
	at com.datastax.dsbulk.engine.internal.schema.DefaultRecordMapper.map(DefaultRecordMapper.java:106)
	at java.lang.Thread.run(Thread.java:748) [22 skipped]

