Resource: file:/Users/brunoguedes/RafaelPOC/sample-data/comment_hasCreator_person_0_0.csv
Position: 1
Source: 137438953797|41\u000a
com.datastax.dsbulk.engine.internal.schema.InvalidMappingException: Required field comment_id (mapped to column comment_id) was missing from record. Please remove it from the mapping or set schema.allowMissingFields to true.
	at com.datastax.dsbulk.engine.internal.schema.InvalidMappingException.missingField(InvalidMappingException.java:38)
	at com.datastax.dsbulk.engine.internal.schema.DefaultRecordMapper.ensureAllFieldsPresent(DefaultRecordMapper.java:185)
	at com.datastax.dsbulk.engine.internal.schema.DefaultRecordMapper.map(DefaultRecordMapper.java:106)
	at java.lang.Thread.run(Thread.java:748) [22 skipped]

Resource: file:/Users/brunoguedes/RafaelPOC/sample-data/comment_hasCreator_person_0_0.csv
Position: 2
Source: 137438953798|41\u000a
com.datastax.dsbulk.engine.internal.schema.InvalidMappingException: Required field comment_id (mapped to column comment_id) was missing from record. Please remove it from the mapping or set schema.allowMissingFields to true.
	at com.datastax.dsbulk.engine.internal.schema.InvalidMappingException.missingField(InvalidMappingException.java:38)
	at com.datastax.dsbulk.engine.internal.schema.DefaultRecordMapper.ensureAllFieldsPresent(DefaultRecordMapper.java:185)
	at com.datastax.dsbulk.engine.internal.schema.DefaultRecordMapper.map(DefaultRecordMapper.java:106)
	at java.lang.Thread.run(Thread.java:748) [22 skipped]

Resource: file:/Users/brunoguedes/RafaelPOC/sample-data/comment_hasCreator_person_0_0.csv
Position: 3
Source: 343597384499|8796093022252\u000a
com.datastax.dsbulk.engine.internal.schema.InvalidMappingException: Required field comment_id (mapped to column comment_id) was missing from record. Please remove it from the mapping or set schema.allowMissingFields to true.
	at com.datastax.dsbulk.engine.internal.schema.InvalidMappingException.missingField(InvalidMappingException.java:38)
	at com.datastax.dsbulk.engine.internal.schema.DefaultRecordMapper.ensureAllFieldsPresent(DefaultRecordMapper.java:185)
	at com.datastax.dsbulk.engine.internal.schema.DefaultRecordMapper.map(DefaultRecordMapper.java:106)
	at java.lang.Thread.run(Thread.java:748) [22 skipped]

Resource: file:/Users/brunoguedes/RafaelPOC/sample-data/comment_hasCreator_person_0_0.csv
Position: 4
Source: 343597384500|4398046511113\u000a
com.datastax.dsbulk.engine.internal.schema.InvalidMappingException: Required field comment_id (mapped to column comment_id) was missing from record. Please remove it from the mapping or set schema.allowMissingFields to true.
	at com.datastax.dsbulk.engine.internal.schema.InvalidMappingException.missingField(InvalidMappingException.java:38)
	at com.datastax.dsbulk.engine.internal.schema.DefaultRecordMapper.ensureAllFieldsPresent(DefaultRecordMapper.java:185)
	at com.datastax.dsbulk.engine.internal.schema.DefaultRecordMapper.map(DefaultRecordMapper.java:106)
	at java.lang.Thread.run(Thread.java:748) [22 skipped]

Resource: file:/Users/brunoguedes/RafaelPOC/sample-data/comment_hasCreator_person_0_0.csv
Position: 5
Source: 343597384501|8796093022252\u000a
com.datastax.dsbulk.engine.internal.schema.InvalidMappingException: Required field comment_id (mapped to column comment_id) was missing from record. Please remove it from the mapping or set schema.allowMissingFields to true.
	at com.datastax.dsbulk.engine.internal.schema.InvalidMappingException.missingField(InvalidMappingException.java:38)
	at com.datastax.dsbulk.engine.internal.schema.DefaultRecordMapper.ensureAllFieldsPresent(DefaultRecordMapper.java:185)
	at com.datastax.dsbulk.engine.internal.schema.DefaultRecordMapper.map(DefaultRecordMapper.java:106)
	at java.lang.Thread.run(Thread.java:748) [22 skipped]

Resource: file:/Users/brunoguedes/RafaelPOC/sample-data/comment_hasCreator_person_0_0.csv
Position: 6
Source: 343597384502|4398046511146\u000a
com.datastax.dsbulk.engine.internal.schema.InvalidMappingException: Required field comment_id (mapped to column comment_id) was missing from record. Please remove it from the mapping or set schema.allowMissingFields to true.
	at com.datastax.dsbulk.engine.internal.schema.InvalidMappingException.missingField(InvalidMappingException.java:38)
	at com.datastax.dsbulk.engine.internal.schema.DefaultRecordMapper.ensureAllFieldsPresent(DefaultRecordMapper.java:185)
	at com.datastax.dsbulk.engine.internal.schema.DefaultRecordMapper.map(DefaultRecordMapper.java:106)
	at java.lang.Thread.run(Thread.java:748) [22 skipped]

Resource: file:/Users/brunoguedes/RafaelPOC/sample-data/comment_hasCreator_person_0_0.csv
Position: 7
Source: 343597384503|2199023255555\u000a
com.datastax.dsbulk.engine.internal.schema.InvalidMappingException: Required field comment_id (mapped to column comment_id) was missing from record. Please remove it from the mapping or set schema.allowMissingFields to true.
	at com.datastax.dsbulk.engine.internal.schema.InvalidMappingException.missingField(InvalidMappingException.java:38)
	at com.datastax.dsbulk.engine.internal.schema.DefaultRecordMapper.ensureAllFieldsPresent(DefaultRecordMapper.java:185)
	at com.datastax.dsbulk.engine.internal.schema.DefaultRecordMapper.map(DefaultRecordMapper.java:106)
	at java.lang.Thread.run(Thread.java:748) [22 skipped]

Resource: file:/Users/brunoguedes/RafaelPOC/sample-data/comment_hasCreator_person_0_0.csv
Position: 8
Source: 343597384504|8796093022252\u000a
com.datastax.dsbulk.engine.internal.schema.InvalidMappingException: Required field comment_id (mapped to column comment_id) was missing from record. Please remove it from the mapping or set schema.allowMissingFields to true.
	at com.datastax.dsbulk.engine.internal.schema.InvalidMappingException.missingField(InvalidMappingException.java:38)
	at com.datastax.dsbulk.engine.internal.schema.DefaultRecordMapper.ensureAllFieldsPresent(DefaultRecordMapper.java:185)
	at com.datastax.dsbulk.engine.internal.schema.DefaultRecordMapper.map(DefaultRecordMapper.java:106)
	at java.lang.Thread.run(Thread.java:748) [22 skipped]

Resource: file:/Users/brunoguedes/RafaelPOC/sample-data/comment_hasCreator_person_0_0.csv
Position: 9
Source: 343597384505|4398046511146\u000a
com.datastax.dsbulk.engine.internal.schema.InvalidMappingException: Required field comment_id (mapped to column comment_id) was missing from record. Please remove it from the mapping or set schema.allowMissingFields to true.
	at com.datastax.dsbulk.engine.internal.schema.InvalidMappingException.missingField(InvalidMappingException.java:38)
	at com.datastax.dsbulk.engine.internal.schema.DefaultRecordMapper.ensureAllFieldsPresent(DefaultRecordMapper.java:185)
	at com.datastax.dsbulk.engine.internal.schema.DefaultRecordMapper.map(DefaultRecordMapper.java:106)
	at java.lang.Thread.run(Thread.java:748) [22 skipped]

Resource: file:/Users/brunoguedes/RafaelPOC/sample-data/comment_hasCreator_person_0_0.csv
Position: 10
Source: 343597384506|4398046511151\u000a
com.datastax.dsbulk.engine.internal.schema.InvalidMappingException: Required field comment_id (mapped to column comment_id) was missing from record. Please remove it from the mapping or set schema.allowMissingFields to true.
	at com.datastax.dsbulk.engine.internal.schema.InvalidMappingException.missingField(InvalidMappingException.java:38)
	at com.datastax.dsbulk.engine.internal.schema.DefaultRecordMapper.ensureAllFieldsPresent(DefaultRecordMapper.java:185)
	at com.datastax.dsbulk.engine.internal.schema.DefaultRecordMapper.map(DefaultRecordMapper.java:106)
	at java.lang.Thread.run(Thread.java:748) [22 skipped]

Resource: file:/Users/brunoguedes/RafaelPOC/sample-data/comment_hasCreator_person_0_0.csv
Position: 11
Source: 343597384507|4398046511146\u000a
com.datastax.dsbulk.engine.internal.schema.InvalidMappingException: Required field comment_id (mapped to column comment_id) was missing from record. Please remove it from the mapping or set schema.allowMissingFields to true.
	at com.datastax.dsbulk.engine.internal.schema.InvalidMappingException.missingField(InvalidMappingException.java:38)
	at com.datastax.dsbulk.engine.internal.schema.DefaultRecordMapper.ensureAllFieldsPresent(DefaultRecordMapper.java:185)
	at com.datastax.dsbulk.engine.internal.schema.DefaultRecordMapper.map(DefaultRecordMapper.java:106)
	at java.lang.Thread.run(Thread.java:748) [22 skipped]

Resource: file:/Users/brunoguedes/RafaelPOC/sample-data/comment_hasCreator_person_0_0.csv
Position: 12
Source: 343597384508|4398046511151\u000a
com.datastax.dsbulk.engine.internal.schema.InvalidMappingException: Required field comment_id (mapped to column comment_id) was missing from record. Please remove it from the mapping or set schema.allowMissingFields to true.
	at com.datastax.dsbulk.engine.internal.schema.InvalidMappingException.missingField(InvalidMappingException.java:38)
	at com.datastax.dsbulk.engine.internal.schema.DefaultRecordMapper.ensureAllFieldsPresent(DefaultRecordMapper.java:185)
	at com.datastax.dsbulk.engine.internal.schema.DefaultRecordMapper.map(DefaultRecordMapper.java:106)
	at java.lang.Thread.run(Thread.java:748) [22 skipped]

Resource: file:/Users/brunoguedes/RafaelPOC/sample-data/comment_hasCreator_person_0_0.csv
Position: 13
Source: 343597384509|2199023255580\u000a
com.datastax.dsbulk.engine.internal.schema.InvalidMappingException: Required field comment_id (mapped to column comment_id) was missing from record. Please remove it from the mapping or set schema.allowMissingFields to true.
	at com.datastax.dsbulk.engine.internal.schema.InvalidMappingException.missingField(InvalidMappingException.java:38)
	at com.datastax.dsbulk.engine.internal.schema.DefaultRecordMapper.ensureAllFieldsPresent(DefaultRecordMapper.java:185)
	at com.datastax.dsbulk.engine.internal.schema.DefaultRecordMapper.map(DefaultRecordMapper.java:106)
	at java.lang.Thread.run(Thread.java:748) [22 skipped]

Resource: file:/Users/brunoguedes/RafaelPOC/sample-data/comment_hasCreator_person_0_0.csv
Position: 14
Source: 343597384510|2199023255580\u000a
com.datastax.dsbulk.engine.internal.schema.InvalidMappingException: Required field comment_id (mapped to column comment_id) was missing from record. Please remove it from the mapping or set schema.allowMissingFields to true.
	at com.datastax.dsbulk.engine.internal.schema.InvalidMappingException.missingField(InvalidMappingException.java:38)
	at com.datastax.dsbulk.engine.internal.schema.DefaultRecordMapper.ensureAllFieldsPresent(DefaultRecordMapper.java:185)
	at com.datastax.dsbulk.engine.internal.schema.DefaultRecordMapper.map(DefaultRecordMapper.java:106)
	at java.lang.Thread.run(Thread.java:748) [22 skipped]

Resource: file:/Users/brunoguedes/RafaelPOC/sample-data/comment_hasCreator_person_0_0.csv
Position: 15
Source: 343597384511|4398046511113\u000a
com.datastax.dsbulk.engine.internal.schema.InvalidMappingException: Required field comment_id (mapped to column comment_id) was missing from record. Please remove it from the mapping or set schema.allowMissingFields to true.
	at com.datastax.dsbulk.engine.internal.schema.InvalidMappingException.missingField(InvalidMappingException.java:38)
	at com.datastax.dsbulk.engine.internal.schema.DefaultRecordMapper.ensureAllFieldsPresent(DefaultRecordMapper.java:185)
	at com.datastax.dsbulk.engine.internal.schema.DefaultRecordMapper.map(DefaultRecordMapper.java:106)
	at java.lang.Thread.run(Thread.java:748) [22 skipped]

Resource: file:/Users/brunoguedes/RafaelPOC/sample-data/comment_hasCreator_person_0_0.csv
Position: 16
Source: 343597384512|4398046511151\u000a
com.datastax.dsbulk.engine.internal.schema.InvalidMappingException: Required field comment_id (mapped to column comment_id) was missing from record. Please remove it from the mapping or set schema.allowMissingFields to true.
	at com.datastax.dsbulk.engine.internal.schema.InvalidMappingException.missingField(InvalidMappingException.java:38)
	at com.datastax.dsbulk.engine.internal.schema.DefaultRecordMapper.ensureAllFieldsPresent(DefaultRecordMapper.java:185)
	at com.datastax.dsbulk.engine.internal.schema.DefaultRecordMapper.map(DefaultRecordMapper.java:106)
	at java.lang.Thread.run(Thread.java:748) [22 skipped]

Resource: file:/Users/brunoguedes/RafaelPOC/sample-data/comment_hasCreator_person_0_0.csv
Position: 17
Source: 343597384513|8796093022232\u000a
com.datastax.dsbulk.engine.internal.schema.InvalidMappingException: Required field comment_id (mapped to column comment_id) was missing from record. Please remove it from the mapping or set schema.allowMissingFields to true.
	at com.datastax.dsbulk.engine.internal.schema.InvalidMappingException.missingField(InvalidMappingException.java:38)
	at com.datastax.dsbulk.engine.internal.schema.DefaultRecordMapper.ensureAllFieldsPresent(DefaultRecordMapper.java:185)
	at com.datastax.dsbulk.engine.internal.schema.DefaultRecordMapper.map(DefaultRecordMapper.java:106)
	at java.lang.Thread.run(Thread.java:748) [22 skipped]

Resource: file:/Users/brunoguedes/RafaelPOC/sample-data/comment_hasCreator_person_0_0.csv
Position: 18
Source: 274877907779|8796093022235\u000a
com.datastax.dsbulk.engine.internal.schema.InvalidMappingException: Required field comment_id (mapped to column comment_id) was missing from record. Please remove it from the mapping or set schema.allowMissingFields to true.
	at com.datastax.dsbulk.engine.internal.schema.InvalidMappingException.missingField(InvalidMappingException.java:38)
	at com.datastax.dsbulk.engine.internal.schema.DefaultRecordMapper.ensureAllFieldsPresent(DefaultRecordMapper.java:185)
	at com.datastax.dsbulk.engine.internal.schema.DefaultRecordMapper.map(DefaultRecordMapper.java:106)
	at java.lang.Thread.run(Thread.java:748) [22 skipped]

Resource: file:/Users/brunoguedes/RafaelPOC/sample-data/comment_hasCreator_person_0_0.csv
Position: 19
Source: 274877907780|8796093022239\u000a
com.datastax.dsbulk.engine.internal.schema.InvalidMappingException: Required field comment_id (mapped to column comment_id) was missing from record. Please remove it from the mapping or set schema.allowMissingFields to true.
	at com.datastax.dsbulk.engine.internal.schema.InvalidMappingException.missingField(InvalidMappingException.java:38)
	at com.datastax.dsbulk.engine.internal.schema.DefaultRecordMapper.ensureAllFieldsPresent(DefaultRecordMapper.java:185)
	at com.datastax.dsbulk.engine.internal.schema.DefaultRecordMapper.map(DefaultRecordMapper.java:106)
	at java.lang.Thread.run(Thread.java:748) [22 skipped]

Resource: file:/Users/brunoguedes/RafaelPOC/sample-data/comment_hasCreator_person_0_0.csv
Position: 20
Source: 274877907781|4398046511151\u000a
com.datastax.dsbulk.engine.internal.schema.InvalidMappingException: Required field comment_id (mapped to column comment_id) was missing from record. Please remove it from the mapping or set schema.allowMissingFields to true.
	at com.datastax.dsbulk.engine.internal.schema.InvalidMappingException.missingField(InvalidMappingException.java:38)
	at com.datastax.dsbulk.engine.internal.schema.DefaultRecordMapper.ensureAllFieldsPresent(DefaultRecordMapper.java:185)
	at com.datastax.dsbulk.engine.internal.schema.DefaultRecordMapper.map(DefaultRecordMapper.java:106)
	at java.lang.Thread.run(Thread.java:748) [22 skipped]

Resource: file:/Users/brunoguedes/RafaelPOC/sample-data/comment_hasCreator_person_0_0.csv
Position: 21
Source: 274877907782|8796093022252\u000a
com.datastax.dsbulk.engine.internal.schema.InvalidMappingException: Required field comment_id (mapped to column comment_id) was missing from record. Please remove it from the mapping or set schema.allowMissingFields to true.
	at com.datastax.dsbulk.engine.internal.schema.InvalidMappingException.missingField(InvalidMappingException.java:38)
	at com.datastax.dsbulk.engine.internal.schema.DefaultRecordMapper.ensureAllFieldsPresent(DefaultRecordMapper.java:185)
	at com.datastax.dsbulk.engine.internal.schema.DefaultRecordMapper.map(DefaultRecordMapper.java:106)
	at java.lang.Thread.run(Thread.java:748) [22 skipped]

Resource: file:/Users/brunoguedes/RafaelPOC/sample-data/comment_hasCreator_person_0_0.csv
Position: 22
Source: 274877907783|8796093022248\u000a
com.datastax.dsbulk.engine.internal.schema.InvalidMappingException: Required field comment_id (mapped to column comment_id) was missing from record. Please remove it from the mapping or set schema.allowMissingFields to true.
	at com.datastax.dsbulk.engine.internal.schema.InvalidMappingException.missingField(InvalidMappingException.java:38)
	at com.datastax.dsbulk.engine.internal.schema.DefaultRecordMapper.ensureAllFieldsPresent(DefaultRecordMapper.java:185)
	at com.datastax.dsbulk.engine.internal.schema.DefaultRecordMapper.map(DefaultRecordMapper.java:106)
	at java.lang.Thread.run(Thread.java:748) [22 skipped]

Resource: file:/Users/brunoguedes/RafaelPOC/sample-data/comment_hasCreator_person_0_0.csv
Position: 23
Source: 274877907784|4398046511151\u000a
com.datastax.dsbulk.engine.internal.schema.InvalidMappingException: Required field comment_id (mapped to column comment_id) was missing from record. Please remove it from the mapping or set schema.allowMissingFields to true.
	at com.datastax.dsbulk.engine.internal.schema.InvalidMappingException.missingField(InvalidMappingException.java:38)
	at com.datastax.dsbulk.engine.internal.schema.DefaultRecordMapper.ensureAllFieldsPresent(DefaultRecordMapper.java:185)
	at com.datastax.dsbulk.engine.internal.schema.DefaultRecordMapper.map(DefaultRecordMapper.java:106)
	at java.lang.Thread.run(Thread.java:748) [22 skipped]

Resource: file:/Users/brunoguedes/RafaelPOC/sample-data/comment_hasCreator_person_0_0.csv
Position: 24
Source: 274877907785|4398046511146\u000a
com.datastax.dsbulk.engine.internal.schema.InvalidMappingException: Required field comment_id (mapped to column comment_id) was missing from record. Please remove it from the mapping or set schema.allowMissingFields to true.
	at com.datastax.dsbulk.engine.internal.schema.InvalidMappingException.missingField(InvalidMappingException.java:38)
	at com.datastax.dsbulk.engine.internal.schema.DefaultRecordMapper.ensureAllFieldsPresent(DefaultRecordMapper.java:185)
	at com.datastax.dsbulk.engine.internal.schema.DefaultRecordMapper.map(DefaultRecordMapper.java:106)
	at java.lang.Thread.run(Thread.java:748) [22 skipped]

Resource: file:/Users/brunoguedes/RafaelPOC/sample-data/comment_hasCreator_person_0_0.csv
Position: 25
Source: 274877907786|4398046511146\u000a
com.datastax.dsbulk.engine.internal.schema.InvalidMappingException: Required field comment_id (mapped to column comment_id) was missing from record. Please remove it from the mapping or set schema.allowMissingFields to true.
	at com.datastax.dsbulk.engine.internal.schema.InvalidMappingException.missingField(InvalidMappingException.java:38)
	at com.datastax.dsbulk.engine.internal.schema.DefaultRecordMapper.ensureAllFieldsPresent(DefaultRecordMapper.java:185)
	at com.datastax.dsbulk.engine.internal.schema.DefaultRecordMapper.map(DefaultRecordMapper.java:106)
	at java.lang.Thread.run(Thread.java:748) [22 skipped]

Resource: file:/Users/brunoguedes/RafaelPOC/sample-data/comment_hasCreator_person_0_0.csv
Position: 26
Source: 274877907787|2199023255555\u000a
com.datastax.dsbulk.engine.internal.schema.InvalidMappingException: Required field comment_id (mapped to column comment_id) was missing from record. Please remove it from the mapping or set schema.allowMissingFields to true.
	at com.datastax.dsbulk.engine.internal.schema.InvalidMappingException.missingField(InvalidMappingException.java:38)
	at com.datastax.dsbulk.engine.internal.schema.DefaultRecordMapper.ensureAllFieldsPresent(DefaultRecordMapper.java:185)
	at com.datastax.dsbulk.engine.internal.schema.DefaultRecordMapper.map(DefaultRecordMapper.java:106)
	at java.lang.Thread.run(Thread.java:748) [22 skipped]

Resource: file:/Users/brunoguedes/RafaelPOC/sample-data/comment_hasCreator_person_0_0.csv
Position: 27
Source: 274877907788|8796093022248\u000a
com.datastax.dsbulk.engine.internal.schema.InvalidMappingException: Required field comment_id (mapped to column comment_id) was missing from record. Please remove it from the mapping or set schema.allowMissingFields to true.
	at com.datastax.dsbulk.engine.internal.schema.InvalidMappingException.missingField(InvalidMappingException.java:38)
	at com.datastax.dsbulk.engine.internal.schema.DefaultRecordMapper.ensureAllFieldsPresent(DefaultRecordMapper.java:185)
	at com.datastax.dsbulk.engine.internal.schema.DefaultRecordMapper.map(DefaultRecordMapper.java:106)
	at java.lang.Thread.run(Thread.java:748) [22 skipped]

Resource: file:/Users/brunoguedes/RafaelPOC/sample-data/comment_hasCreator_person_0_0.csv
Position: 28
Source: 274877907789|2199023255580\u000a
com.datastax.dsbulk.engine.internal.schema.InvalidMappingException: Required field comment_id (mapped to column comment_id) was missing from record. Please remove it from the mapping or set schema.allowMissingFields to true.
	at com.datastax.dsbulk.engine.internal.schema.InvalidMappingException.missingField(InvalidMappingException.java:38)
	at com.datastax.dsbulk.engine.internal.schema.DefaultRecordMapper.ensureAllFieldsPresent(DefaultRecordMapper.java:185)
	at com.datastax.dsbulk.engine.internal.schema.DefaultRecordMapper.map(DefaultRecordMapper.java:106)
	at java.lang.Thread.run(Thread.java:748) [22 skipped]

Resource: file:/Users/brunoguedes/RafaelPOC/sample-data/comment_hasCreator_person_0_0.csv
Position: 29
Source: 274877907790|2199023255555\u000a
com.datastax.dsbulk.engine.internal.schema.InvalidMappingException: Required field comment_id (mapped to column comment_id) was missing from record. Please remove it from the mapping or set schema.allowMissingFields to true.
	at com.datastax.dsbulk.engine.internal.schema.InvalidMappingException.missingField(InvalidMappingException.java:38)
	at com.datastax.dsbulk.engine.internal.schema.DefaultRecordMapper.ensureAllFieldsPresent(DefaultRecordMapper.java:185)
	at com.datastax.dsbulk.engine.internal.schema.DefaultRecordMapper.map(DefaultRecordMapper.java:106)
	at java.lang.Thread.run(Thread.java:748) [22 skipped]

Resource: file:/Users/brunoguedes/RafaelPOC/sample-data/comment_hasCreator_person_0_0.csv
Position: 30
Source: 274877907791|8796093022239\u000a
com.datastax.dsbulk.engine.internal.schema.InvalidMappingException: Required field comment_id (mapped to column comment_id) was missing from record. Please remove it from the mapping or set schema.allowMissingFields to true.
	at com.datastax.dsbulk.engine.internal.schema.InvalidMappingException.missingField(InvalidMappingException.java:38)
	at com.datastax.dsbulk.engine.internal.schema.DefaultRecordMapper.ensureAllFieldsPresent(DefaultRecordMapper.java:185)
	at com.datastax.dsbulk.engine.internal.schema.DefaultRecordMapper.map(DefaultRecordMapper.java:106)
	at java.lang.Thread.run(Thread.java:748) [22 skipped]

Resource: file:/Users/brunoguedes/RafaelPOC/sample-data/comment_hasCreator_person_0_0.csv
Position: 31
Source: 274877907792|8796093022248\u000a
com.datastax.dsbulk.engine.internal.schema.InvalidMappingException: Required field comment_id (mapped to column comment_id) was missing from record. Please remove it from the mapping or set schema.allowMissingFields to true.
	at com.datastax.dsbulk.engine.internal.schema.InvalidMappingException.missingField(InvalidMappingException.java:38)
	at com.datastax.dsbulk.engine.internal.schema.DefaultRecordMapper.ensureAllFieldsPresent(DefaultRecordMapper.java:185)
	at com.datastax.dsbulk.engine.internal.schema.DefaultRecordMapper.map(DefaultRecordMapper.java:106)
	at java.lang.Thread.run(Thread.java:748) [22 skipped]

Resource: file:/Users/brunoguedes/RafaelPOC/sample-data/comment_hasCreator_person_0_0.csv
Position: 32
Source: 274877907965|4398046511123\u000a
com.datastax.dsbulk.engine.internal.schema.InvalidMappingException: Required field comment_id (mapped to column comment_id) was missing from record. Please remove it from the mapping or set schema.allowMissingFields to true.
	at com.datastax.dsbulk.engine.internal.schema.InvalidMappingException.missingField(InvalidMappingException.java:38)
	at com.datastax.dsbulk.engine.internal.schema.DefaultRecordMapper.ensureAllFieldsPresent(DefaultRecordMapper.java:185)
	at com.datastax.dsbulk.engine.internal.schema.DefaultRecordMapper.map(DefaultRecordMapper.java:106)
	at java.lang.Thread.run(Thread.java:748) [22 skipped]

Resource: file:/Users/brunoguedes/RafaelPOC/sample-data/comment_hasCreator_person_0_0.csv
Position: 33
Source: 274877907966|4398046511133\u000a
com.datastax.dsbulk.engine.internal.schema.InvalidMappingException: Required field comment_id (mapped to column comment_id) was missing from record. Please remove it from the mapping or set schema.allowMissingFields to true.
	at com.datastax.dsbulk.engine.internal.schema.InvalidMappingException.missingField(InvalidMappingException.java:38)
	at com.datastax.dsbulk.engine.internal.schema.DefaultRecordMapper.ensureAllFieldsPresent(DefaultRecordMapper.java:185)
	at com.datastax.dsbulk.engine.internal.schema.DefaultRecordMapper.map(DefaultRecordMapper.java:106)
	at java.lang.Thread.run(Thread.java:748) [22 skipped]

Resource: file:/Users/brunoguedes/RafaelPOC/sample-data/comment_hasCreator_person_0_0.csv
Position: 34
Source: 274877907967|4398046511123\u000a
com.datastax.dsbulk.engine.internal.schema.InvalidMappingException: Required field comment_id (mapped to column comment_id) was missing from record. Please remove it from the mapping or set schema.allowMissingFields to true.
	at com.datastax.dsbulk.engine.internal.schema.InvalidMappingException.missingField(InvalidMappingException.java:38)
	at com.datastax.dsbulk.engine.internal.schema.DefaultRecordMapper.ensureAllFieldsPresent(DefaultRecordMapper.java:185)
	at com.datastax.dsbulk.engine.internal.schema.DefaultRecordMapper.map(DefaultRecordMapper.java:106)
	at java.lang.Thread.run(Thread.java:748) [22 skipped]

Resource: file:/Users/brunoguedes/RafaelPOC/sample-data/comment_hasCreator_person_0_0.csv
Position: 35
Source: 274877907968|6597069766701\u000a
com.datastax.dsbulk.engine.internal.schema.InvalidMappingException: Required field comment_id (mapped to column comment_id) was missing from record. Please remove it from the mapping or set schema.allowMissingFields to true.
	at com.datastax.dsbulk.engine.internal.schema.InvalidMappingException.missingField(InvalidMappingException.java:38)
	at com.datastax.dsbulk.engine.internal.schema.DefaultRecordMapper.ensureAllFieldsPresent(DefaultRecordMapper.java:185)
	at com.datastax.dsbulk.engine.internal.schema.DefaultRecordMapper.map(DefaultRecordMapper.java:106)
	at java.lang.Thread.run(Thread.java:748) [22 skipped]

Resource: file:/Users/brunoguedes/RafaelPOC/sample-data/comment_hasCreator_person_0_0.csv
Position: 36
Source: 274877907969|4398046511133\u000a
com.datastax.dsbulk.engine.internal.schema.InvalidMappingException: Required field comment_id (mapped to column comment_id) was missing from record. Please remove it from the mapping or set schema.allowMissingFields to true.
	at com.datastax.dsbulk.engine.internal.schema.InvalidMappingException.missingField(InvalidMappingException.java:38)
	at com.datastax.dsbulk.engine.internal.schema.DefaultRecordMapper.ensureAllFieldsPresent(DefaultRecordMapper.java:185)
	at com.datastax.dsbulk.engine.internal.schema.DefaultRecordMapper.map(DefaultRecordMapper.java:106)
	at java.lang.Thread.run(Thread.java:748) [22 skipped]

Resource: file:/Users/brunoguedes/RafaelPOC/sample-data/comment_hasCreator_person_0_0.csv
Position: 37
Source: 343597384706|4398046511123\u000a
com.datastax.dsbulk.engine.internal.schema.InvalidMappingException: Required field comment_id (mapped to column comment_id) was missing from record. Please remove it from the mapping or set schema.allowMissingFields to true.
	at com.datastax.dsbulk.engine.internal.schema.InvalidMappingException.missingField(InvalidMappingException.java:38)
	at com.datastax.dsbulk.engine.internal.schema.DefaultRecordMapper.ensureAllFieldsPresent(DefaultRecordMapper.java:185)
	at com.datastax.dsbulk.engine.internal.schema.DefaultRecordMapper.map(DefaultRecordMapper.java:106)
	at java.lang.Thread.run(Thread.java:748) [22 skipped]

Resource: file:/Users/brunoguedes/RafaelPOC/sample-data/comment_hasCreator_person_0_0.csv
Position: 38
Source: 343597384707|4398046511123\u000a
com.datastax.dsbulk.engine.internal.schema.InvalidMappingException: Required field comment_id (mapped to column comment_id) was missing from record. Please remove it from the mapping or set schema.allowMissingFields to true.
	at com.datastax.dsbulk.engine.internal.schema.InvalidMappingException.missingField(InvalidMappingException.java:38)
	at com.datastax.dsbulk.engine.internal.schema.DefaultRecordMapper.ensureAllFieldsPresent(DefaultRecordMapper.java:185)
	at com.datastax.dsbulk.engine.internal.schema.DefaultRecordMapper.map(DefaultRecordMapper.java:106)
	at java.lang.Thread.run(Thread.java:748) [22 skipped]

Resource: file:/Users/brunoguedes/RafaelPOC/sample-data/comment_hasCreator_person_0_0.csv
Position: 39
Source: 274877907972|4398046511123\u000a
com.datastax.dsbulk.engine.internal.schema.InvalidMappingException: Required field comment_id (mapped to column comment_id) was missing from record. Please remove it from the mapping or set schema.allowMissingFields to true.
	at com.datastax.dsbulk.engine.internal.schema.InvalidMappingException.missingField(InvalidMappingException.java:38)
	at com.datastax.dsbulk.engine.internal.schema.DefaultRecordMapper.ensureAllFieldsPresent(DefaultRecordMapper.java:185)
	at com.datastax.dsbulk.engine.internal.schema.DefaultRecordMapper.map(DefaultRecordMapper.java:106)
	at java.lang.Thread.run(Thread.java:748) [22 skipped]

Resource: file:/Users/brunoguedes/RafaelPOC/sample-data/comment_hasCreator_person_0_0.csv
Position: 40
Source: 274877907973|6597069766701\u000a
com.datastax.dsbulk.engine.internal.schema.InvalidMappingException: Required field comment_id (mapped to column comment_id) was missing from record. Please remove it from the mapping or set schema.allowMissingFields to true.
	at com.datastax.dsbulk.engine.internal.schema.InvalidMappingException.missingField(InvalidMappingException.java:38)
	at com.datastax.dsbulk.engine.internal.schema.DefaultRecordMapper.ensureAllFieldsPresent(DefaultRecordMapper.java:185)
	at com.datastax.dsbulk.engine.internal.schema.DefaultRecordMapper.map(DefaultRecordMapper.java:106)
	at java.lang.Thread.run(Thread.java:748) [22 skipped]

Resource: file:/Users/brunoguedes/RafaelPOC/sample-data/comment_hasCreator_person_0_0.csv
Position: 41
Source: 343597384710|6597069766701\u000a
com.datastax.dsbulk.engine.internal.schema.InvalidMappingException: Required field comment_id (mapped to column comment_id) was missing from record. Please remove it from the mapping or set schema.allowMissingFields to true.
	at com.datastax.dsbulk.engine.internal.schema.InvalidMappingException.missingField(InvalidMappingException.java:38)
	at com.datastax.dsbulk.engine.internal.schema.DefaultRecordMapper.ensureAllFieldsPresent(DefaultRecordMapper.java:185)
	at com.datastax.dsbulk.engine.internal.schema.DefaultRecordMapper.map(DefaultRecordMapper.java:106)
	at java.lang.Thread.run(Thread.java:748) [22 skipped]

Resource: file:/Users/brunoguedes/RafaelPOC/sample-data/comment_hasCreator_person_0_0.csv
Position: 42
Source: 274877907975|4398046511109\u000a
com.datastax.dsbulk.engine.internal.schema.InvalidMappingException: Required field comment_id (mapped to column comment_id) was missing from record. Please remove it from the mapping or set schema.allowMissingFields to true.
	at com.datastax.dsbulk.engine.internal.schema.InvalidMappingException.missingField(InvalidMappingException.java:38)
	at com.datastax.dsbulk.engine.internal.schema.DefaultRecordMapper.ensureAllFieldsPresent(DefaultRecordMapper.java:185)
	at com.datastax.dsbulk.engine.internal.schema.DefaultRecordMapper.map(DefaultRecordMapper.java:106)
	at java.lang.Thread.run(Thread.java:748) [22 skipped]

Resource: file:/Users/brunoguedes/RafaelPOC/sample-data/comment_hasCreator_person_0_0.csv
Position: 43
Source: 343597384712|6597069766674\u000a
com.datastax.dsbulk.engine.internal.schema.InvalidMappingException: Required field comment_id (mapped to column comment_id) was missing from record. Please remove it from the mapping or set schema.allowMissingFields to true.
	at com.datastax.dsbulk.engine.internal.schema.InvalidMappingException.missingField(InvalidMappingException.java:38)
	at com.datastax.dsbulk.engine.internal.schema.DefaultRecordMapper.ensureAllFieldsPresent(DefaultRecordMapper.java:185)
	at com.datastax.dsbulk.engine.internal.schema.DefaultRecordMapper.map(DefaultRecordMapper.java:106)
	at java.lang.Thread.run(Thread.java:748) [22 skipped]

Resource: file:/Users/brunoguedes/RafaelPOC/sample-data/comment_hasCreator_person_0_0.csv
Position: 44
Source: 274877907978|6597069766674\u000a
com.datastax.dsbulk.engine.internal.schema.InvalidMappingException: Required field comment_id (mapped to column comment_id) was missing from record. Please remove it from the mapping or set schema.allowMissingFields to true.
	at com.datastax.dsbulk.engine.internal.schema.InvalidMappingException.missingField(InvalidMappingException.java:38)
	at com.datastax.dsbulk.engine.internal.schema.DefaultRecordMapper.ensureAllFieldsPresent(DefaultRecordMapper.java:185)
	at com.datastax.dsbulk.engine.internal.schema.DefaultRecordMapper.map(DefaultRecordMapper.java:106)
	at java.lang.Thread.run(Thread.java:748) [22 skipped]

Resource: file:/Users/brunoguedes/RafaelPOC/sample-data/comment_hasCreator_person_0_0.csv
Position: 45
Source: 274877907979|4398046511123\u000a
com.datastax.dsbulk.engine.internal.schema.InvalidMappingException: Required field comment_id (mapped to column comment_id) was missing from record. Please remove it from the mapping or set schema.allowMissingFields to true.
	at com.datastax.dsbulk.engine.internal.schema.InvalidMappingException.missingField(InvalidMappingException.java:38)
	at com.datastax.dsbulk.engine.internal.schema.DefaultRecordMapper.ensureAllFieldsPresent(DefaultRecordMapper.java:185)
	at com.datastax.dsbulk.engine.internal.schema.DefaultRecordMapper.map(DefaultRecordMapper.java:106)
	at java.lang.Thread.run(Thread.java:748) [22 skipped]

Resource: file:/Users/brunoguedes/RafaelPOC/sample-data/comment_hasCreator_person_0_0.csv
Position: 46
Source: 343597384736|4398046511146\u000a
com.datastax.dsbulk.engine.internal.schema.InvalidMappingException: Required field comment_id (mapped to column comment_id) was missing from record. Please remove it from the mapping or set schema.allowMissingFields to true.
	at com.datastax.dsbulk.engine.internal.schema.InvalidMappingException.missingField(InvalidMappingException.java:38)
	at com.datastax.dsbulk.engine.internal.schema.DefaultRecordMapper.ensureAllFieldsPresent(DefaultRecordMapper.java:185)
	at com.datastax.dsbulk.engine.internal.schema.DefaultRecordMapper.map(DefaultRecordMapper.java:106)
	at java.lang.Thread.run(Thread.java:748) [22 skipped]

Resource: file:/Users/brunoguedes/RafaelPOC/sample-data/comment_hasCreator_person_0_0.csv
Position: 47
Source: 343597384739|4398046511123\u000a
com.datastax.dsbulk.engine.internal.schema.InvalidMappingException: Required field comment_id (mapped to column comment_id) was missing from record. Please remove it from the mapping or set schema.allowMissingFields to true.
	at com.datastax.dsbulk.engine.internal.schema.InvalidMappingException.missingField(InvalidMappingException.java:38)
	at com.datastax.dsbulk.engine.internal.schema.DefaultRecordMapper.ensureAllFieldsPresent(DefaultRecordMapper.java:185)
	at com.datastax.dsbulk.engine.internal.schema.DefaultRecordMapper.map(DefaultRecordMapper.java:106)
	at java.lang.Thread.run(Thread.java:748) [22 skipped]

Resource: file:/Users/brunoguedes/RafaelPOC/sample-data/comment_hasCreator_person_0_0.csv
Position: 48
Source: 343597384741|4398046511146\u000a
com.datastax.dsbulk.engine.internal.schema.InvalidMappingException: Required field comment_id (mapped to column comment_id) was missing from record. Please remove it from the mapping or set schema.allowMissingFields to true.
	at com.datastax.dsbulk.engine.internal.schema.InvalidMappingException.missingField(InvalidMappingException.java:38)
	at com.datastax.dsbulk.engine.internal.schema.DefaultRecordMapper.ensureAllFieldsPresent(DefaultRecordMapper.java:185)
	at com.datastax.dsbulk.engine.internal.schema.DefaultRecordMapper.map(DefaultRecordMapper.java:106)
	at java.lang.Thread.run(Thread.java:748) [22 skipped]

Resource: file:/Users/brunoguedes/RafaelPOC/sample-data/comment_hasCreator_person_0_0.csv
Position: 49
Source: 343597384742|10995116277809\u000a
com.datastax.dsbulk.engine.internal.schema.InvalidMappingException: Required field comment_id (mapped to column comment_id) was missing from record. Please remove it from the mapping or set schema.allowMissingFields to true.
	at com.datastax.dsbulk.engine.internal.schema.InvalidMappingException.missingField(InvalidMappingException.java:38)
	at com.datastax.dsbulk.engine.internal.schema.DefaultRecordMapper.ensureAllFieldsPresent(DefaultRecordMapper.java:185)
	at com.datastax.dsbulk.engine.internal.schema.DefaultRecordMapper.map(DefaultRecordMapper.java:106)
	at java.lang.Thread.run(Thread.java:748) [22 skipped]

Resource: file:/Users/brunoguedes/RafaelPOC/sample-data/comment_hasCreator_person_0_0.csv
Position: 50
Source: 343597384743|8796093022232\u000a
com.datastax.dsbulk.engine.internal.schema.InvalidMappingException: Required field comment_id (mapped to column comment_id) was missing from record. Please remove it from the mapping or set schema.allowMissingFields to true.
	at com.datastax.dsbulk.engine.internal.schema.InvalidMappingException.missingField(InvalidMappingException.java:38)
	at com.datastax.dsbulk.engine.internal.schema.DefaultRecordMapper.ensureAllFieldsPresent(DefaultRecordMapper.java:185)
	at com.datastax.dsbulk.engine.internal.schema.DefaultRecordMapper.map(DefaultRecordMapper.java:106)
	at java.lang.Thread.run(Thread.java:748) [22 skipped]

Resource: file:/Users/brunoguedes/RafaelPOC/sample-data/comment_hasCreator_person_0_0.csv
Position: 51
Source: 343597384745|10995116277809\u000a
com.datastax.dsbulk.engine.internal.schema.InvalidMappingException: Required field comment_id (mapped to column comment_id) was missing from record. Please remove it from the mapping or set schema.allowMissingFields to true.
	at com.datastax.dsbulk.engine.internal.schema.InvalidMappingException.missingField(InvalidMappingException.java:38)
	at com.datastax.dsbulk.engine.internal.schema.DefaultRecordMapper.ensureAllFieldsPresent(DefaultRecordMapper.java:185)
	at com.datastax.dsbulk.engine.internal.schema.DefaultRecordMapper.map(DefaultRecordMapper.java:106)
	at java.lang.Thread.run(Thread.java:748) [22 skipped]

Resource: file:/Users/brunoguedes/RafaelPOC/sample-data/comment_hasCreator_person_0_0.csv
Position: 52
Source: 343597384748|4398046511146\u000a
com.datastax.dsbulk.engine.internal.schema.InvalidMappingException: Required field comment_id (mapped to column comment_id) was missing from record. Please remove it from the mapping or set schema.allowMissingFields to true.
	at com.datastax.dsbulk.engine.internal.schema.InvalidMappingException.missingField(InvalidMappingException.java:38)
	at com.datastax.dsbulk.engine.internal.schema.DefaultRecordMapper.ensureAllFieldsPresent(DefaultRecordMapper.java:185)
	at com.datastax.dsbulk.engine.internal.schema.DefaultRecordMapper.map(DefaultRecordMapper.java:106)
	at java.lang.Thread.run(Thread.java:748) [22 skipped]

Resource: file:/Users/brunoguedes/RafaelPOC/sample-data/comment_hasCreator_person_0_0.csv
Position: 53
Source: 343597384749|4398046511109\u000a
com.datastax.dsbulk.engine.internal.schema.InvalidMappingException: Required field comment_id (mapped to column comment_id) was missing from record. Please remove it from the mapping or set schema.allowMissingFields to true.
	at com.datastax.dsbulk.engine.internal.schema.InvalidMappingException.missingField(InvalidMappingException.java:38)
	at com.datastax.dsbulk.engine.internal.schema.DefaultRecordMapper.ensureAllFieldsPresent(DefaultRecordMapper.java:185)
	at com.datastax.dsbulk.engine.internal.schema.DefaultRecordMapper.map(DefaultRecordMapper.java:106)
	at java.lang.Thread.run(Thread.java:748) [22 skipped]

Resource: file:/Users/brunoguedes/RafaelPOC/sample-data/comment_hasCreator_person_0_0.csv
Position: 54
Source: 343597384756|4398046511127\u000a
com.datastax.dsbulk.engine.internal.schema.InvalidMappingException: Required field comment_id (mapped to column comment_id) was missing from record. Please remove it from the mapping or set schema.allowMissingFields to true.
	at com.datastax.dsbulk.engine.internal.schema.InvalidMappingException.missingField(InvalidMappingException.java:38)
	at com.datastax.dsbulk.engine.internal.schema.DefaultRecordMapper.ensureAllFieldsPresent(DefaultRecordMapper.java:185)
	at com.datastax.dsbulk.engine.internal.schema.DefaultRecordMapper.map(DefaultRecordMapper.java:106)
	at java.lang.Thread.run(Thread.java:748) [22 skipped]

Resource: file:/Users/brunoguedes/RafaelPOC/sample-data/comment_hasCreator_person_0_0.csv
Position: 55
Source: 343597384757|2199023255574\u000a
com.datastax.dsbulk.engine.internal.schema.InvalidMappingException: Required field comment_id (mapped to column comment_id) was missing from record. Please remove it from the mapping or set schema.allowMissingFields to true.
	at com.datastax.dsbulk.engine.internal.schema.InvalidMappingException.missingField(InvalidMappingException.java:38)
	at com.datastax.dsbulk.engine.internal.schema.DefaultRecordMapper.ensureAllFieldsPresent(DefaultRecordMapper.java:185)
	at com.datastax.dsbulk.engine.internal.schema.DefaultRecordMapper.map(DefaultRecordMapper.java:106)
	at java.lang.Thread.run(Thread.java:748) [22 skipped]

Resource: file:/Users/brunoguedes/RafaelPOC/sample-data/comment_hasCreator_person_0_0.csv
Position: 56
Source: 343597384758|4398046511109\u000a
com.datastax.dsbulk.engine.internal.schema.InvalidMappingException: Required field comment_id (mapped to column comment_id) was missing from record. Please remove it from the mapping or set schema.allowMissingFields to true.
	at com.datastax.dsbulk.engine.internal.schema.InvalidMappingException.missingField(InvalidMappingException.java:38)
	at com.datastax.dsbulk.engine.internal.schema.DefaultRecordMapper.ensureAllFieldsPresent(DefaultRecordMapper.java:185)
	at com.datastax.dsbulk.engine.internal.schema.DefaultRecordMapper.map(DefaultRecordMapper.java:106)
	at java.lang.Thread.run(Thread.java:748) [22 skipped]

Resource: file:/Users/brunoguedes/RafaelPOC/sample-data/comment_hasCreator_person_0_0.csv
Position: 57
Source: 343597384759|2199023255580\u000a
com.datastax.dsbulk.engine.internal.schema.InvalidMappingException: Required field comment_id (mapped to column comment_id) was missing from record. Please remove it from the mapping or set schema.allowMissingFields to true.
	at com.datastax.dsbulk.engine.internal.schema.InvalidMappingException.missingField(InvalidMappingException.java:38)
	at com.datastax.dsbulk.engine.internal.schema.DefaultRecordMapper.ensureAllFieldsPresent(DefaultRecordMapper.java:185)
	at com.datastax.dsbulk.engine.internal.schema.DefaultRecordMapper.map(DefaultRecordMapper.java:106)
	at java.lang.Thread.run(Thread.java:748) [22 skipped]

Resource: file:/Users/brunoguedes/RafaelPOC/sample-data/comment_hasCreator_person_0_0.csv
Position: 58
Source: 343597384760|6\u000a
com.datastax.dsbulk.engine.internal.schema.InvalidMappingException: Required field comment_id (mapped to column comment_id) was missing from record. Please remove it from the mapping or set schema.allowMissingFields to true.
	at com.datastax.dsbulk.engine.internal.schema.InvalidMappingException.missingField(InvalidMappingException.java:38)
	at com.datastax.dsbulk.engine.internal.schema.DefaultRecordMapper.ensureAllFieldsPresent(DefaultRecordMapper.java:185)
	at com.datastax.dsbulk.engine.internal.schema.DefaultRecordMapper.map(DefaultRecordMapper.java:106)
	at java.lang.Thread.run(Thread.java:748) [22 skipped]

Resource: file:/Users/brunoguedes/RafaelPOC/sample-data/comment_hasCreator_person_0_0.csv
Position: 59
Source: 343597384761|4398046511109\u000a
com.datastax.dsbulk.engine.internal.schema.InvalidMappingException: Required field comment_id (mapped to column comment_id) was missing from record. Please remove it from the mapping or set schema.allowMissingFields to true.
	at com.datastax.dsbulk.engine.internal.schema.InvalidMappingException.missingField(InvalidMappingException.java:38)
	at com.datastax.dsbulk.engine.internal.schema.DefaultRecordMapper.ensureAllFieldsPresent(DefaultRecordMapper.java:185)
	at com.datastax.dsbulk.engine.internal.schema.DefaultRecordMapper.map(DefaultRecordMapper.java:106)
	at java.lang.Thread.run(Thread.java:748) [22 skipped]

Resource: file:/Users/brunoguedes/RafaelPOC/sample-data/comment_hasCreator_person_0_0.csv
Position: 60
Source: 343597384762|2199023255591\u000a
com.datastax.dsbulk.engine.internal.schema.InvalidMappingException: Required field comment_id (mapped to column comment_id) was missing from record. Please remove it from the mapping or set schema.allowMissingFields to true.
	at com.datastax.dsbulk.engine.internal.schema.InvalidMappingException.missingField(InvalidMappingException.java:38)
	at com.datastax.dsbulk.engine.internal.schema.DefaultRecordMapper.ensureAllFieldsPresent(DefaultRecordMapper.java:185)
	at com.datastax.dsbulk.engine.internal.schema.DefaultRecordMapper.map(DefaultRecordMapper.java:106)
	at java.lang.Thread.run(Thread.java:748) [22 skipped]

Resource: file:/Users/brunoguedes/RafaelPOC/sample-data/comment_hasCreator_person_0_0.csv
Position: 61
Source: 343597384763|4398046511146\u000a
com.datastax.dsbulk.engine.internal.schema.InvalidMappingException: Required field comment_id (mapped to column comment_id) was missing from record. Please remove it from the mapping or set schema.allowMissingFields to true.
	at com.datastax.dsbulk.engine.internal.schema.InvalidMappingException.missingField(InvalidMappingException.java:38)
	at com.datastax.dsbulk.engine.internal.schema.DefaultRecordMapper.ensureAllFieldsPresent(DefaultRecordMapper.java:185)
	at com.datastax.dsbulk.engine.internal.schema.DefaultRecordMapper.map(DefaultRecordMapper.java:106)
	at java.lang.Thread.run(Thread.java:748) [22 skipped]

Resource: file:/Users/brunoguedes/RafaelPOC/sample-data/comment_hasCreator_person_0_0.csv
Position: 62
Source: 343597384764|41\u000a
com.datastax.dsbulk.engine.internal.schema.InvalidMappingException: Required field comment_id (mapped to column comment_id) was missing from record. Please remove it from the mapping or set schema.allowMissingFields to true.
	at com.datastax.dsbulk.engine.internal.schema.InvalidMappingException.missingField(InvalidMappingException.java:38)
	at com.datastax.dsbulk.engine.internal.schema.DefaultRecordMapper.ensureAllFieldsPresent(DefaultRecordMapper.java:185)
	at com.datastax.dsbulk.engine.internal.schema.DefaultRecordMapper.map(DefaultRecordMapper.java:106)
	at java.lang.Thread.run(Thread.java:748) [22 skipped]

Resource: file:/Users/brunoguedes/RafaelPOC/sample-data/comment_hasCreator_person_0_0.csv
Position: 63
Source: 343597384765|8796093022215\u000a
com.datastax.dsbulk.engine.internal.schema.InvalidMappingException: Required field comment_id (mapped to column comment_id) was missing from record. Please remove it from the mapping or set schema.allowMissingFields to true.
	at com.datastax.dsbulk.engine.internal.schema.InvalidMappingException.missingField(InvalidMappingException.java:38)
	at com.datastax.dsbulk.engine.internal.schema.DefaultRecordMapper.ensureAllFieldsPresent(DefaultRecordMapper.java:185)
	at com.datastax.dsbulk.engine.internal.schema.DefaultRecordMapper.map(DefaultRecordMapper.java:106)
	at java.lang.Thread.run(Thread.java:748) [22 skipped]

Resource: file:/Users/brunoguedes/RafaelPOC/sample-data/comment_hasCreator_person_0_0.csv
Position: 64
Source: 343597384766|8796093022215\u000a
com.datastax.dsbulk.engine.internal.schema.InvalidMappingException: Required field comment_id (mapped to column comment_id) was missing from record. Please remove it from the mapping or set schema.allowMissingFields to true.
	at com.datastax.dsbulk.engine.internal.schema.InvalidMappingException.missingField(InvalidMappingException.java:38)
	at com.datastax.dsbulk.engine.internal.schema.DefaultRecordMapper.ensureAllFieldsPresent(DefaultRecordMapper.java:185)
	at com.datastax.dsbulk.engine.internal.schema.DefaultRecordMapper.map(DefaultRecordMapper.java:106)
	at java.lang.Thread.run(Thread.java:748) [22 skipped]

