2020-01-15 13:17:45 INFO  Operation directory: /Users/brunoguedes/RafaelPOC/datastax/logs/LOAD_20200115-131745-664985
2020-01-15 13:17:57 WARN  At least 1 record does not match the provided schema.mapping or schema.query. Please check that the connector configuration and the schema configuration are correct.
2020-01-15 13:17:57 ERROR Operation LOAD_20200115-131745-664985 aborted: Too many errors, the maximum allowed is 100.
com.datastax.dsbulk.engine.internal.log.TooManyErrorsException: Too many errors, the maximum allowed is 100.
	at com.datastax.dsbulk.engine.internal.log.LogManager.maybeTriggerOnError(LogManager.java:831)
	at com.datastax.dsbulk.engine.internal.log.LogManager.lambda$newUnmappableStatementsHandler$7(LogManager.java:312)
	at com.datastax.dsbulk.connectors.csv.CSVConnector.lambda$readURL$6(CSVConnector.java:539) [21 skipped]
	at com.datastax.dsbulk.engine.LoadWorkflow.parallelFlux(LoadWorkflow.java:258) [20 skipped]
	at com.datastax.dsbulk.engine.LoadWorkflow.execute(LoadWorkflow.java:191)
	at com.datastax.dsbulk.engine.DataStaxBulkLoader$WorkflowThread.run(DataStaxBulkLoader.java:128)
	Suppressed: java.lang.Exception: #block terminated with an error
		at com.datastax.dsbulk.engine.LoadWorkflow.parallelFlux(LoadWorkflow.java:258) [2 skipped]
		at com.datastax.dsbulk.engine.LoadWorkflow.execute(LoadWorkflow.java:191)
		... 3 common frames omitted
2020-01-15 13:18:04 INFO  Final stats:
2020-01-15 13:18:04 INFO  Records: total: 102, successful: 0, failed: 102
2020-01-15 13:18:04 INFO  Batches: total: 0, size: 0.00 mean, 0 min, 0 max
2020-01-15 13:18:04 INFO  Memory usage: used: 68 MB, free: 92 MB, allocated: 160 MB, available: 3,641 MB, total gc count: 4, total gc time: 49 ms
2020-01-15 13:18:04 INFO  Writes: total: 0, successful: 0, failed: 0, in-flight: 0
2020-01-15 13:18:04 INFO  Throughput: 0 writes/second
2020-01-15 13:18:04 INFO  Latencies: mean 0.00, 75p 0.00, 99p 0.00, 999p 0.00 milliseconds
2020-01-15 13:18:04 INFO  Rejected records can be found in the following file(s): mapping.bad
2020-01-15 13:18:04 INFO  Errors are detailed in the following file(s): mapping-errors.log
2020-01-15 13:18:04 INFO  Last processed positions can be found in positions.txt
