Resource: file:/Users/brunoguedes/RafaelPOC/sample-data/organisation_isLocatedIn_place_0_0.csv
Position: 129
Source: 128|5\u000a
com.datastax.dsbulk.engine.internal.schema.InvalidMappingException: Required field organisation_id (mapped to column organisation_id) was missing from record. Please remove it from the mapping or set schema.allowMissingFields to true.
	at com.datastax.dsbulk.engine.internal.schema.InvalidMappingException.missingField(InvalidMappingException.java:38)
	at com.datastax.dsbulk.engine.internal.schema.DefaultRecordMapper.ensureAllFieldsPresent(DefaultRecordMapper.java:185)
	at com.datastax.dsbulk.engine.internal.schema.DefaultRecordMapper.map(DefaultRecordMapper.java:106)
	at java.lang.Thread.run(Thread.java:748) [22 skipped]

Resource: file:/Users/brunoguedes/RafaelPOC/sample-data/organisation_isLocatedIn_place_0_0.csv
Position: 1
Source: 0|59\u000a
com.datastax.dsbulk.engine.internal.schema.InvalidMappingException: Required field organisation_id (mapped to column organisation_id) was missing from record. Please remove it from the mapping or set schema.allowMissingFields to true.
	at com.datastax.dsbulk.engine.internal.schema.InvalidMappingException.missingField(InvalidMappingException.java:38)
	at com.datastax.dsbulk.engine.internal.schema.DefaultRecordMapper.ensureAllFieldsPresent(DefaultRecordMapper.java:185)
	at com.datastax.dsbulk.engine.internal.schema.DefaultRecordMapper.map(DefaultRecordMapper.java:106)
	at java.lang.Thread.run(Thread.java:748) [22 skipped]

Resource: file:/Users/brunoguedes/RafaelPOC/sample-data/organisation_isLocatedIn_place_0_0.csv
Position: 2
Source: 1|59\u000a
com.datastax.dsbulk.engine.internal.schema.InvalidMappingException: Required field organisation_id (mapped to column organisation_id) was missing from record. Please remove it from the mapping or set schema.allowMissingFields to true.
	at com.datastax.dsbulk.engine.internal.schema.InvalidMappingException.missingField(InvalidMappingException.java:38)
	at com.datastax.dsbulk.engine.internal.schema.DefaultRecordMapper.ensureAllFieldsPresent(DefaultRecordMapper.java:185)
	at com.datastax.dsbulk.engine.internal.schema.DefaultRecordMapper.map(DefaultRecordMapper.java:106)
	at java.lang.Thread.run(Thread.java:748) [22 skipped]

Resource: file:/Users/brunoguedes/RafaelPOC/sample-data/organisation_isLocatedIn_place_0_0.csv
Position: 130
Source: 129|6\u000a
com.datastax.dsbulk.engine.internal.schema.InvalidMappingException: Required field organisation_id (mapped to column organisation_id) was missing from record. Please remove it from the mapping or set schema.allowMissingFields to true.
	at com.datastax.dsbulk.engine.internal.schema.InvalidMappingException.missingField(InvalidMappingException.java:38)
	at com.datastax.dsbulk.engine.internal.schema.DefaultRecordMapper.ensureAllFieldsPresent(DefaultRecordMapper.java:185)
	at com.datastax.dsbulk.engine.internal.schema.DefaultRecordMapper.map(DefaultRecordMapper.java:106)
	at java.lang.Thread.run(Thread.java:748) [22 skipped]

Resource: file:/Users/brunoguedes/RafaelPOC/sample-data/organisation_isLocatedIn_place_0_0.csv
Position: 3
Source: 2|59\u000a
com.datastax.dsbulk.engine.internal.schema.InvalidMappingException: Required field organisation_id (mapped to column organisation_id) was missing from record. Please remove it from the mapping or set schema.allowMissingFields to true.
	at com.datastax.dsbulk.engine.internal.schema.InvalidMappingException.missingField(InvalidMappingException.java:38)
	at com.datastax.dsbulk.engine.internal.schema.DefaultRecordMapper.ensureAllFieldsPresent(DefaultRecordMapper.java:185)
	at com.datastax.dsbulk.engine.internal.schema.DefaultRecordMapper.map(DefaultRecordMapper.java:106)
	at java.lang.Thread.run(Thread.java:748) [22 skipped]

Resource: file:/Users/brunoguedes/RafaelPOC/sample-data/organisation_isLocatedIn_place_0_0.csv
Position: 131
Source: 130|6\u000a
com.datastax.dsbulk.engine.internal.schema.InvalidMappingException: Required field organisation_id (mapped to column organisation_id) was missing from record. Please remove it from the mapping or set schema.allowMissingFields to true.
	at com.datastax.dsbulk.engine.internal.schema.InvalidMappingException.missingField(InvalidMappingException.java:38)
	at com.datastax.dsbulk.engine.internal.schema.DefaultRecordMapper.ensureAllFieldsPresent(DefaultRecordMapper.java:185)
	at com.datastax.dsbulk.engine.internal.schema.DefaultRecordMapper.map(DefaultRecordMapper.java:106)
	at java.lang.Thread.run(Thread.java:748) [22 skipped]

Resource: file:/Users/brunoguedes/RafaelPOC/sample-data/organisation_isLocatedIn_place_0_0.csv
Position: 4
Source: 3|59\u000a
com.datastax.dsbulk.engine.internal.schema.InvalidMappingException: Required field organisation_id (mapped to column organisation_id) was missing from record. Please remove it from the mapping or set schema.allowMissingFields to true.
	at com.datastax.dsbulk.engine.internal.schema.InvalidMappingException.missingField(InvalidMappingException.java:38)
	at com.datastax.dsbulk.engine.internal.schema.DefaultRecordMapper.ensureAllFieldsPresent(DefaultRecordMapper.java:185)
	at com.datastax.dsbulk.engine.internal.schema.DefaultRecordMapper.map(DefaultRecordMapper.java:106)
	at java.lang.Thread.run(Thread.java:748) [22 skipped]

Resource: file:/Users/brunoguedes/RafaelPOC/sample-data/organisation_isLocatedIn_place_0_0.csv
Position: 132
Source: 131|6\u000a
com.datastax.dsbulk.engine.internal.schema.InvalidMappingException: Required field organisation_id (mapped to column organisation_id) was missing from record. Please remove it from the mapping or set schema.allowMissingFields to true.
	at com.datastax.dsbulk.engine.internal.schema.InvalidMappingException.missingField(InvalidMappingException.java:38)
	at com.datastax.dsbulk.engine.internal.schema.DefaultRecordMapper.ensureAllFieldsPresent(DefaultRecordMapper.java:185)
	at com.datastax.dsbulk.engine.internal.schema.DefaultRecordMapper.map(DefaultRecordMapper.java:106)
	at java.lang.Thread.run(Thread.java:748) [22 skipped]

Resource: file:/Users/brunoguedes/RafaelPOC/sample-data/organisation_isLocatedIn_place_0_0.csv
Position: 5
Source: 4|59\u000a
com.datastax.dsbulk.engine.internal.schema.InvalidMappingException: Required field organisation_id (mapped to column organisation_id) was missing from record. Please remove it from the mapping or set schema.allowMissingFields to true.
	at com.datastax.dsbulk.engine.internal.schema.InvalidMappingException.missingField(InvalidMappingException.java:38)
	at com.datastax.dsbulk.engine.internal.schema.DefaultRecordMapper.ensureAllFieldsPresent(DefaultRecordMapper.java:185)
	at com.datastax.dsbulk.engine.internal.schema.DefaultRecordMapper.map(DefaultRecordMapper.java:106)
	at java.lang.Thread.run(Thread.java:748) [22 skipped]

Resource: file:/Users/brunoguedes/RafaelPOC/sample-data/organisation_isLocatedIn_place_0_0.csv
Position: 133
Source: 132|6\u000a
com.datastax.dsbulk.engine.internal.schema.InvalidMappingException: Required field organisation_id (mapped to column organisation_id) was missing from record. Please remove it from the mapping or set schema.allowMissingFields to true.
	at com.datastax.dsbulk.engine.internal.schema.InvalidMappingException.missingField(InvalidMappingException.java:38)
	at com.datastax.dsbulk.engine.internal.schema.DefaultRecordMapper.ensureAllFieldsPresent(DefaultRecordMapper.java:185)
	at com.datastax.dsbulk.engine.internal.schema.DefaultRecordMapper.map(DefaultRecordMapper.java:106)
	at java.lang.Thread.run(Thread.java:748) [22 skipped]

Resource: file:/Users/brunoguedes/RafaelPOC/sample-data/organisation_isLocatedIn_place_0_0.csv
Position: 6
Source: 5|59\u000a
com.datastax.dsbulk.engine.internal.schema.InvalidMappingException: Required field organisation_id (mapped to column organisation_id) was missing from record. Please remove it from the mapping or set schema.allowMissingFields to true.
	at com.datastax.dsbulk.engine.internal.schema.InvalidMappingException.missingField(InvalidMappingException.java:38)
	at com.datastax.dsbulk.engine.internal.schema.DefaultRecordMapper.ensureAllFieldsPresent(DefaultRecordMapper.java:185)
	at com.datastax.dsbulk.engine.internal.schema.DefaultRecordMapper.map(DefaultRecordMapper.java:106)
	at java.lang.Thread.run(Thread.java:748) [22 skipped]

Resource: file:/Users/brunoguedes/RafaelPOC/sample-data/organisation_isLocatedIn_place_0_0.csv
Position: 7
Source: 6|59\u000a
com.datastax.dsbulk.engine.internal.schema.InvalidMappingException: Required field organisation_id (mapped to column organisation_id) was missing from record. Please remove it from the mapping or set schema.allowMissingFields to true.
	at com.datastax.dsbulk.engine.internal.schema.InvalidMappingException.missingField(InvalidMappingException.java:38)
	at com.datastax.dsbulk.engine.internal.schema.DefaultRecordMapper.ensureAllFieldsPresent(DefaultRecordMapper.java:185)
	at com.datastax.dsbulk.engine.internal.schema.DefaultRecordMapper.map(DefaultRecordMapper.java:106)
	at java.lang.Thread.run(Thread.java:748) [22 skipped]

Resource: file:/Users/brunoguedes/RafaelPOC/sample-data/organisation_isLocatedIn_place_0_0.csv
Position: 134
Source: 133|6\u000a
com.datastax.dsbulk.engine.internal.schema.InvalidMappingException: Required field organisation_id (mapped to column organisation_id) was missing from record. Please remove it from the mapping or set schema.allowMissingFields to true.
	at com.datastax.dsbulk.engine.internal.schema.InvalidMappingException.missingField(InvalidMappingException.java:38)
	at com.datastax.dsbulk.engine.internal.schema.DefaultRecordMapper.ensureAllFieldsPresent(DefaultRecordMapper.java:185)
	at com.datastax.dsbulk.engine.internal.schema.DefaultRecordMapper.map(DefaultRecordMapper.java:106)
	at java.lang.Thread.run(Thread.java:748) [22 skipped]

Resource: file:/Users/brunoguedes/RafaelPOC/sample-data/organisation_isLocatedIn_place_0_0.csv
Position: 8
Source: 7|60\u000a
com.datastax.dsbulk.engine.internal.schema.InvalidMappingException: Required field organisation_id (mapped to column organisation_id) was missing from record. Please remove it from the mapping or set schema.allowMissingFields to true.
	at com.datastax.dsbulk.engine.internal.schema.InvalidMappingException.missingField(InvalidMappingException.java:38)
	at com.datastax.dsbulk.engine.internal.schema.DefaultRecordMapper.ensureAllFieldsPresent(DefaultRecordMapper.java:185)
	at com.datastax.dsbulk.engine.internal.schema.DefaultRecordMapper.map(DefaultRecordMapper.java:106)
	at java.lang.Thread.run(Thread.java:748) [22 skipped]

Resource: file:/Users/brunoguedes/RafaelPOC/sample-data/organisation_isLocatedIn_place_0_0.csv
Position: 135
Source: 134|6\u000a
com.datastax.dsbulk.engine.internal.schema.InvalidMappingException: Required field organisation_id (mapped to column organisation_id) was missing from record. Please remove it from the mapping or set schema.allowMissingFields to true.
	at com.datastax.dsbulk.engine.internal.schema.InvalidMappingException.missingField(InvalidMappingException.java:38)
	at com.datastax.dsbulk.engine.internal.schema.DefaultRecordMapper.ensureAllFieldsPresent(DefaultRecordMapper.java:185)
	at com.datastax.dsbulk.engine.internal.schema.DefaultRecordMapper.map(DefaultRecordMapper.java:106)
	at java.lang.Thread.run(Thread.java:748) [22 skipped]

Resource: file:/Users/brunoguedes/RafaelPOC/sample-data/organisation_isLocatedIn_place_0_0.csv
Position: 9
Source: 8|60\u000a
com.datastax.dsbulk.engine.internal.schema.InvalidMappingException: Required field organisation_id (mapped to column organisation_id) was missing from record. Please remove it from the mapping or set schema.allowMissingFields to true.
	at com.datastax.dsbulk.engine.internal.schema.InvalidMappingException.missingField(InvalidMappingException.java:38)
	at com.datastax.dsbulk.engine.internal.schema.DefaultRecordMapper.ensureAllFieldsPresent(DefaultRecordMapper.java:185)
	at com.datastax.dsbulk.engine.internal.schema.DefaultRecordMapper.map(DefaultRecordMapper.java:106)
	at java.lang.Thread.run(Thread.java:748) [22 skipped]

Resource: file:/Users/brunoguedes/RafaelPOC/sample-data/organisation_isLocatedIn_place_0_0.csv
Position: 136
Source: 135|49\u000a
com.datastax.dsbulk.engine.internal.schema.InvalidMappingException: Required field organisation_id (mapped to column organisation_id) was missing from record. Please remove it from the mapping or set schema.allowMissingFields to true.
	at com.datastax.dsbulk.engine.internal.schema.InvalidMappingException.missingField(InvalidMappingException.java:38)
	at com.datastax.dsbulk.engine.internal.schema.DefaultRecordMapper.ensureAllFieldsPresent(DefaultRecordMapper.java:185)
	at com.datastax.dsbulk.engine.internal.schema.DefaultRecordMapper.map(DefaultRecordMapper.java:106)
	at java.lang.Thread.run(Thread.java:748) [22 skipped]

Resource: file:/Users/brunoguedes/RafaelPOC/sample-data/organisation_isLocatedIn_place_0_0.csv
Position: 10
Source: 9|60\u000a
com.datastax.dsbulk.engine.internal.schema.InvalidMappingException: Required field organisation_id (mapped to column organisation_id) was missing from record. Please remove it from the mapping or set schema.allowMissingFields to true.
	at com.datastax.dsbulk.engine.internal.schema.InvalidMappingException.missingField(InvalidMappingException.java:38)
	at com.datastax.dsbulk.engine.internal.schema.DefaultRecordMapper.ensureAllFieldsPresent(DefaultRecordMapper.java:185)
	at com.datastax.dsbulk.engine.internal.schema.DefaultRecordMapper.map(DefaultRecordMapper.java:106)
	at java.lang.Thread.run(Thread.java:748) [22 skipped]

Resource: file:/Users/brunoguedes/RafaelPOC/sample-data/organisation_isLocatedIn_place_0_0.csv
Position: 137
Source: 136|49\u000a
com.datastax.dsbulk.engine.internal.schema.InvalidMappingException: Required field organisation_id (mapped to column organisation_id) was missing from record. Please remove it from the mapping or set schema.allowMissingFields to true.
	at com.datastax.dsbulk.engine.internal.schema.InvalidMappingException.missingField(InvalidMappingException.java:38)
	at com.datastax.dsbulk.engine.internal.schema.DefaultRecordMapper.ensureAllFieldsPresent(DefaultRecordMapper.java:185)
	at com.datastax.dsbulk.engine.internal.schema.DefaultRecordMapper.map(DefaultRecordMapper.java:106)
	at java.lang.Thread.run(Thread.java:748) [22 skipped]

Resource: file:/Users/brunoguedes/RafaelPOC/sample-data/organisation_isLocatedIn_place_0_0.csv
Position: 138
Source: 137|49\u000a
com.datastax.dsbulk.engine.internal.schema.InvalidMappingException: Required field organisation_id (mapped to column organisation_id) was missing from record. Please remove it from the mapping or set schema.allowMissingFields to true.
	at com.datastax.dsbulk.engine.internal.schema.InvalidMappingException.missingField(InvalidMappingException.java:38)
	at com.datastax.dsbulk.engine.internal.schema.DefaultRecordMapper.ensureAllFieldsPresent(DefaultRecordMapper.java:185)
	at com.datastax.dsbulk.engine.internal.schema.DefaultRecordMapper.map(DefaultRecordMapper.java:106)
	at java.lang.Thread.run(Thread.java:748) [22 skipped]

Resource: file:/Users/brunoguedes/RafaelPOC/sample-data/organisation_isLocatedIn_place_0_0.csv
Position: 11
Source: 10|60\u000a
com.datastax.dsbulk.engine.internal.schema.InvalidMappingException: Required field organisation_id (mapped to column organisation_id) was missing from record. Please remove it from the mapping or set schema.allowMissingFields to true.
	at com.datastax.dsbulk.engine.internal.schema.InvalidMappingException.missingField(InvalidMappingException.java:38)
	at com.datastax.dsbulk.engine.internal.schema.DefaultRecordMapper.ensureAllFieldsPresent(DefaultRecordMapper.java:185)
	at com.datastax.dsbulk.engine.internal.schema.DefaultRecordMapper.map(DefaultRecordMapper.java:106)
	at java.lang.Thread.run(Thread.java:748) [22 skipped]

Resource: file:/Users/brunoguedes/RafaelPOC/sample-data/organisation_isLocatedIn_place_0_0.csv
Position: 12
Source: 11|60\u000a
com.datastax.dsbulk.engine.internal.schema.InvalidMappingException: Required field organisation_id (mapped to column organisation_id) was missing from record. Please remove it from the mapping or set schema.allowMissingFields to true.
	at com.datastax.dsbulk.engine.internal.schema.InvalidMappingException.missingField(InvalidMappingException.java:38)
	at com.datastax.dsbulk.engine.internal.schema.DefaultRecordMapper.ensureAllFieldsPresent(DefaultRecordMapper.java:185)
	at com.datastax.dsbulk.engine.internal.schema.DefaultRecordMapper.map(DefaultRecordMapper.java:106)
	at java.lang.Thread.run(Thread.java:748) [22 skipped]

Resource: file:/Users/brunoguedes/RafaelPOC/sample-data/organisation_isLocatedIn_place_0_0.csv
Position: 139
Source: 138|49\u000a
com.datastax.dsbulk.engine.internal.schema.InvalidMappingException: Required field organisation_id (mapped to column organisation_id) was missing from record. Please remove it from the mapping or set schema.allowMissingFields to true.
	at com.datastax.dsbulk.engine.internal.schema.InvalidMappingException.missingField(InvalidMappingException.java:38)
	at com.datastax.dsbulk.engine.internal.schema.DefaultRecordMapper.ensureAllFieldsPresent(DefaultRecordMapper.java:185)
	at com.datastax.dsbulk.engine.internal.schema.DefaultRecordMapper.map(DefaultRecordMapper.java:106)
	at java.lang.Thread.run(Thread.java:748) [22 skipped]

Resource: file:/Users/brunoguedes/RafaelPOC/sample-data/organisation_isLocatedIn_place_0_0.csv
Position: 140
Source: 139|49\u000a
com.datastax.dsbulk.engine.internal.schema.InvalidMappingException: Required field organisation_id (mapped to column organisation_id) was missing from record. Please remove it from the mapping or set schema.allowMissingFields to true.
	at com.datastax.dsbulk.engine.internal.schema.InvalidMappingException.missingField(InvalidMappingException.java:38)
	at com.datastax.dsbulk.engine.internal.schema.DefaultRecordMapper.ensureAllFieldsPresent(DefaultRecordMapper.java:185)
	at com.datastax.dsbulk.engine.internal.schema.DefaultRecordMapper.map(DefaultRecordMapper.java:106)
	at java.lang.Thread.run(Thread.java:748) [22 skipped]

Resource: file:/Users/brunoguedes/RafaelPOC/sample-data/organisation_isLocatedIn_place_0_0.csv
Position: 13
Source: 12|2\u000a
com.datastax.dsbulk.engine.internal.schema.InvalidMappingException: Required field organisation_id (mapped to column organisation_id) was missing from record. Please remove it from the mapping or set schema.allowMissingFields to true.
	at com.datastax.dsbulk.engine.internal.schema.InvalidMappingException.missingField(InvalidMappingException.java:38)
	at com.datastax.dsbulk.engine.internal.schema.DefaultRecordMapper.ensureAllFieldsPresent(DefaultRecordMapper.java:185)
	at com.datastax.dsbulk.engine.internal.schema.DefaultRecordMapper.map(DefaultRecordMapper.java:106)
	at java.lang.Thread.run(Thread.java:748) [22 skipped]

Resource: file:/Users/brunoguedes/RafaelPOC/sample-data/organisation_isLocatedIn_place_0_0.csv
Position: 141
Source: 140|49\u000a
com.datastax.dsbulk.engine.internal.schema.InvalidMappingException: Required field organisation_id (mapped to column organisation_id) was missing from record. Please remove it from the mapping or set schema.allowMissingFields to true.
	at com.datastax.dsbulk.engine.internal.schema.InvalidMappingException.missingField(InvalidMappingException.java:38)
	at com.datastax.dsbulk.engine.internal.schema.DefaultRecordMapper.ensureAllFieldsPresent(DefaultRecordMapper.java:185)
	at com.datastax.dsbulk.engine.internal.schema.DefaultRecordMapper.map(DefaultRecordMapper.java:106)
	at java.lang.Thread.run(Thread.java:748) [22 skipped]

Resource: file:/Users/brunoguedes/RafaelPOC/sample-data/organisation_isLocatedIn_place_0_0.csv
Position: 14
Source: 13|2\u000a
com.datastax.dsbulk.engine.internal.schema.InvalidMappingException: Required field organisation_id (mapped to column organisation_id) was missing from record. Please remove it from the mapping or set schema.allowMissingFields to true.
	at com.datastax.dsbulk.engine.internal.schema.InvalidMappingException.missingField(InvalidMappingException.java:38)
	at com.datastax.dsbulk.engine.internal.schema.DefaultRecordMapper.ensureAllFieldsPresent(DefaultRecordMapper.java:185)
	at com.datastax.dsbulk.engine.internal.schema.DefaultRecordMapper.map(DefaultRecordMapper.java:106)
	at java.lang.Thread.run(Thread.java:748) [22 skipped]

Resource: file:/Users/brunoguedes/RafaelPOC/sample-data/organisation_isLocatedIn_place_0_0.csv
Position: 15
Source: 14|2\u000a
com.datastax.dsbulk.engine.internal.schema.InvalidMappingException: Required field organisation_id (mapped to column organisation_id) was missing from record. Please remove it from the mapping or set schema.allowMissingFields to true.
	at com.datastax.dsbulk.engine.internal.schema.InvalidMappingException.missingField(InvalidMappingException.java:38)
	at com.datastax.dsbulk.engine.internal.schema.DefaultRecordMapper.ensureAllFieldsPresent(DefaultRecordMapper.java:185)
	at com.datastax.dsbulk.engine.internal.schema.DefaultRecordMapper.map(DefaultRecordMapper.java:106)
	at java.lang.Thread.run(Thread.java:748) [22 skipped]

Resource: file:/Users/brunoguedes/RafaelPOC/sample-data/organisation_isLocatedIn_place_0_0.csv
Position: 142
Source: 141|49\u000a
com.datastax.dsbulk.engine.internal.schema.InvalidMappingException: Required field organisation_id (mapped to column organisation_id) was missing from record. Please remove it from the mapping or set schema.allowMissingFields to true.
	at com.datastax.dsbulk.engine.internal.schema.InvalidMappingException.missingField(InvalidMappingException.java:38)
	at com.datastax.dsbulk.engine.internal.schema.DefaultRecordMapper.ensureAllFieldsPresent(DefaultRecordMapper.java:185)
	at com.datastax.dsbulk.engine.internal.schema.DefaultRecordMapper.map(DefaultRecordMapper.java:106)
	at java.lang.Thread.run(Thread.java:748) [22 skipped]

Resource: file:/Users/brunoguedes/RafaelPOC/sample-data/organisation_isLocatedIn_place_0_0.csv
Position: 143
Source: 142|49\u000a
com.datastax.dsbulk.engine.internal.schema.InvalidMappingException: Required field organisation_id (mapped to column organisation_id) was missing from record. Please remove it from the mapping or set schema.allowMissingFields to true.
	at com.datastax.dsbulk.engine.internal.schema.InvalidMappingException.missingField(InvalidMappingException.java:38)
	at com.datastax.dsbulk.engine.internal.schema.DefaultRecordMapper.ensureAllFieldsPresent(DefaultRecordMapper.java:185)
	at com.datastax.dsbulk.engine.internal.schema.DefaultRecordMapper.map(DefaultRecordMapper.java:106)
	at java.lang.Thread.run(Thread.java:748) [22 skipped]

Resource: file:/Users/brunoguedes/RafaelPOC/sample-data/organisation_isLocatedIn_place_0_0.csv
Position: 16
Source: 15|2\u000a
com.datastax.dsbulk.engine.internal.schema.InvalidMappingException: Required field organisation_id (mapped to column organisation_id) was missing from record. Please remove it from the mapping or set schema.allowMissingFields to true.
	at com.datastax.dsbulk.engine.internal.schema.InvalidMappingException.missingField(InvalidMappingException.java:38)
	at com.datastax.dsbulk.engine.internal.schema.DefaultRecordMapper.ensureAllFieldsPresent(DefaultRecordMapper.java:185)
	at com.datastax.dsbulk.engine.internal.schema.DefaultRecordMapper.map(DefaultRecordMapper.java:106)
	at java.lang.Thread.run(Thread.java:748) [22 skipped]

Resource: file:/Users/brunoguedes/RafaelPOC/sample-data/organisation_isLocatedIn_place_0_0.csv
Position: 17
Source: 16|2\u000a
com.datastax.dsbulk.engine.internal.schema.InvalidMappingException: Required field organisation_id (mapped to column organisation_id) was missing from record. Please remove it from the mapping or set schema.allowMissingFields to true.
	at com.datastax.dsbulk.engine.internal.schema.InvalidMappingException.missingField(InvalidMappingException.java:38)
	at com.datastax.dsbulk.engine.internal.schema.DefaultRecordMapper.ensureAllFieldsPresent(DefaultRecordMapper.java:185)
	at com.datastax.dsbulk.engine.internal.schema.DefaultRecordMapper.map(DefaultRecordMapper.java:106)
	at java.lang.Thread.run(Thread.java:748) [22 skipped]

Resource: file:/Users/brunoguedes/RafaelPOC/sample-data/organisation_isLocatedIn_place_0_0.csv
Position: 144
Source: 143|49\u000a
com.datastax.dsbulk.engine.internal.schema.InvalidMappingException: Required field organisation_id (mapped to column organisation_id) was missing from record. Please remove it from the mapping or set schema.allowMissingFields to true.
	at com.datastax.dsbulk.engine.internal.schema.InvalidMappingException.missingField(InvalidMappingException.java:38)
	at com.datastax.dsbulk.engine.internal.schema.DefaultRecordMapper.ensureAllFieldsPresent(DefaultRecordMapper.java:185)
	at com.datastax.dsbulk.engine.internal.schema.DefaultRecordMapper.map(DefaultRecordMapper.java:106)
	at java.lang.Thread.run(Thread.java:748) [22 skipped]

Resource: file:/Users/brunoguedes/RafaelPOC/sample-data/organisation_isLocatedIn_place_0_0.csv
Position: 145
Source: 144|49\u000a
com.datastax.dsbulk.engine.internal.schema.InvalidMappingException: Required field organisation_id (mapped to column organisation_id) was missing from record. Please remove it from the mapping or set schema.allowMissingFields to true.
	at com.datastax.dsbulk.engine.internal.schema.InvalidMappingException.missingField(InvalidMappingException.java:38)
	at com.datastax.dsbulk.engine.internal.schema.DefaultRecordMapper.ensureAllFieldsPresent(DefaultRecordMapper.java:185)
	at com.datastax.dsbulk.engine.internal.schema.DefaultRecordMapper.map(DefaultRecordMapper.java:106)
	at java.lang.Thread.run(Thread.java:748) [22 skipped]

Resource: file:/Users/brunoguedes/RafaelPOC/sample-data/organisation_isLocatedIn_place_0_0.csv
Position: 18
Source: 17|2\u000a
com.datastax.dsbulk.engine.internal.schema.InvalidMappingException: Required field organisation_id (mapped to column organisation_id) was missing from record. Please remove it from the mapping or set schema.allowMissingFields to true.
	at com.datastax.dsbulk.engine.internal.schema.InvalidMappingException.missingField(InvalidMappingException.java:38)
	at com.datastax.dsbulk.engine.internal.schema.DefaultRecordMapper.ensureAllFieldsPresent(DefaultRecordMapper.java:185)
	at com.datastax.dsbulk.engine.internal.schema.DefaultRecordMapper.map(DefaultRecordMapper.java:106)
	at java.lang.Thread.run(Thread.java:748) [22 skipped]

Resource: file:/Users/brunoguedes/RafaelPOC/sample-data/organisation_isLocatedIn_place_0_0.csv
Position: 19
Source: 18|2\u000a
com.datastax.dsbulk.engine.internal.schema.InvalidMappingException: Required field organisation_id (mapped to column organisation_id) was missing from record. Please remove it from the mapping or set schema.allowMissingFields to true.
	at com.datastax.dsbulk.engine.internal.schema.InvalidMappingException.missingField(InvalidMappingException.java:38)
	at com.datastax.dsbulk.engine.internal.schema.DefaultRecordMapper.ensureAllFieldsPresent(DefaultRecordMapper.java:185)
	at com.datastax.dsbulk.engine.internal.schema.DefaultRecordMapper.map(DefaultRecordMapper.java:106)
	at java.lang.Thread.run(Thread.java:748) [22 skipped]

Resource: file:/Users/brunoguedes/RafaelPOC/sample-data/organisation_isLocatedIn_place_0_0.csv
Position: 146
Source: 145|49\u000a
com.datastax.dsbulk.engine.internal.schema.InvalidMappingException: Required field organisation_id (mapped to column organisation_id) was missing from record. Please remove it from the mapping or set schema.allowMissingFields to true.
	at com.datastax.dsbulk.engine.internal.schema.InvalidMappingException.missingField(InvalidMappingException.java:38)
	at com.datastax.dsbulk.engine.internal.schema.DefaultRecordMapper.ensureAllFieldsPresent(DefaultRecordMapper.java:185)
	at com.datastax.dsbulk.engine.internal.schema.DefaultRecordMapper.map(DefaultRecordMapper.java:106)
	at java.lang.Thread.run(Thread.java:748) [22 skipped]

Resource: file:/Users/brunoguedes/RafaelPOC/sample-data/organisation_isLocatedIn_place_0_0.csv
Position: 20
Source: 19|2\u000a
com.datastax.dsbulk.engine.internal.schema.InvalidMappingException: Required field organisation_id (mapped to column organisation_id) was missing from record. Please remove it from the mapping or set schema.allowMissingFields to true.
	at com.datastax.dsbulk.engine.internal.schema.InvalidMappingException.missingField(InvalidMappingException.java:38)
	at com.datastax.dsbulk.engine.internal.schema.DefaultRecordMapper.ensureAllFieldsPresent(DefaultRecordMapper.java:185)
	at com.datastax.dsbulk.engine.internal.schema.DefaultRecordMapper.map(DefaultRecordMapper.java:106)
	at java.lang.Thread.run(Thread.java:748) [22 skipped]

Resource: file:/Users/brunoguedes/RafaelPOC/sample-data/organisation_isLocatedIn_place_0_0.csv
Position: 147
Source: 146|49\u000a
com.datastax.dsbulk.engine.internal.schema.InvalidMappingException: Required field organisation_id (mapped to column organisation_id) was missing from record. Please remove it from the mapping or set schema.allowMissingFields to true.
	at com.datastax.dsbulk.engine.internal.schema.InvalidMappingException.missingField(InvalidMappingException.java:38)
	at com.datastax.dsbulk.engine.internal.schema.DefaultRecordMapper.ensureAllFieldsPresent(DefaultRecordMapper.java:185)
	at com.datastax.dsbulk.engine.internal.schema.DefaultRecordMapper.map(DefaultRecordMapper.java:106)
	at java.lang.Thread.run(Thread.java:748) [22 skipped]

Resource: file:/Users/brunoguedes/RafaelPOC/sample-data/organisation_isLocatedIn_place_0_0.csv
Position: 21
Source: 20|2\u000a
com.datastax.dsbulk.engine.internal.schema.InvalidMappingException: Required field organisation_id (mapped to column organisation_id) was missing from record. Please remove it from the mapping or set schema.allowMissingFields to true.
	at com.datastax.dsbulk.engine.internal.schema.InvalidMappingException.missingField(InvalidMappingException.java:38)
	at com.datastax.dsbulk.engine.internal.schema.DefaultRecordMapper.ensureAllFieldsPresent(DefaultRecordMapper.java:185)
	at com.datastax.dsbulk.engine.internal.schema.DefaultRecordMapper.map(DefaultRecordMapper.java:106)
	at java.lang.Thread.run(Thread.java:748) [22 skipped]

Resource: file:/Users/brunoguedes/RafaelPOC/sample-data/organisation_isLocatedIn_place_0_0.csv
Position: 22
Source: 21|61\u000a
com.datastax.dsbulk.engine.internal.schema.InvalidMappingException: Required field organisation_id (mapped to column organisation_id) was missing from record. Please remove it from the mapping or set schema.allowMissingFields to true.
	at com.datastax.dsbulk.engine.internal.schema.InvalidMappingException.missingField(InvalidMappingException.java:38)
	at com.datastax.dsbulk.engine.internal.schema.DefaultRecordMapper.ensureAllFieldsPresent(DefaultRecordMapper.java:185)
	at com.datastax.dsbulk.engine.internal.schema.DefaultRecordMapper.map(DefaultRecordMapper.java:106)
	at java.lang.Thread.run(Thread.java:748) [22 skipped]

Resource: file:/Users/brunoguedes/RafaelPOC/sample-data/organisation_isLocatedIn_place_0_0.csv
Position: 148
Source: 147|49\u000a
com.datastax.dsbulk.engine.internal.schema.InvalidMappingException: Required field organisation_id (mapped to column organisation_id) was missing from record. Please remove it from the mapping or set schema.allowMissingFields to true.
	at com.datastax.dsbulk.engine.internal.schema.InvalidMappingException.missingField(InvalidMappingException.java:38)
	at com.datastax.dsbulk.engine.internal.schema.DefaultRecordMapper.ensureAllFieldsPresent(DefaultRecordMapper.java:185)
	at com.datastax.dsbulk.engine.internal.schema.DefaultRecordMapper.map(DefaultRecordMapper.java:106)
	at java.lang.Thread.run(Thread.java:748) [22 skipped]

Resource: file:/Users/brunoguedes/RafaelPOC/sample-data/organisation_isLocatedIn_place_0_0.csv
Position: 149
Source: 148|49\u000a
com.datastax.dsbulk.engine.internal.schema.InvalidMappingException: Required field organisation_id (mapped to column organisation_id) was missing from record. Please remove it from the mapping or set schema.allowMissingFields to true.
	at com.datastax.dsbulk.engine.internal.schema.InvalidMappingException.missingField(InvalidMappingException.java:38)
	at com.datastax.dsbulk.engine.internal.schema.DefaultRecordMapper.ensureAllFieldsPresent(DefaultRecordMapper.java:185)
	at com.datastax.dsbulk.engine.internal.schema.DefaultRecordMapper.map(DefaultRecordMapper.java:106)
	at java.lang.Thread.run(Thread.java:748) [22 skipped]

Resource: file:/Users/brunoguedes/RafaelPOC/sample-data/organisation_isLocatedIn_place_0_0.csv
Position: 23
Source: 22|61\u000a
com.datastax.dsbulk.engine.internal.schema.InvalidMappingException: Required field organisation_id (mapped to column organisation_id) was missing from record. Please remove it from the mapping or set schema.allowMissingFields to true.
	at com.datastax.dsbulk.engine.internal.schema.InvalidMappingException.missingField(InvalidMappingException.java:38)
	at com.datastax.dsbulk.engine.internal.schema.DefaultRecordMapper.ensureAllFieldsPresent(DefaultRecordMapper.java:185)
	at com.datastax.dsbulk.engine.internal.schema.DefaultRecordMapper.map(DefaultRecordMapper.java:106)
	at java.lang.Thread.run(Thread.java:748) [22 skipped]

Resource: file:/Users/brunoguedes/RafaelPOC/sample-data/organisation_isLocatedIn_place_0_0.csv
Position: 24
Source: 23|61\u000a
com.datastax.dsbulk.engine.internal.schema.InvalidMappingException: Required field organisation_id (mapped to column organisation_id) was missing from record. Please remove it from the mapping or set schema.allowMissingFields to true.
	at com.datastax.dsbulk.engine.internal.schema.InvalidMappingException.missingField(InvalidMappingException.java:38)
	at com.datastax.dsbulk.engine.internal.schema.DefaultRecordMapper.ensureAllFieldsPresent(DefaultRecordMapper.java:185)
	at com.datastax.dsbulk.engine.internal.schema.DefaultRecordMapper.map(DefaultRecordMapper.java:106)
	at java.lang.Thread.run(Thread.java:748) [22 skipped]

Resource: file:/Users/brunoguedes/RafaelPOC/sample-data/organisation_isLocatedIn_place_0_0.csv
Position: 150
Source: 149|49\u000a
com.datastax.dsbulk.engine.internal.schema.InvalidMappingException: Required field organisation_id (mapped to column organisation_id) was missing from record. Please remove it from the mapping or set schema.allowMissingFields to true.
	at com.datastax.dsbulk.engine.internal.schema.InvalidMappingException.missingField(InvalidMappingException.java:38)
	at com.datastax.dsbulk.engine.internal.schema.DefaultRecordMapper.ensureAllFieldsPresent(DefaultRecordMapper.java:185)
	at com.datastax.dsbulk.engine.internal.schema.DefaultRecordMapper.map(DefaultRecordMapper.java:106)
	at java.lang.Thread.run(Thread.java:748) [22 skipped]

Resource: file:/Users/brunoguedes/RafaelPOC/sample-data/organisation_isLocatedIn_place_0_0.csv
Position: 151
Source: 150|49\u000a
com.datastax.dsbulk.engine.internal.schema.InvalidMappingException: Required field organisation_id (mapped to column organisation_id) was missing from record. Please remove it from the mapping or set schema.allowMissingFields to true.
	at com.datastax.dsbulk.engine.internal.schema.InvalidMappingException.missingField(InvalidMappingException.java:38)
	at com.datastax.dsbulk.engine.internal.schema.DefaultRecordMapper.ensureAllFieldsPresent(DefaultRecordMapper.java:185)
	at com.datastax.dsbulk.engine.internal.schema.DefaultRecordMapper.map(DefaultRecordMapper.java:106)
	at java.lang.Thread.run(Thread.java:748) [22 skipped]

Resource: file:/Users/brunoguedes/RafaelPOC/sample-data/organisation_isLocatedIn_place_0_0.csv
Position: 25
Source: 24|61\u000a
com.datastax.dsbulk.engine.internal.schema.InvalidMappingException: Required field organisation_id (mapped to column organisation_id) was missing from record. Please remove it from the mapping or set schema.allowMissingFields to true.
	at com.datastax.dsbulk.engine.internal.schema.InvalidMappingException.missingField(InvalidMappingException.java:38)
	at com.datastax.dsbulk.engine.internal.schema.DefaultRecordMapper.ensureAllFieldsPresent(DefaultRecordMapper.java:185)
	at com.datastax.dsbulk.engine.internal.schema.DefaultRecordMapper.map(DefaultRecordMapper.java:106)
	at java.lang.Thread.run(Thread.java:748) [22 skipped]

Resource: file:/Users/brunoguedes/RafaelPOC/sample-data/organisation_isLocatedIn_place_0_0.csv
Position: 26
Source: 25|61\u000a
com.datastax.dsbulk.engine.internal.schema.InvalidMappingException: Required field organisation_id (mapped to column organisation_id) was missing from record. Please remove it from the mapping or set schema.allowMissingFields to true.
	at com.datastax.dsbulk.engine.internal.schema.InvalidMappingException.missingField(InvalidMappingException.java:38)
	at com.datastax.dsbulk.engine.internal.schema.DefaultRecordMapper.ensureAllFieldsPresent(DefaultRecordMapper.java:185)
	at com.datastax.dsbulk.engine.internal.schema.DefaultRecordMapper.map(DefaultRecordMapper.java:106)
	at java.lang.Thread.run(Thread.java:748) [22 skipped]

Resource: file:/Users/brunoguedes/RafaelPOC/sample-data/organisation_isLocatedIn_place_0_0.csv
Position: 152
Source: 151|49\u000a
com.datastax.dsbulk.engine.internal.schema.InvalidMappingException: Required field organisation_id (mapped to column organisation_id) was missing from record. Please remove it from the mapping or set schema.allowMissingFields to true.
	at com.datastax.dsbulk.engine.internal.schema.InvalidMappingException.missingField(InvalidMappingException.java:38)
	at com.datastax.dsbulk.engine.internal.schema.DefaultRecordMapper.ensureAllFieldsPresent(DefaultRecordMapper.java:185)
	at com.datastax.dsbulk.engine.internal.schema.DefaultRecordMapper.map(DefaultRecordMapper.java:106)
	at java.lang.Thread.run(Thread.java:748) [22 skipped]

Resource: file:/Users/brunoguedes/RafaelPOC/sample-data/organisation_isLocatedIn_place_0_0.csv
Position: 27
Source: 26|61\u000a
com.datastax.dsbulk.engine.internal.schema.InvalidMappingException: Required field organisation_id (mapped to column organisation_id) was missing from record. Please remove it from the mapping or set schema.allowMissingFields to true.
	at com.datastax.dsbulk.engine.internal.schema.InvalidMappingException.missingField(InvalidMappingException.java:38)
	at com.datastax.dsbulk.engine.internal.schema.DefaultRecordMapper.ensureAllFieldsPresent(DefaultRecordMapper.java:185)
	at com.datastax.dsbulk.engine.internal.schema.DefaultRecordMapper.map(DefaultRecordMapper.java:106)
	at java.lang.Thread.run(Thread.java:748) [22 skipped]

Resource: file:/Users/brunoguedes/RafaelPOC/sample-data/organisation_isLocatedIn_place_0_0.csv
Position: 153
Source: 152|49\u000a
com.datastax.dsbulk.engine.internal.schema.InvalidMappingException: Required field organisation_id (mapped to column organisation_id) was missing from record. Please remove it from the mapping or set schema.allowMissingFields to true.
	at com.datastax.dsbulk.engine.internal.schema.InvalidMappingException.missingField(InvalidMappingException.java:38)
	at com.datastax.dsbulk.engine.internal.schema.DefaultRecordMapper.ensureAllFieldsPresent(DefaultRecordMapper.java:185)
	at com.datastax.dsbulk.engine.internal.schema.DefaultRecordMapper.map(DefaultRecordMapper.java:106)
	at java.lang.Thread.run(Thread.java:748) [22 skipped]

Resource: file:/Users/brunoguedes/RafaelPOC/sample-data/organisation_isLocatedIn_place_0_0.csv
Position: 154
Source: 153|49\u000a
com.datastax.dsbulk.engine.internal.schema.InvalidMappingException: Required field organisation_id (mapped to column organisation_id) was missing from record. Please remove it from the mapping or set schema.allowMissingFields to true.
	at com.datastax.dsbulk.engine.internal.schema.InvalidMappingException.missingField(InvalidMappingException.java:38)
	at com.datastax.dsbulk.engine.internal.schema.DefaultRecordMapper.ensureAllFieldsPresent(DefaultRecordMapper.java:185)
	at com.datastax.dsbulk.engine.internal.schema.DefaultRecordMapper.map(DefaultRecordMapper.java:106)
	at java.lang.Thread.run(Thread.java:748) [22 skipped]

Resource: file:/Users/brunoguedes/RafaelPOC/sample-data/organisation_isLocatedIn_place_0_0.csv
Position: 28
Source: 27|61\u000a
com.datastax.dsbulk.engine.internal.schema.InvalidMappingException: Required field organisation_id (mapped to column organisation_id) was missing from record. Please remove it from the mapping or set schema.allowMissingFields to true.
	at com.datastax.dsbulk.engine.internal.schema.InvalidMappingException.missingField(InvalidMappingException.java:38)
	at com.datastax.dsbulk.engine.internal.schema.DefaultRecordMapper.ensureAllFieldsPresent(DefaultRecordMapper.java:185)
	at com.datastax.dsbulk.engine.internal.schema.DefaultRecordMapper.map(DefaultRecordMapper.java:106)
	at java.lang.Thread.run(Thread.java:748) [22 skipped]

Resource: file:/Users/brunoguedes/RafaelPOC/sample-data/organisation_isLocatedIn_place_0_0.csv
Position: 155
Source: 154|49\u000a
com.datastax.dsbulk.engine.internal.schema.InvalidMappingException: Required field organisation_id (mapped to column organisation_id) was missing from record. Please remove it from the mapping or set schema.allowMissingFields to true.
	at com.datastax.dsbulk.engine.internal.schema.InvalidMappingException.missingField(InvalidMappingException.java:38)
	at com.datastax.dsbulk.engine.internal.schema.DefaultRecordMapper.ensureAllFieldsPresent(DefaultRecordMapper.java:185)
	at com.datastax.dsbulk.engine.internal.schema.DefaultRecordMapper.map(DefaultRecordMapper.java:106)
	at java.lang.Thread.run(Thread.java:748) [22 skipped]

Resource: file:/Users/brunoguedes/RafaelPOC/sample-data/organisation_isLocatedIn_place_0_0.csv
Position: 29
Source: 28|61\u000a
com.datastax.dsbulk.engine.internal.schema.InvalidMappingException: Required field organisation_id (mapped to column organisation_id) was missing from record. Please remove it from the mapping or set schema.allowMissingFields to true.
	at com.datastax.dsbulk.engine.internal.schema.InvalidMappingException.missingField(InvalidMappingException.java:38)
	at com.datastax.dsbulk.engine.internal.schema.DefaultRecordMapper.ensureAllFieldsPresent(DefaultRecordMapper.java:185)
	at com.datastax.dsbulk.engine.internal.schema.DefaultRecordMapper.map(DefaultRecordMapper.java:106)
	at java.lang.Thread.run(Thread.java:748) [22 skipped]

Resource: file:/Users/brunoguedes/RafaelPOC/sample-data/organisation_isLocatedIn_place_0_0.csv
Position: 156
Source: 155|49\u000a
com.datastax.dsbulk.engine.internal.schema.InvalidMappingException: Required field organisation_id (mapped to column organisation_id) was missing from record. Please remove it from the mapping or set schema.allowMissingFields to true.
	at com.datastax.dsbulk.engine.internal.schema.InvalidMappingException.missingField(InvalidMappingException.java:38)
	at com.datastax.dsbulk.engine.internal.schema.DefaultRecordMapper.ensureAllFieldsPresent(DefaultRecordMapper.java:185)
	at com.datastax.dsbulk.engine.internal.schema.DefaultRecordMapper.map(DefaultRecordMapper.java:106)
	at java.lang.Thread.run(Thread.java:748) [22 skipped]

Resource: file:/Users/brunoguedes/RafaelPOC/sample-data/organisation_isLocatedIn_place_0_0.csv
Position: 30
Source: 29|61\u000a
com.datastax.dsbulk.engine.internal.schema.InvalidMappingException: Required field organisation_id (mapped to column organisation_id) was missing from record. Please remove it from the mapping or set schema.allowMissingFields to true.
	at com.datastax.dsbulk.engine.internal.schema.InvalidMappingException.missingField(InvalidMappingException.java:38)
	at com.datastax.dsbulk.engine.internal.schema.DefaultRecordMapper.ensureAllFieldsPresent(DefaultRecordMapper.java:185)
	at com.datastax.dsbulk.engine.internal.schema.DefaultRecordMapper.map(DefaultRecordMapper.java:106)
	at java.lang.Thread.run(Thread.java:748) [22 skipped]

Resource: file:/Users/brunoguedes/RafaelPOC/sample-data/organisation_isLocatedIn_place_0_0.csv
Position: 31
Source: 30|61\u000a
com.datastax.dsbulk.engine.internal.schema.InvalidMappingException: Required field organisation_id (mapped to column organisation_id) was missing from record. Please remove it from the mapping or set schema.allowMissingFields to true.
	at com.datastax.dsbulk.engine.internal.schema.InvalidMappingException.missingField(InvalidMappingException.java:38)
	at com.datastax.dsbulk.engine.internal.schema.DefaultRecordMapper.ensureAllFieldsPresent(DefaultRecordMapper.java:185)
	at com.datastax.dsbulk.engine.internal.schema.DefaultRecordMapper.map(DefaultRecordMapper.java:106)
	at java.lang.Thread.run(Thread.java:748) [22 skipped]

Resource: file:/Users/brunoguedes/RafaelPOC/sample-data/organisation_isLocatedIn_place_0_0.csv
Position: 157
Source: 156|49\u000a
com.datastax.dsbulk.engine.internal.schema.InvalidMappingException: Required field organisation_id (mapped to column organisation_id) was missing from record. Please remove it from the mapping or set schema.allowMissingFields to true.
	at com.datastax.dsbulk.engine.internal.schema.InvalidMappingException.missingField(InvalidMappingException.java:38)
	at com.datastax.dsbulk.engine.internal.schema.DefaultRecordMapper.ensureAllFieldsPresent(DefaultRecordMapper.java:185)
	at com.datastax.dsbulk.engine.internal.schema.DefaultRecordMapper.map(DefaultRecordMapper.java:106)
	at java.lang.Thread.run(Thread.java:748) [22 skipped]

Resource: file:/Users/brunoguedes/RafaelPOC/sample-data/organisation_isLocatedIn_place_0_0.csv
Position: 32
Source: 31|61\u000a
com.datastax.dsbulk.engine.internal.schema.InvalidMappingException: Required field organisation_id (mapped to column organisation_id) was missing from record. Please remove it from the mapping or set schema.allowMissingFields to true.
	at com.datastax.dsbulk.engine.internal.schema.InvalidMappingException.missingField(InvalidMappingException.java:38)
	at com.datastax.dsbulk.engine.internal.schema.DefaultRecordMapper.ensureAllFieldsPresent(DefaultRecordMapper.java:185)
	at com.datastax.dsbulk.engine.internal.schema.DefaultRecordMapper.map(DefaultRecordMapper.java:106)
	at java.lang.Thread.run(Thread.java:748) [22 skipped]

Resource: file:/Users/brunoguedes/RafaelPOC/sample-data/organisation_isLocatedIn_place_0_0.csv
Position: 257
Source: 256|69\u000a
com.datastax.dsbulk.engine.internal.schema.InvalidMappingException: Required field organisation_id (mapped to column organisation_id) was missing from record. Please remove it from the mapping or set schema.allowMissingFields to true.
	at com.datastax.dsbulk.engine.internal.schema.InvalidMappingException.missingField(InvalidMappingException.java:38)
	at com.datastax.dsbulk.engine.internal.schema.DefaultRecordMapper.ensureAllFieldsPresent(DefaultRecordMapper.java:185)
	at com.datastax.dsbulk.engine.internal.schema.DefaultRecordMapper.map(DefaultRecordMapper.java:106)
	at java.lang.Thread.run(Thread.java:748) [22 skipped]

Resource: file:/Users/brunoguedes/RafaelPOC/sample-data/organisation_isLocatedIn_place_0_0.csv
Position: 158
Source: 157|49\u000a
com.datastax.dsbulk.engine.internal.schema.InvalidMappingException: Required field organisation_id (mapped to column organisation_id) was missing from record. Please remove it from the mapping or set schema.allowMissingFields to true.
	at com.datastax.dsbulk.engine.internal.schema.InvalidMappingException.missingField(InvalidMappingException.java:38)
	at com.datastax.dsbulk.engine.internal.schema.DefaultRecordMapper.ensureAllFieldsPresent(DefaultRecordMapper.java:185)
	at com.datastax.dsbulk.engine.internal.schema.DefaultRecordMapper.map(DefaultRecordMapper.java:106)
	at java.lang.Thread.run(Thread.java:748) [22 skipped]

Resource: file:/Users/brunoguedes/RafaelPOC/sample-data/organisation_isLocatedIn_place_0_0.csv
Position: 33
Source: 32|61\u000a
com.datastax.dsbulk.engine.internal.schema.InvalidMappingException: Required field organisation_id (mapped to column organisation_id) was missing from record. Please remove it from the mapping or set schema.allowMissingFields to true.
	at com.datastax.dsbulk.engine.internal.schema.InvalidMappingException.missingField(InvalidMappingException.java:38)
	at com.datastax.dsbulk.engine.internal.schema.DefaultRecordMapper.ensureAllFieldsPresent(DefaultRecordMapper.java:185)
	at com.datastax.dsbulk.engine.internal.schema.DefaultRecordMapper.map(DefaultRecordMapper.java:106)
	at java.lang.Thread.run(Thread.java:748) [22 skipped]

Resource: file:/Users/brunoguedes/RafaelPOC/sample-data/organisation_isLocatedIn_place_0_0.csv
Position: 258
Source: 257|69\u000a
com.datastax.dsbulk.engine.internal.schema.InvalidMappingException: Required field organisation_id (mapped to column organisation_id) was missing from record. Please remove it from the mapping or set schema.allowMissingFields to true.
	at com.datastax.dsbulk.engine.internal.schema.InvalidMappingException.missingField(InvalidMappingException.java:38)
	at com.datastax.dsbulk.engine.internal.schema.DefaultRecordMapper.ensureAllFieldsPresent(DefaultRecordMapper.java:185)
	at com.datastax.dsbulk.engine.internal.schema.DefaultRecordMapper.map(DefaultRecordMapper.java:106)
	at java.lang.Thread.run(Thread.java:748) [22 skipped]

Resource: file:/Users/brunoguedes/RafaelPOC/sample-data/organisation_isLocatedIn_place_0_0.csv
Position: 159
Source: 158|49\u000a
com.datastax.dsbulk.engine.internal.schema.InvalidMappingException: Required field organisation_id (mapped to column organisation_id) was missing from record. Please remove it from the mapping or set schema.allowMissingFields to true.
	at com.datastax.dsbulk.engine.internal.schema.InvalidMappingException.missingField(InvalidMappingException.java:38)
	at com.datastax.dsbulk.engine.internal.schema.DefaultRecordMapper.ensureAllFieldsPresent(DefaultRecordMapper.java:185)
	at com.datastax.dsbulk.engine.internal.schema.DefaultRecordMapper.map(DefaultRecordMapper.java:106)
	at java.lang.Thread.run(Thread.java:748) [22 skipped]

Resource: file:/Users/brunoguedes/RafaelPOC/sample-data/organisation_isLocatedIn_place_0_0.csv
Position: 34
Source: 33|61\u000a
com.datastax.dsbulk.engine.internal.schema.InvalidMappingException: Required field organisation_id (mapped to column organisation_id) was missing from record. Please remove it from the mapping or set schema.allowMissingFields to true.
	at com.datastax.dsbulk.engine.internal.schema.InvalidMappingException.missingField(InvalidMappingException.java:38)
	at com.datastax.dsbulk.engine.internal.schema.DefaultRecordMapper.ensureAllFieldsPresent(DefaultRecordMapper.java:185)
	at com.datastax.dsbulk.engine.internal.schema.DefaultRecordMapper.map(DefaultRecordMapper.java:106)
	at java.lang.Thread.run(Thread.java:748) [22 skipped]

Resource: file:/Users/brunoguedes/RafaelPOC/sample-data/organisation_isLocatedIn_place_0_0.csv
Position: 259
Source: 258|69\u000a
com.datastax.dsbulk.engine.internal.schema.InvalidMappingException: Required field organisation_id (mapped to column organisation_id) was missing from record. Please remove it from the mapping or set schema.allowMissingFields to true.
	at com.datastax.dsbulk.engine.internal.schema.InvalidMappingException.missingField(InvalidMappingException.java:38)
	at com.datastax.dsbulk.engine.internal.schema.DefaultRecordMapper.ensureAllFieldsPresent(DefaultRecordMapper.java:185)
	at com.datastax.dsbulk.engine.internal.schema.DefaultRecordMapper.map(DefaultRecordMapper.java:106)
	at java.lang.Thread.run(Thread.java:748) [22 skipped]

Resource: file:/Users/brunoguedes/RafaelPOC/sample-data/organisation_isLocatedIn_place_0_0.csv
Position: 160
Source: 159|49\u000a
com.datastax.dsbulk.engine.internal.schema.InvalidMappingException: Required field organisation_id (mapped to column organisation_id) was missing from record. Please remove it from the mapping or set schema.allowMissingFields to true.
	at com.datastax.dsbulk.engine.internal.schema.InvalidMappingException.missingField(InvalidMappingException.java:38)
	at com.datastax.dsbulk.engine.internal.schema.DefaultRecordMapper.ensureAllFieldsPresent(DefaultRecordMapper.java:185)
	at com.datastax.dsbulk.engine.internal.schema.DefaultRecordMapper.map(DefaultRecordMapper.java:106)
	at java.lang.Thread.run(Thread.java:748) [22 skipped]

Resource: file:/Users/brunoguedes/RafaelPOC/sample-data/organisation_isLocatedIn_place_0_0.csv
Position: 35
Source: 34|62\u000a
com.datastax.dsbulk.engine.internal.schema.InvalidMappingException: Required field organisation_id (mapped to column organisation_id) was missing from record. Please remove it from the mapping or set schema.allowMissingFields to true.
	at com.datastax.dsbulk.engine.internal.schema.InvalidMappingException.missingField(InvalidMappingException.java:38)
	at com.datastax.dsbulk.engine.internal.schema.DefaultRecordMapper.ensureAllFieldsPresent(DefaultRecordMapper.java:185)
	at com.datastax.dsbulk.engine.internal.schema.DefaultRecordMapper.map(DefaultRecordMapper.java:106)
	at java.lang.Thread.run(Thread.java:748) [22 skipped]

Resource: file:/Users/brunoguedes/RafaelPOC/sample-data/organisation_isLocatedIn_place_0_0.csv
Position: 260
Source: 259|69\u000a
com.datastax.dsbulk.engine.internal.schema.InvalidMappingException: Required field organisation_id (mapped to column organisation_id) was missing from record. Please remove it from the mapping or set schema.allowMissingFields to true.
	at com.datastax.dsbulk.engine.internal.schema.InvalidMappingException.missingField(InvalidMappingException.java:38)
	at com.datastax.dsbulk.engine.internal.schema.DefaultRecordMapper.ensureAllFieldsPresent(DefaultRecordMapper.java:185)
	at com.datastax.dsbulk.engine.internal.schema.DefaultRecordMapper.map(DefaultRecordMapper.java:106)
	at java.lang.Thread.run(Thread.java:748) [22 skipped]

Resource: file:/Users/brunoguedes/RafaelPOC/sample-data/organisation_isLocatedIn_place_0_0.csv
Position: 36
Source: 35|62\u000a
com.datastax.dsbulk.engine.internal.schema.InvalidMappingException: Required field organisation_id (mapped to column organisation_id) was missing from record. Please remove it from the mapping or set schema.allowMissingFields to true.
	at com.datastax.dsbulk.engine.internal.schema.InvalidMappingException.missingField(InvalidMappingException.java:38)
	at com.datastax.dsbulk.engine.internal.schema.DefaultRecordMapper.ensureAllFieldsPresent(DefaultRecordMapper.java:185)
	at com.datastax.dsbulk.engine.internal.schema.DefaultRecordMapper.map(DefaultRecordMapper.java:106)
	at java.lang.Thread.run(Thread.java:748) [22 skipped]

Resource: file:/Users/brunoguedes/RafaelPOC/sample-data/organisation_isLocatedIn_place_0_0.csv
Position: 161
Source: 160|49\u000a
com.datastax.dsbulk.engine.internal.schema.InvalidMappingException: Required field organisation_id (mapped to column organisation_id) was missing from record. Please remove it from the mapping or set schema.allowMissingFields to true.
	at com.datastax.dsbulk.engine.internal.schema.InvalidMappingException.missingField(InvalidMappingException.java:38)
	at com.datastax.dsbulk.engine.internal.schema.DefaultRecordMapper.ensureAllFieldsPresent(DefaultRecordMapper.java:185)
	at com.datastax.dsbulk.engine.internal.schema.DefaultRecordMapper.map(DefaultRecordMapper.java:106)
	at java.lang.Thread.run(Thread.java:748) [22 skipped]

Resource: file:/Users/brunoguedes/RafaelPOC/sample-data/organisation_isLocatedIn_place_0_0.csv
Position: 261
Source: 260|69\u000a
com.datastax.dsbulk.engine.internal.schema.InvalidMappingException: Required field organisation_id (mapped to column organisation_id) was missing from record. Please remove it from the mapping or set schema.allowMissingFields to true.
	at com.datastax.dsbulk.engine.internal.schema.InvalidMappingException.missingField(InvalidMappingException.java:38)
	at com.datastax.dsbulk.engine.internal.schema.DefaultRecordMapper.ensureAllFieldsPresent(DefaultRecordMapper.java:185)
	at com.datastax.dsbulk.engine.internal.schema.DefaultRecordMapper.map(DefaultRecordMapper.java:106)
	at java.lang.Thread.run(Thread.java:748) [22 skipped]

Resource: file:/Users/brunoguedes/RafaelPOC/sample-data/organisation_isLocatedIn_place_0_0.csv
Position: 37
Source: 36|62\u000a
com.datastax.dsbulk.engine.internal.schema.InvalidMappingException: Required field organisation_id (mapped to column organisation_id) was missing from record. Please remove it from the mapping or set schema.allowMissingFields to true.
	at com.datastax.dsbulk.engine.internal.schema.InvalidMappingException.missingField(InvalidMappingException.java:38)
	at com.datastax.dsbulk.engine.internal.schema.DefaultRecordMapper.ensureAllFieldsPresent(DefaultRecordMapper.java:185)
	at com.datastax.dsbulk.engine.internal.schema.DefaultRecordMapper.map(DefaultRecordMapper.java:106)
	at java.lang.Thread.run(Thread.java:748) [22 skipped]

Resource: file:/Users/brunoguedes/RafaelPOC/sample-data/organisation_isLocatedIn_place_0_0.csv
Position: 162
Source: 161|49\u000a
com.datastax.dsbulk.engine.internal.schema.InvalidMappingException: Required field organisation_id (mapped to column organisation_id) was missing from record. Please remove it from the mapping or set schema.allowMissingFields to true.
	at com.datastax.dsbulk.engine.internal.schema.InvalidMappingException.missingField(InvalidMappingException.java:38)
	at com.datastax.dsbulk.engine.internal.schema.DefaultRecordMapper.ensureAllFieldsPresent(DefaultRecordMapper.java:185)
	at com.datastax.dsbulk.engine.internal.schema.DefaultRecordMapper.map(DefaultRecordMapper.java:106)
	at java.lang.Thread.run(Thread.java:748) [22 skipped]

Resource: file:/Users/brunoguedes/RafaelPOC/sample-data/organisation_isLocatedIn_place_0_0.csv
Position: 262
Source: 261|70\u000a
com.datastax.dsbulk.engine.internal.schema.InvalidMappingException: Required field organisation_id (mapped to column organisation_id) was missing from record. Please remove it from the mapping or set schema.allowMissingFields to true.
	at com.datastax.dsbulk.engine.internal.schema.InvalidMappingException.missingField(InvalidMappingException.java:38)
	at com.datastax.dsbulk.engine.internal.schema.DefaultRecordMapper.ensureAllFieldsPresent(DefaultRecordMapper.java:185)
	at com.datastax.dsbulk.engine.internal.schema.DefaultRecordMapper.map(DefaultRecordMapper.java:106)
	at java.lang.Thread.run(Thread.java:748) [22 skipped]

Resource: file:/Users/brunoguedes/RafaelPOC/sample-data/organisation_isLocatedIn_place_0_0.csv
Position: 163
Source: 162|49\u000a
com.datastax.dsbulk.engine.internal.schema.InvalidMappingException: Required field organisation_id (mapped to column organisation_id) was missing from record. Please remove it from the mapping or set schema.allowMissingFields to true.
	at com.datastax.dsbulk.engine.internal.schema.InvalidMappingException.missingField(InvalidMappingException.java:38)
	at com.datastax.dsbulk.engine.internal.schema.DefaultRecordMapper.ensureAllFieldsPresent(DefaultRecordMapper.java:185)
	at com.datastax.dsbulk.engine.internal.schema.DefaultRecordMapper.map(DefaultRecordMapper.java:106)
	at java.lang.Thread.run(Thread.java:748) [22 skipped]

Resource: file:/Users/brunoguedes/RafaelPOC/sample-data/organisation_isLocatedIn_place_0_0.csv
Position: 38
Source: 37|62\u000a
com.datastax.dsbulk.engine.internal.schema.InvalidMappingException: Required field organisation_id (mapped to column organisation_id) was missing from record. Please remove it from the mapping or set schema.allowMissingFields to true.
	at com.datastax.dsbulk.engine.internal.schema.InvalidMappingException.missingField(InvalidMappingException.java:38)
	at com.datastax.dsbulk.engine.internal.schema.DefaultRecordMapper.ensureAllFieldsPresent(DefaultRecordMapper.java:185)
	at com.datastax.dsbulk.engine.internal.schema.DefaultRecordMapper.map(DefaultRecordMapper.java:106)
	at java.lang.Thread.run(Thread.java:748) [22 skipped]

Resource: file:/Users/brunoguedes/RafaelPOC/sample-data/organisation_isLocatedIn_place_0_0.csv
Position: 263
Source: 262|70\u000a
com.datastax.dsbulk.engine.internal.schema.InvalidMappingException: Required field organisation_id (mapped to column organisation_id) was missing from record. Please remove it from the mapping or set schema.allowMissingFields to true.
	at com.datastax.dsbulk.engine.internal.schema.InvalidMappingException.missingField(InvalidMappingException.java:38)
	at com.datastax.dsbulk.engine.internal.schema.DefaultRecordMapper.ensureAllFieldsPresent(DefaultRecordMapper.java:185)
	at com.datastax.dsbulk.engine.internal.schema.DefaultRecordMapper.map(DefaultRecordMapper.java:106)
	at java.lang.Thread.run(Thread.java:748) [22 skipped]

Resource: file:/Users/brunoguedes/RafaelPOC/sample-data/organisation_isLocatedIn_place_0_0.csv
Position: 164
Source: 163|49\u000a
com.datastax.dsbulk.engine.internal.schema.InvalidMappingException: Required field organisation_id (mapped to column organisation_id) was missing from record. Please remove it from the mapping or set schema.allowMissingFields to true.
	at com.datastax.dsbulk.engine.internal.schema.InvalidMappingException.missingField(InvalidMappingException.java:38)
	at com.datastax.dsbulk.engine.internal.schema.DefaultRecordMapper.ensureAllFieldsPresent(DefaultRecordMapper.java:185)
	at com.datastax.dsbulk.engine.internal.schema.DefaultRecordMapper.map(DefaultRecordMapper.java:106)
	at java.lang.Thread.run(Thread.java:748) [22 skipped]

Resource: file:/Users/brunoguedes/RafaelPOC/sample-data/organisation_isLocatedIn_place_0_0.csv
Position: 39
Source: 38|62\u000a
com.datastax.dsbulk.engine.internal.schema.InvalidMappingException: Required field organisation_id (mapped to column organisation_id) was missing from record. Please remove it from the mapping or set schema.allowMissingFields to true.
	at com.datastax.dsbulk.engine.internal.schema.InvalidMappingException.missingField(InvalidMappingException.java:38)
	at com.datastax.dsbulk.engine.internal.schema.DefaultRecordMapper.ensureAllFieldsPresent(DefaultRecordMapper.java:185)
	at com.datastax.dsbulk.engine.internal.schema.DefaultRecordMapper.map(DefaultRecordMapper.java:106)
	at java.lang.Thread.run(Thread.java:748) [22 skipped]

Resource: file:/Users/brunoguedes/RafaelPOC/sample-data/organisation_isLocatedIn_place_0_0.csv
Position: 264
Source: 263|70\u000a
com.datastax.dsbulk.engine.internal.schema.InvalidMappingException: Required field organisation_id (mapped to column organisation_id) was missing from record. Please remove it from the mapping or set schema.allowMissingFields to true.
	at com.datastax.dsbulk.engine.internal.schema.InvalidMappingException.missingField(InvalidMappingException.java:38)
	at com.datastax.dsbulk.engine.internal.schema.DefaultRecordMapper.ensureAllFieldsPresent(DefaultRecordMapper.java:185)
	at com.datastax.dsbulk.engine.internal.schema.DefaultRecordMapper.map(DefaultRecordMapper.java:106)
	at java.lang.Thread.run(Thread.java:748) [22 skipped]

Resource: file:/Users/brunoguedes/RafaelPOC/sample-data/organisation_isLocatedIn_place_0_0.csv
Position: 40
Source: 39|62\u000a
com.datastax.dsbulk.engine.internal.schema.InvalidMappingException: Required field organisation_id (mapped to column organisation_id) was missing from record. Please remove it from the mapping or set schema.allowMissingFields to true.
	at com.datastax.dsbulk.engine.internal.schema.InvalidMappingException.missingField(InvalidMappingException.java:38)
	at com.datastax.dsbulk.engine.internal.schema.DefaultRecordMapper.ensureAllFieldsPresent(DefaultRecordMapper.java:185)
	at com.datastax.dsbulk.engine.internal.schema.DefaultRecordMapper.map(DefaultRecordMapper.java:106)
	at java.lang.Thread.run(Thread.java:748) [22 skipped]

Resource: file:/Users/brunoguedes/RafaelPOC/sample-data/organisation_isLocatedIn_place_0_0.csv
Position: 165
Source: 164|49\u000a
com.datastax.dsbulk.engine.internal.schema.InvalidMappingException: Required field organisation_id (mapped to column organisation_id) was missing from record. Please remove it from the mapping or set schema.allowMissingFields to true.
	at com.datastax.dsbulk.engine.internal.schema.InvalidMappingException.missingField(InvalidMappingException.java:38)
	at com.datastax.dsbulk.engine.internal.schema.DefaultRecordMapper.ensureAllFieldsPresent(DefaultRecordMapper.java:185)
	at com.datastax.dsbulk.engine.internal.schema.DefaultRecordMapper.map(DefaultRecordMapper.java:106)
	at java.lang.Thread.run(Thread.java:748) [22 skipped]

Resource: file:/Users/brunoguedes/RafaelPOC/sample-data/organisation_isLocatedIn_place_0_0.csv
Position: 265
Source: 264|70\u000a
com.datastax.dsbulk.engine.internal.schema.InvalidMappingException: Required field organisation_id (mapped to column organisation_id) was missing from record. Please remove it from the mapping or set schema.allowMissingFields to true.
	at com.datastax.dsbulk.engine.internal.schema.InvalidMappingException.missingField(InvalidMappingException.java:38)
	at com.datastax.dsbulk.engine.internal.schema.DefaultRecordMapper.ensureAllFieldsPresent(DefaultRecordMapper.java:185)
	at com.datastax.dsbulk.engine.internal.schema.DefaultRecordMapper.map(DefaultRecordMapper.java:106)
	at java.lang.Thread.run(Thread.java:748) [22 skipped]

Resource: file:/Users/brunoguedes/RafaelPOC/sample-data/organisation_isLocatedIn_place_0_0.csv
Position: 166
Source: 165|49\u000a
com.datastax.dsbulk.engine.internal.schema.InvalidMappingException: Required field organisation_id (mapped to column organisation_id) was missing from record. Please remove it from the mapping or set schema.allowMissingFields to true.
	at com.datastax.dsbulk.engine.internal.schema.InvalidMappingException.missingField(InvalidMappingException.java:38)
	at com.datastax.dsbulk.engine.internal.schema.DefaultRecordMapper.ensureAllFieldsPresent(DefaultRecordMapper.java:185)
	at com.datastax.dsbulk.engine.internal.schema.DefaultRecordMapper.map(DefaultRecordMapper.java:106)
	at java.lang.Thread.run(Thread.java:748) [22 skipped]

Resource: file:/Users/brunoguedes/RafaelPOC/sample-data/organisation_isLocatedIn_place_0_0.csv
Position: 41
Source: 40|62\u000a
com.datastax.dsbulk.engine.internal.schema.InvalidMappingException: Required field organisation_id (mapped to column organisation_id) was missing from record. Please remove it from the mapping or set schema.allowMissingFields to true.
	at com.datastax.dsbulk.engine.internal.schema.InvalidMappingException.missingField(InvalidMappingException.java:38)
	at com.datastax.dsbulk.engine.internal.schema.DefaultRecordMapper.ensureAllFieldsPresent(DefaultRecordMapper.java:185)
	at com.datastax.dsbulk.engine.internal.schema.DefaultRecordMapper.map(DefaultRecordMapper.java:106)
	at java.lang.Thread.run(Thread.java:748) [22 skipped]

Resource: file:/Users/brunoguedes/RafaelPOC/sample-data/organisation_isLocatedIn_place_0_0.csv
Position: 266
Source: 265|70\u000a
com.datastax.dsbulk.engine.internal.schema.InvalidMappingException: Required field organisation_id (mapped to column organisation_id) was missing from record. Please remove it from the mapping or set schema.allowMissingFields to true.
	at com.datastax.dsbulk.engine.internal.schema.InvalidMappingException.missingField(InvalidMappingException.java:38)
	at com.datastax.dsbulk.engine.internal.schema.DefaultRecordMapper.ensureAllFieldsPresent(DefaultRecordMapper.java:185)
	at com.datastax.dsbulk.engine.internal.schema.DefaultRecordMapper.map(DefaultRecordMapper.java:106)
	at java.lang.Thread.run(Thread.java:748) [22 skipped]

Resource: file:/Users/brunoguedes/RafaelPOC/sample-data/organisation_isLocatedIn_place_0_0.csv
Position: 42
Source: 41|62\u000a
com.datastax.dsbulk.engine.internal.schema.InvalidMappingException: Required field organisation_id (mapped to column organisation_id) was missing from record. Please remove it from the mapping or set schema.allowMissingFields to true.
	at com.datastax.dsbulk.engine.internal.schema.InvalidMappingException.missingField(InvalidMappingException.java:38)
	at com.datastax.dsbulk.engine.internal.schema.DefaultRecordMapper.ensureAllFieldsPresent(DefaultRecordMapper.java:185)
	at com.datastax.dsbulk.engine.internal.schema.DefaultRecordMapper.map(DefaultRecordMapper.java:106)
	at java.lang.Thread.run(Thread.java:748) [22 skipped]

Resource: file:/Users/brunoguedes/RafaelPOC/sample-data/organisation_isLocatedIn_place_0_0.csv
Position: 167
Source: 166|49\u000a
com.datastax.dsbulk.engine.internal.schema.InvalidMappingException: Required field organisation_id (mapped to column organisation_id) was missing from record. Please remove it from the mapping or set schema.allowMissingFields to true.
	at com.datastax.dsbulk.engine.internal.schema.InvalidMappingException.missingField(InvalidMappingException.java:38)
	at com.datastax.dsbulk.engine.internal.schema.DefaultRecordMapper.ensureAllFieldsPresent(DefaultRecordMapper.java:185)
	at com.datastax.dsbulk.engine.internal.schema.DefaultRecordMapper.map(DefaultRecordMapper.java:106)
	at java.lang.Thread.run(Thread.java:748) [22 skipped]

Resource: file:/Users/brunoguedes/RafaelPOC/sample-data/organisation_isLocatedIn_place_0_0.csv
Position: 267
Source: 266|70\u000a
com.datastax.dsbulk.engine.internal.schema.InvalidMappingException: Required field organisation_id (mapped to column organisation_id) was missing from record. Please remove it from the mapping or set schema.allowMissingFields to true.
	at com.datastax.dsbulk.engine.internal.schema.InvalidMappingException.missingField(InvalidMappingException.java:38)
	at com.datastax.dsbulk.engine.internal.schema.DefaultRecordMapper.ensureAllFieldsPresent(DefaultRecordMapper.java:185)
	at com.datastax.dsbulk.engine.internal.schema.DefaultRecordMapper.map(DefaultRecordMapper.java:106)
	at java.lang.Thread.run(Thread.java:748) [22 skipped]

Resource: file:/Users/brunoguedes/RafaelPOC/sample-data/organisation_isLocatedIn_place_0_0.csv
Position: 168
Source: 167|49\u000a
com.datastax.dsbulk.engine.internal.schema.InvalidMappingException: Required field organisation_id (mapped to column organisation_id) was missing from record. Please remove it from the mapping or set schema.allowMissingFields to true.
	at com.datastax.dsbulk.engine.internal.schema.InvalidMappingException.missingField(InvalidMappingException.java:38)
	at com.datastax.dsbulk.engine.internal.schema.DefaultRecordMapper.ensureAllFieldsPresent(DefaultRecordMapper.java:185)
	at com.datastax.dsbulk.engine.internal.schema.DefaultRecordMapper.map(DefaultRecordMapper.java:106)
	at java.lang.Thread.run(Thread.java:748) [22 skipped]

Resource: file:/Users/brunoguedes/RafaelPOC/sample-data/organisation_isLocatedIn_place_0_0.csv
Position: 43
Source: 42|62\u000a
com.datastax.dsbulk.engine.internal.schema.InvalidMappingException: Required field organisation_id (mapped to column organisation_id) was missing from record. Please remove it from the mapping or set schema.allowMissingFields to true.
	at com.datastax.dsbulk.engine.internal.schema.InvalidMappingException.missingField(InvalidMappingException.java:38)
	at com.datastax.dsbulk.engine.internal.schema.DefaultRecordMapper.ensureAllFieldsPresent(DefaultRecordMapper.java:185)
	at com.datastax.dsbulk.engine.internal.schema.DefaultRecordMapper.map(DefaultRecordMapper.java:106)
	at java.lang.Thread.run(Thread.java:748) [22 skipped]

Resource: file:/Users/brunoguedes/RafaelPOC/sample-data/organisation_isLocatedIn_place_0_0.csv
Position: 268
Source: 267|70\u000a
com.datastax.dsbulk.engine.internal.schema.InvalidMappingException: Required field organisation_id (mapped to column organisation_id) was missing from record. Please remove it from the mapping or set schema.allowMissingFields to true.
	at com.datastax.dsbulk.engine.internal.schema.InvalidMappingException.missingField(InvalidMappingException.java:38)
	at com.datastax.dsbulk.engine.internal.schema.DefaultRecordMapper.ensureAllFieldsPresent(DefaultRecordMapper.java:185)
	at com.datastax.dsbulk.engine.internal.schema.DefaultRecordMapper.map(DefaultRecordMapper.java:106)
	at java.lang.Thread.run(Thread.java:748) [22 skipped]

Resource: file:/Users/brunoguedes/RafaelPOC/sample-data/organisation_isLocatedIn_place_0_0.csv
Position: 169
Source: 168|49\u000a
com.datastax.dsbulk.engine.internal.schema.InvalidMappingException: Required field organisation_id (mapped to column organisation_id) was missing from record. Please remove it from the mapping or set schema.allowMissingFields to true.
	at com.datastax.dsbulk.engine.internal.schema.InvalidMappingException.missingField(InvalidMappingException.java:38)
	at com.datastax.dsbulk.engine.internal.schema.DefaultRecordMapper.ensureAllFieldsPresent(DefaultRecordMapper.java:185)
	at com.datastax.dsbulk.engine.internal.schema.DefaultRecordMapper.map(DefaultRecordMapper.java:106)
	at java.lang.Thread.run(Thread.java:748) [22 skipped]

Resource: file:/Users/brunoguedes/RafaelPOC/sample-data/organisation_isLocatedIn_place_0_0.csv
Position: 44
Source: 43|62\u000a
com.datastax.dsbulk.engine.internal.schema.InvalidMappingException: Required field organisation_id (mapped to column organisation_id) was missing from record. Please remove it from the mapping or set schema.allowMissingFields to true.
	at com.datastax.dsbulk.engine.internal.schema.InvalidMappingException.missingField(InvalidMappingException.java:38)
	at com.datastax.dsbulk.engine.internal.schema.DefaultRecordMapper.ensureAllFieldsPresent(DefaultRecordMapper.java:185)
	at com.datastax.dsbulk.engine.internal.schema.DefaultRecordMapper.map(DefaultRecordMapper.java:106)
	at java.lang.Thread.run(Thread.java:748) [22 skipped]

Resource: file:/Users/brunoguedes/RafaelPOC/sample-data/organisation_isLocatedIn_place_0_0.csv
Position: 269
Source: 268|70\u000a
com.datastax.dsbulk.engine.internal.schema.InvalidMappingException: Required field organisation_id (mapped to column organisation_id) was missing from record. Please remove it from the mapping or set schema.allowMissingFields to true.
	at com.datastax.dsbulk.engine.internal.schema.InvalidMappingException.missingField(InvalidMappingException.java:38)
	at com.datastax.dsbulk.engine.internal.schema.DefaultRecordMapper.ensureAllFieldsPresent(DefaultRecordMapper.java:185)
	at com.datastax.dsbulk.engine.internal.schema.DefaultRecordMapper.map(DefaultRecordMapper.java:106)
	at java.lang.Thread.run(Thread.java:748) [22 skipped]

Resource: file:/Users/brunoguedes/RafaelPOC/sample-data/organisation_isLocatedIn_place_0_0.csv
Position: 170
Source: 169|49\u000a
com.datastax.dsbulk.engine.internal.schema.InvalidMappingException: Required field organisation_id (mapped to column organisation_id) was missing from record. Please remove it from the mapping or set schema.allowMissingFields to true.
	at com.datastax.dsbulk.engine.internal.schema.InvalidMappingException.missingField(InvalidMappingException.java:38)
	at com.datastax.dsbulk.engine.internal.schema.DefaultRecordMapper.ensureAllFieldsPresent(DefaultRecordMapper.java:185)
	at com.datastax.dsbulk.engine.internal.schema.DefaultRecordMapper.map(DefaultRecordMapper.java:106)
	at java.lang.Thread.run(Thread.java:748) [22 skipped]

Resource: file:/Users/brunoguedes/RafaelPOC/sample-data/organisation_isLocatedIn_place_0_0.csv
Position: 45
Source: 44|62\u000a
com.datastax.dsbulk.engine.internal.schema.InvalidMappingException: Required field organisation_id (mapped to column organisation_id) was missing from record. Please remove it from the mapping or set schema.allowMissingFields to true.
	at com.datastax.dsbulk.engine.internal.schema.InvalidMappingException.missingField(InvalidMappingException.java:38)
	at com.datastax.dsbulk.engine.internal.schema.DefaultRecordMapper.ensureAllFieldsPresent(DefaultRecordMapper.java:185)
	at com.datastax.dsbulk.engine.internal.schema.DefaultRecordMapper.map(DefaultRecordMapper.java:106)
	at java.lang.Thread.run(Thread.java:748) [22 skipped]

Resource: file:/Users/brunoguedes/RafaelPOC/sample-data/organisation_isLocatedIn_place_0_0.csv
Position: 270
Source: 269|70\u000a
com.datastax.dsbulk.engine.internal.schema.InvalidMappingException: Required field organisation_id (mapped to column organisation_id) was missing from record. Please remove it from the mapping or set schema.allowMissingFields to true.
	at com.datastax.dsbulk.engine.internal.schema.InvalidMappingException.missingField(InvalidMappingException.java:38)
	at com.datastax.dsbulk.engine.internal.schema.DefaultRecordMapper.ensureAllFieldsPresent(DefaultRecordMapper.java:185)
	at com.datastax.dsbulk.engine.internal.schema.DefaultRecordMapper.map(DefaultRecordMapper.java:106)
	at java.lang.Thread.run(Thread.java:748) [22 skipped]

Resource: file:/Users/brunoguedes/RafaelPOC/sample-data/organisation_isLocatedIn_place_0_0.csv
Position: 171
Source: 170|49\u000a
com.datastax.dsbulk.engine.internal.schema.InvalidMappingException: Required field organisation_id (mapped to column organisation_id) was missing from record. Please remove it from the mapping or set schema.allowMissingFields to true.
	at com.datastax.dsbulk.engine.internal.schema.InvalidMappingException.missingField(InvalidMappingException.java:38)
	at com.datastax.dsbulk.engine.internal.schema.DefaultRecordMapper.ensureAllFieldsPresent(DefaultRecordMapper.java:185)
	at com.datastax.dsbulk.engine.internal.schema.DefaultRecordMapper.map(DefaultRecordMapper.java:106)
	at java.lang.Thread.run(Thread.java:748) [22 skipped]

Resource: file:/Users/brunoguedes/RafaelPOC/sample-data/organisation_isLocatedIn_place_0_0.csv
Position: 46
Source: 45|62\u000a
com.datastax.dsbulk.engine.internal.schema.InvalidMappingException: Required field organisation_id (mapped to column organisation_id) was missing from record. Please remove it from the mapping or set schema.allowMissingFields to true.
	at com.datastax.dsbulk.engine.internal.schema.InvalidMappingException.missingField(InvalidMappingException.java:38)
	at com.datastax.dsbulk.engine.internal.schema.DefaultRecordMapper.ensureAllFieldsPresent(DefaultRecordMapper.java:185)
	at com.datastax.dsbulk.engine.internal.schema.DefaultRecordMapper.map(DefaultRecordMapper.java:106)
	at java.lang.Thread.run(Thread.java:748) [22 skipped]

Resource: file:/Users/brunoguedes/RafaelPOC/sample-data/organisation_isLocatedIn_place_0_0.csv
Position: 385
Source: 384|75\u000a
com.datastax.dsbulk.engine.internal.schema.InvalidMappingException: Required field organisation_id (mapped to column organisation_id) was missing from record. Please remove it from the mapping or set schema.allowMissingFields to true.
	at com.datastax.dsbulk.engine.internal.schema.InvalidMappingException.missingField(InvalidMappingException.java:38)
	at com.datastax.dsbulk.engine.internal.schema.DefaultRecordMapper.ensureAllFieldsPresent(DefaultRecordMapper.java:185)
	at com.datastax.dsbulk.engine.internal.schema.DefaultRecordMapper.map(DefaultRecordMapper.java:106)
	at java.lang.Thread.run(Thread.java:748) [22 skipped]

